ERROR - 2023-03-27 21:38:34 --> Error connecting to the database: mysqli_sql_exception: No se puede establecer una conexión ya que el equipo de destino denegó expresamente dicha conexión in C:\xampp\htdocs\Codeigniter4\system\Database\MySQLi\Connection.php:174
Stack trace:
#0 C:\xampp\htdocs\Codeigniter4\system\Database\MySQLi\Connection.php(174): mysqli->real_connect('localhost', 'root', '', 'tiendavideojueg...', 3306, '', 0)
#1 C:\xampp\htdocs\Codeigniter4\system\Database\BaseConnection.php(391): CodeIgniter\Database\MySQLi\Connection->connect(false)
#2 C:\xampp\htdocs\Codeigniter4\system\Database\BaseConnection.php(573): CodeIgniter\Database\BaseConnection->initialize()
#3 C:\xampp\htdocs\Codeigniter4\app\Models\Videojuegos.php(149): CodeIgniter\Database\BaseConnection->query('SELECT nombre F...')
#4 C:\xampp\htdocs\Codeigniter4\app\Controllers\admin\AgregarJuegoController.php(18): App\Models\Videojuegos->getProveedores()
#5 C:\xampp\htdocs\Codeigniter4\system\CodeIgniter.php(934): App\Controllers\admin\AgregarJuegoController->index()
#6 C:\xampp\htdocs\Codeigniter4\system\CodeIgniter.php(499): CodeIgniter\CodeIgniter->runController(Object(App\Controllers\admin\AgregarJuegoController))
#7 C:\xampp\htdocs\Codeigniter4\system\CodeIgniter.php(368): CodeIgniter\CodeIgniter->handleRequest(NULL, Object(Config\Cache), false)
#8 C:\xampp\htdocs\Codeigniter4\index.php(67): CodeIgniter\CodeIgniter->run()
#9 {main}

Next CodeIgniter\Database\Exceptions\DatabaseException: No se puede establecer una conexión ya que el equipo de destino denegó expresamente dicha conexión in C:\xampp\htdocs\Codeigniter4\system\Database\MySQLi\Connection.php:218
Stack trace:
#0 C:\xampp\htdocs\Codeigniter4\system\Database\BaseConnection.php(391): CodeIgniter\Database\MySQLi\Connection->connect(false)
#1 C:\xampp\htdocs\Codeigniter4\system\Database\BaseConnection.php(573): CodeIgniter\Database\BaseConnection->initialize()
#2 C:\xampp\htdocs\Codeigniter4\app\Models\Videojuegos.php(149): CodeIgniter\Database\BaseConnection->query('SELECT nombre F...')
#3 C:\xampp\htdocs\Codeigniter4\app\Controllers\admin\AgregarJuegoController.php(18): App\Models\Videojuegos->getProveedores()
#4 C:\xampp\htdocs\Codeigniter4\system\CodeIgniter.php(934): App\Controllers\admin\AgregarJuegoController->index()
#5 C:\xampp\htdocs\Codeigniter4\system\CodeIgniter.php(499): CodeIgniter\CodeIgniter->runController(Object(App\Controllers\admin\AgregarJuegoController))
#6 C:\xampp\htdocs\Codeigniter4\system\CodeIgniter.php(368): CodeIgniter\CodeIgniter->handleRequest(NULL, Object(Config\Cache), false)
#7 C:\xampp\htdocs\Codeigniter4\index.php(67): CodeIgniter\CodeIgniter->run()
#8 {main}
CRITICAL - 2023-03-27 21:38:34 --> Unable to connect to the database.
Main connection [MySQLi]: No se puede establecer una conexión ya que el equipo de destino denegó expresamente dicha conexión
in SYSTEMPATH\Database\BaseConnection.php on line 427.
 1 SYSTEMPATH\Database\BaseConnection.php(573): CodeIgniter\Database\BaseConnection->initialize()
 2 APPPATH\Models\Videojuegos.php(149): CodeIgniter\Database\BaseConnection->query('SELECT nombre FROM proveedor')
 3 APPPATH\Controllers\admin\AgregarJuegoController.php(18): App\Models\Videojuegos->getProveedores()
 4 SYSTEMPATH\CodeIgniter.php(934): App\Controllers\admin\AgregarJuegoController->index()
 5 SYSTEMPATH\CodeIgniter.php(499): CodeIgniter\CodeIgniter->runController(Object(App\Controllers\admin\AgregarJuegoController))
 6 SYSTEMPATH\CodeIgniter.php(368): CodeIgniter\CodeIgniter->handleRequest(null, Object(Config\Cache), false)
 7 FCPATH\index.php(67): CodeIgniter\CodeIgniter->run()
CRITICAL - 2023-03-27 22:05:00 --> Undefined variable $videojuegos
in APPPATH\Views\admin\registroAdmin.php on line 165.
 1 APPPATH\Views\admin\registroAdmin.php(165): CodeIgniter\Debug\Exceptions->errorHandler(2, 'Undefined variable $videojuegos', 'APPPATH\\Views\\admin\\registroAdmin.php', 165)
 2 SYSTEMPATH\View\View.php(213): include('APPPATH\\Views\\admin\\registroAdmin.php')
 3 SYSTEMPATH\View\View.php(216): CodeIgniter\View\View->CodeIgniter\View\{closure}()
 4 SYSTEMPATH\Common.php(1177): CodeIgniter\View\View->render('admin/registroAdmin', [], true)
 5 APPPATH\Controllers\admin\RegistroAdminController.php(21): view('admin/registroAdmin', [...])
 6 SYSTEMPATH\CodeIgniter.php(934): App\Controllers\admin\RegistroAdminController->index()
 7 SYSTEMPATH\CodeIgniter.php(499): CodeIgniter\CodeIgniter->runController(Object(App\Controllers\admin\RegistroAdminController))
 8 SYSTEMPATH\CodeIgniter.php(368): CodeIgniter\CodeIgniter->handleRequest(null, Object(Config\Cache), false)
 9 FCPATH\index.php(67): CodeIgniter\CodeIgniter->run()
