CRITICAL - 2023-03-23 06:16:13 --> Undefined array key "correo"
in APPPATH\Views\usuario\navbarLog.php on line 56.
 1 APPPATH\Views\usuario\navbarLog.php(56): CodeIgniter\Debug\Exceptions->errorHandler(2, 'Undefined array key "correo"', 'APPPATH\\Views\\usuario\\navbarLog.php', 56)
 2 SYSTEMPATH\View\View.php(213): include('APPPATH\\Views\\usuario\\navbarLog.php')
 3 SYSTEMPATH\View\View.php(216): CodeIgniter\View\View->CodeIgniter\View\{closure}()
 4 SYSTEMPATH\Common.php(1177): CodeIgniter\View\View->render('usuario/navbarLog', [], true)
 5 APPPATH\Controllers\invitado\RegisterController.php(75): view('usuario/navbarLog', [...])
 6 SYSTEMPATH\CodeIgniter.php(934): App\Controllers\invitado\RegisterController->guardar_persona()
 7 SYSTEMPATH\CodeIgniter.php(499): CodeIgniter\CodeIgniter->runController(Object(App\Controllers\invitado\RegisterController))
 8 SYSTEMPATH\CodeIgniter.php(368): CodeIgniter\CodeIgniter->handleRequest(null, Object(Config\Cache), false)
 9 FCPATH\index.php(67): CodeIgniter\CodeIgniter->run()
CRITICAL - 2023-03-23 20:13:05 --> Call to undefined method App\Models\usuario\RegistrarUsuario::traerDatosUsuario
in SYSTEMPATH\Model.php on line 841.
 1 APPPATH\Controllers\ShoppingCarController.php(19): CodeIgniter\Model->__call('traerDatosUsuario', [...])
 2 SYSTEMPATH\CodeIgniter.php(934): App\Controllers\ShoppingCarController->index()
 3 SYSTEMPATH\CodeIgniter.php(499): CodeIgniter\CodeIgniter->runController(Object(App\Controllers\ShoppingCarController))
 4 SYSTEMPATH\CodeIgniter.php(368): CodeIgniter\CodeIgniter->handleRequest(null, Object(Config\Cache), false)
 5 FCPATH\index.php(67): CodeIgniter\CodeIgniter->run()
CRITICAL - 2023-03-23 20:13:32 --> Invalid file: "usuario/navbar.php"
in SYSTEMPATH\Exceptions\FrameworkException.php on line 33.
 1 SYSTEMPATH\View\View.php(201): CodeIgniter\Exceptions\FrameworkException::forInvalidFile('usuario/navbar.php')
 2 SYSTEMPATH\Common.php(1177): CodeIgniter\View\View->render('usuario/navbar', [], true)
 3 APPPATH\Controllers\ShoppingCarController.php(24): view('usuario/navbar')
 4 SYSTEMPATH\CodeIgniter.php(934): App\Controllers\ShoppingCarController->index()
 5 SYSTEMPATH\CodeIgniter.php(499): CodeIgniter\CodeIgniter->runController(Object(App\Controllers\ShoppingCarController))
 6 SYSTEMPATH\CodeIgniter.php(368): CodeIgniter\CodeIgniter->handleRequest(null, Object(Config\Cache), false)
 7 FCPATH\index.php(67): CodeIgniter\CodeIgniter->run()
CRITICAL - 2023-03-23 20:13:56 --> Invalid file: "usuario/navbarInvitado.php"
in SYSTEMPATH\Exceptions\FrameworkException.php on line 33.
 1 SYSTEMPATH\View\View.php(201): CodeIgniter\Exceptions\FrameworkException::forInvalidFile('usuario/navbarInvitado.php')
 2 SYSTEMPATH\Common.php(1177): CodeIgniter\View\View->render('usuario/navbarInvitado', [], true)
 3 APPPATH\Controllers\ShoppingCarController.php(24): view('usuario/navbarInvitado')
 4 SYSTEMPATH\CodeIgniter.php(934): App\Controllers\ShoppingCarController->index()
 5 SYSTEMPATH\CodeIgniter.php(499): CodeIgniter\CodeIgniter->runController(Object(App\Controllers\ShoppingCarController))
 6 SYSTEMPATH\CodeIgniter.php(368): CodeIgniter\CodeIgniter->handleRequest(null, Object(Config\Cache), false)
 7 FCPATH\index.php(67): CodeIgniter\CodeIgniter->run()
CRITICAL - 2023-03-23 20:14:34 --> Invalid file: "invitado/navbarLog.php"
in SYSTEMPATH\Exceptions\FrameworkException.php on line 33.
 1 SYSTEMPATH\View\View.php(201): CodeIgniter\Exceptions\FrameworkException::forInvalidFile('invitado/navbarLog.php')
 2 SYSTEMPATH\Common.php(1177): CodeIgniter\View\View->render('invitado/navbarLog', [], true)
 3 APPPATH\Controllers\ShoppingCarController.php(24): view('invitado/navbarLog')
 4 SYSTEMPATH\CodeIgniter.php(934): App\Controllers\ShoppingCarController->index()
 5 SYSTEMPATH\CodeIgniter.php(499): CodeIgniter\CodeIgniter->runController(Object(App\Controllers\ShoppingCarController))
 6 SYSTEMPATH\CodeIgniter.php(368): CodeIgniter\CodeIgniter->handleRequest(null, Object(Config\Cache), false)
 7 FCPATH\index.php(67): CodeIgniter\CodeIgniter->run()
CRITICAL - 2023-03-23 20:14:43 --> Undefined variable $datosUsuario
in APPPATH\Views\usuario\navbarLog.php on line 55.
 1 APPPATH\Views\usuario\navbarLog.php(55): CodeIgniter\Debug\Exceptions->errorHandler(2, 'Undefined variable $datosUsuario', 'APPPATH\\Views\\usuario\\navbarLog.php', 55)
 2 SYSTEMPATH\View\View.php(213): include('APPPATH\\Views\\usuario\\navbarLog.php')
 3 SYSTEMPATH\View\View.php(216): CodeIgniter\View\View->CodeIgniter\View\{closure}()
 4 SYSTEMPATH\Common.php(1177): CodeIgniter\View\View->render('usuario/navbarLog', [], true)
 5 APPPATH\Controllers\ShoppingCarController.php(24): view('usuario/navbarLog')
 6 SYSTEMPATH\CodeIgniter.php(934): App\Controllers\ShoppingCarController->index()
 7 SYSTEMPATH\CodeIgniter.php(499): CodeIgniter\CodeIgniter->runController(Object(App\Controllers\ShoppingCarController))
 8 SYSTEMPATH\CodeIgniter.php(368): CodeIgniter\CodeIgniter->handleRequest(null, Object(Config\Cache), false)
 9 FCPATH\index.php(67): CodeIgniter\CodeIgniter->run()
CRITICAL - 2023-03-23 20:15:07 --> Call to undefined method App\Models\usuario\RegistrarUsuario::traerDatosUsuario
in SYSTEMPATH\Model.php on line 841.
 1 APPPATH\Controllers\ShoppingCarController.php(19): CodeIgniter\Model->__call('traerDatosUsuario', [...])
 2 SYSTEMPATH\CodeIgniter.php(934): App\Controllers\ShoppingCarController->index()
 3 SYSTEMPATH\CodeIgniter.php(499): CodeIgniter\CodeIgniter->runController(Object(App\Controllers\ShoppingCarController))
 4 SYSTEMPATH\CodeIgniter.php(368): CodeIgniter\CodeIgniter->handleRequest(null, Object(Config\Cache), false)
 5 FCPATH\index.php(67): CodeIgniter\CodeIgniter->run()
CRITICAL - 2023-03-23 20:44:29 --> Undefined variable $listaVideojuegos
in APPPATH\Views\genericos\gamesXbox.php on line 68.
 1 APPPATH\Views\genericos\gamesXbox.php(68): CodeIgniter\Debug\Exceptions->errorHandler(2, 'Undefined variable $listaVideojuegos', 'APPPATH\\Views\\genericos\\gamesXbox.php', 68)
 2 SYSTEMPATH\View\View.php(213): include('APPPATH\\Views\\genericos\\gamesXbox.php')
 3 SYSTEMPATH\View\View.php(216): CodeIgniter\View\View->CodeIgniter\View\{closure}()
 4 SYSTEMPATH\Common.php(1177): CodeIgniter\View\View->render('genericos/gamesXbox', [], true)
 5 APPPATH\Controllers\generico\GamesXboxController.php(60): view('genericos/gamesXbox', [...])
 6 SYSTEMPATH\CodeIgniter.php(934): App\Controllers\generico\GamesXboxController->index()
 7 SYSTEMPATH\CodeIgniter.php(499): CodeIgniter\CodeIgniter->runController(Object(App\Controllers\generico\GamesXboxController))
 8 SYSTEMPATH\CodeIgniter.php(368): CodeIgniter\CodeIgniter->handleRequest(null, Object(Config\Cache), false)
 9 FCPATH\index.php(67): CodeIgniter\CodeIgniter->run()
CRITICAL - 2023-03-23 20:44:53 --> Undefined variable $listaVideojuegos
in APPPATH\Views\genericos\gamesXbox.php on line 68.
 1 APPPATH\Views\genericos\gamesXbox.php(68): CodeIgniter\Debug\Exceptions->errorHandler(2, 'Undefined variable $listaVideojuegos', 'APPPATH\\Views\\genericos\\gamesXbox.php', 68)
 2 SYSTEMPATH\View\View.php(213): include('APPPATH\\Views\\genericos\\gamesXbox.php')
 3 SYSTEMPATH\View\View.php(216): CodeIgniter\View\View->CodeIgniter\View\{closure}()
 4 SYSTEMPATH\Common.php(1177): CodeIgniter\View\View->render('genericos/gamesXbox', [], true)
 5 APPPATH\Controllers\generico\GamesXboxController.php(60): view('genericos/gamesXbox', [...])
 6 SYSTEMPATH\CodeIgniter.php(934): App\Controllers\generico\GamesXboxController->index()
 7 SYSTEMPATH\CodeIgniter.php(499): CodeIgniter\CodeIgniter->runController(Object(App\Controllers\generico\GamesXboxController))
 8 SYSTEMPATH\CodeIgniter.php(368): CodeIgniter\CodeIgniter->handleRequest(null, Object(Config\Cache), false)
 9 FCPATH\index.php(67): CodeIgniter\CodeIgniter->run()
CRITICAL - 2023-03-23 20:48:40 --> Undefined variable $listaVideojuegos
in APPPATH\Views\genericos\gamesXbox.php on line 66.
 1 APPPATH\Views\genericos\gamesXbox.php(66): CodeIgniter\Debug\Exceptions->errorHandler(2, 'Undefined variable $listaVideojuegos', 'APPPATH\\Views\\genericos\\gamesXbox.php', 66)
 2 SYSTEMPATH\View\View.php(213): include('APPPATH\\Views\\genericos\\gamesXbox.php')
 3 SYSTEMPATH\View\View.php(216): CodeIgniter\View\View->CodeIgniter\View\{closure}()
 4 SYSTEMPATH\Common.php(1177): CodeIgniter\View\View->render('genericos/gamesXbox', [], true)
 5 APPPATH\Controllers\generico\GamesXboxController.php(60): view('genericos/gamesXbox', [...])
 6 SYSTEMPATH\CodeIgniter.php(934): App\Controllers\generico\GamesXboxController->index()
 7 SYSTEMPATH\CodeIgniter.php(499): CodeIgniter\CodeIgniter->runController(Object(App\Controllers\generico\GamesXboxController))
 8 SYSTEMPATH\CodeIgniter.php(368): CodeIgniter\CodeIgniter->handleRequest(null, Object(Config\Cache), false)
 9 FCPATH\index.php(67): CodeIgniter\CodeIgniter->run()
CRITICAL - 2023-03-23 20:49:12 --> Undefined variable $listaVideojuegos
in APPPATH\Views\genericos\gamesXbox.php on line 66.
 1 APPPATH\Views\genericos\gamesXbox.php(66): CodeIgniter\Debug\Exceptions->errorHandler(2, 'Undefined variable $listaVideojuegos', 'APPPATH\\Views\\genericos\\gamesXbox.php', 66)
 2 SYSTEMPATH\View\View.php(213): include('APPPATH\\Views\\genericos\\gamesXbox.php')
 3 SYSTEMPATH\View\View.php(216): CodeIgniter\View\View->CodeIgniter\View\{closure}()
 4 SYSTEMPATH\Common.php(1177): CodeIgniter\View\View->render('genericos/gamesXbox', [], true)
 5 APPPATH\Controllers\generico\GamesXboxController.php(60): view('genericos/gamesXbox', [...])
 6 SYSTEMPATH\CodeIgniter.php(934): App\Controllers\generico\GamesXboxController->index()
 7 SYSTEMPATH\CodeIgniter.php(499): CodeIgniter\CodeIgniter->runController(Object(App\Controllers\generico\GamesXboxController))
 8 SYSTEMPATH\CodeIgniter.php(368): CodeIgniter\CodeIgniter->handleRequest(null, Object(Config\Cache), false)
 9 FCPATH\index.php(67): CodeIgniter\CodeIgniter->run()
CRITICAL - 2023-03-23 20:49:21 --> Undefined variable $listaVideojuegos
in APPPATH\Views\genericos\gamesXbox.php on line 66.
 1 APPPATH\Views\genericos\gamesXbox.php(66): CodeIgniter\Debug\Exceptions->errorHandler(2, 'Undefined variable $listaVideojuegos', 'APPPATH\\Views\\genericos\\gamesXbox.php', 66)
 2 SYSTEMPATH\View\View.php(213): include('APPPATH\\Views\\genericos\\gamesXbox.php')
 3 SYSTEMPATH\View\View.php(216): CodeIgniter\View\View->CodeIgniter\View\{closure}()
 4 SYSTEMPATH\Common.php(1177): CodeIgniter\View\View->render('genericos/gamesXbox', [], true)
 5 APPPATH\Controllers\generico\GamesXboxController.php(60): view('genericos/gamesXbox', [...])
 6 SYSTEMPATH\CodeIgniter.php(934): App\Controllers\generico\GamesXboxController->index()
 7 SYSTEMPATH\CodeIgniter.php(499): CodeIgniter\CodeIgniter->runController(Object(App\Controllers\generico\GamesXboxController))
 8 SYSTEMPATH\CodeIgniter.php(368): CodeIgniter\CodeIgniter->handleRequest(null, Object(Config\Cache), false)
 9 FCPATH\index.php(67): CodeIgniter\CodeIgniter->run()
CRITICAL - 2023-03-23 20:53:32 --> Undefined array key "consola"
in APPPATH\Views\genericos\gamesXbox.php on line 70.
 1 APPPATH\Views\genericos\gamesXbox.php(70): CodeIgniter\Debug\Exceptions->errorHandler(2, 'Undefined array key "consola"', 'APPPATH\\Views\\genericos\\gamesXbox.php', 70)
 2 SYSTEMPATH\View\View.php(213): include('APPPATH\\Views\\genericos\\gamesXbox.php')
 3 SYSTEMPATH\View\View.php(216): CodeIgniter\View\View->CodeIgniter\View\{closure}()
 4 SYSTEMPATH\Common.php(1177): CodeIgniter\View\View->render('genericos/gamesXbox', [], true)
 5 APPPATH\Controllers\generico\GamesXboxController.php(60): view('genericos/gamesXbox', [...])
 6 SYSTEMPATH\CodeIgniter.php(934): App\Controllers\generico\GamesXboxController->index()
 7 SYSTEMPATH\CodeIgniter.php(499): CodeIgniter\CodeIgniter->runController(Object(App\Controllers\generico\GamesXboxController))
 8 SYSTEMPATH\CodeIgniter.php(368): CodeIgniter\CodeIgniter->handleRequest(null, Object(Config\Cache), false)
 9 FCPATH\index.php(67): CodeIgniter\CodeIgniter->run()
CRITICAL - 2023-03-23 20:55:23 --> Undefined array key "id"
in APPPATH\Views\genericos\gamesXbox.php on line 70.
 1 APPPATH\Views\genericos\gamesXbox.php(70): CodeIgniter\Debug\Exceptions->errorHandler(2, 'Undefined array key "id"', 'APPPATH\\Views\\genericos\\gamesXbox.php', 70)
 2 SYSTEMPATH\View\View.php(213): include('APPPATH\\Views\\genericos\\gamesXbox.php')
 3 SYSTEMPATH\View\View.php(216): CodeIgniter\View\View->CodeIgniter\View\{closure}()
 4 SYSTEMPATH\Common.php(1177): CodeIgniter\View\View->render('genericos/gamesXbox', [], true)
 5 APPPATH\Controllers\generico\GamesXboxController.php(60): view('genericos/gamesXbox', [...])
 6 SYSTEMPATH\CodeIgniter.php(934): App\Controllers\generico\GamesXboxController->index()
 7 SYSTEMPATH\CodeIgniter.php(499): CodeIgniter\CodeIgniter->runController(Object(App\Controllers\generico\GamesXboxController))
 8 SYSTEMPATH\CodeIgniter.php(368): CodeIgniter\CodeIgniter->handleRequest(null, Object(Config\Cache), false)
 9 FCPATH\index.php(67): CodeIgniter\CodeIgniter->run()
CRITICAL - 2023-03-23 20:55:30 --> Undefined array key "consola"
in APPPATH\Views\genericos\gamesXbox.php on line 70.
 1 APPPATH\Views\genericos\gamesXbox.php(70): CodeIgniter\Debug\Exceptions->errorHandler(2, 'Undefined array key "consola"', 'APPPATH\\Views\\genericos\\gamesXbox.php', 70)
 2 SYSTEMPATH\View\View.php(213): include('APPPATH\\Views\\genericos\\gamesXbox.php')
 3 SYSTEMPATH\View\View.php(216): CodeIgniter\View\View->CodeIgniter\View\{closure}()
 4 SYSTEMPATH\Common.php(1177): CodeIgniter\View\View->render('genericos/gamesXbox', [], true)
 5 APPPATH\Controllers\generico\GamesXboxController.php(60): view('genericos/gamesXbox', [...])
 6 SYSTEMPATH\CodeIgniter.php(934): App\Controllers\generico\GamesXboxController->index()
 7 SYSTEMPATH\CodeIgniter.php(499): CodeIgniter\CodeIgniter->runController(Object(App\Controllers\generico\GamesXboxController))
 8 SYSTEMPATH\CodeIgniter.php(368): CodeIgniter\CodeIgniter->handleRequest(null, Object(Config\Cache), false)
 9 FCPATH\index.php(67): CodeIgniter\CodeIgniter->run()
CRITICAL - 2023-03-23 21:03:52 --> Undefined variable $cantidadVideojuegos
in APPPATH\Views\genericos\gamesXbox.php on line 87.
 1 APPPATH\Views\genericos\gamesXbox.php(87): CodeIgniter\Debug\Exceptions->errorHandler(2, 'Undefined variable $cantidadVideojuegos', 'APPPATH\\Views\\genericos\\gamesXbox.php', 87)
 2 SYSTEMPATH\View\View.php(213): include('APPPATH\\Views\\genericos\\gamesXbox.php')
 3 SYSTEMPATH\View\View.php(216): CodeIgniter\View\View->CodeIgniter\View\{closure}()
 4 SYSTEMPATH\Common.php(1177): CodeIgniter\View\View->render('genericos/gamesXbox', [], true)
 5 APPPATH\Controllers\generico\GamesXboxController.php(60): view('genericos/gamesXbox', [...])
 6 SYSTEMPATH\CodeIgniter.php(934): App\Controllers\generico\GamesXboxController->index()
 7 SYSTEMPATH\CodeIgniter.php(499): CodeIgniter\CodeIgniter->runController(Object(App\Controllers\generico\GamesXboxController))
 8 SYSTEMPATH\CodeIgniter.php(368): CodeIgniter\CodeIgniter->handleRequest(null, Object(Config\Cache), false)
 9 FCPATH\index.php(67): CodeIgniter\CodeIgniter->run()
CRITICAL - 2023-03-23 21:04:18 --> Undefined variable $cantidadPorGenero
in APPPATH\Views\genericos\gamesXbox.php on line 92.
 1 APPPATH\Views\genericos\gamesXbox.php(92): CodeIgniter\Debug\Exceptions->errorHandler(2, 'Undefined variable $cantidadPorGenero', 'APPPATH\\Views\\genericos\\gamesXbox.php', 92)
 2 SYSTEMPATH\View\View.php(213): include('APPPATH\\Views\\genericos\\gamesXbox.php')
 3 SYSTEMPATH\View\View.php(216): CodeIgniter\View\View->CodeIgniter\View\{closure}()
 4 SYSTEMPATH\Common.php(1177): CodeIgniter\View\View->render('genericos/gamesXbox', [], true)
 5 APPPATH\Controllers\generico\GamesXboxController.php(60): view('genericos/gamesXbox', [...])
 6 SYSTEMPATH\CodeIgniter.php(934): App\Controllers\generico\GamesXboxController->index()
 7 SYSTEMPATH\CodeIgniter.php(499): CodeIgniter\CodeIgniter->runController(Object(App\Controllers\generico\GamesXboxController))
 8 SYSTEMPATH\CodeIgniter.php(368): CodeIgniter\CodeIgniter->handleRequest(null, Object(Config\Cache), false)
 9 FCPATH\index.php(67): CodeIgniter\CodeIgniter->run()
CRITICAL - 2023-03-23 21:04:26 --> Undefined variable $cantidadPorGenero
in APPPATH\Views\genericos\gamesXbox.php on line 92.
 1 APPPATH\Views\genericos\gamesXbox.php(92): CodeIgniter\Debug\Exceptions->errorHandler(2, 'Undefined variable $cantidadPorGenero', 'APPPATH\\Views\\genericos\\gamesXbox.php', 92)
 2 SYSTEMPATH\View\View.php(213): include('APPPATH\\Views\\genericos\\gamesXbox.php')
 3 SYSTEMPATH\View\View.php(216): CodeIgniter\View\View->CodeIgniter\View\{closure}()
 4 SYSTEMPATH\Common.php(1177): CodeIgniter\View\View->render('genericos/gamesXbox', [], true)
 5 APPPATH\Controllers\generico\GamesXboxController.php(60): view('genericos/gamesXbox', [...])
 6 SYSTEMPATH\CodeIgniter.php(934): App\Controllers\generico\GamesXboxController->index()
 7 SYSTEMPATH\CodeIgniter.php(499): CodeIgniter\CodeIgniter->runController(Object(App\Controllers\generico\GamesXboxController))
 8 SYSTEMPATH\CodeIgniter.php(368): CodeIgniter\CodeIgniter->handleRequest(null, Object(Config\Cache), false)
 9 FCPATH\index.php(67): CodeIgniter\CodeIgniter->run()
CRITICAL - 2023-03-23 21:04:51 --> Undefined variable $cantidadPorGenero
in APPPATH\Views\genericos\gamesXbox.php on line 92.
 1 APPPATH\Views\genericos\gamesXbox.php(92): CodeIgniter\Debug\Exceptions->errorHandler(2, 'Undefined variable $cantidadPorGenero', 'APPPATH\\Views\\genericos\\gamesXbox.php', 92)
 2 SYSTEMPATH\View\View.php(213): include('APPPATH\\Views\\genericos\\gamesXbox.php')
 3 SYSTEMPATH\View\View.php(216): CodeIgniter\View\View->CodeIgniter\View\{closure}()
 4 SYSTEMPATH\Common.php(1177): CodeIgniter\View\View->render('genericos/gamesXbox', [], true)
 5 APPPATH\Controllers\generico\GamesXboxController.php(60): view('genericos/gamesXbox', [...])
 6 SYSTEMPATH\CodeIgniter.php(934): App\Controllers\generico\GamesXboxController->index()
 7 SYSTEMPATH\CodeIgniter.php(499): CodeIgniter\CodeIgniter->runController(Object(App\Controllers\generico\GamesXboxController))
 8 SYSTEMPATH\CodeIgniter.php(368): CodeIgniter\CodeIgniter->handleRequest(null, Object(Config\Cache), false)
 9 FCPATH\index.php(67): CodeIgniter\CodeIgniter->run()
CRITICAL - 2023-03-23 21:04:56 --> Undefined variable $cantidadPorGenero
in APPPATH\Views\genericos\gamesXbox.php on line 92.
 1 APPPATH\Views\genericos\gamesXbox.php(92): CodeIgniter\Debug\Exceptions->errorHandler(2, 'Undefined variable $cantidadPorGenero', 'APPPATH\\Views\\genericos\\gamesXbox.php', 92)
 2 SYSTEMPATH\View\View.php(213): include('APPPATH\\Views\\genericos\\gamesXbox.php')
 3 SYSTEMPATH\View\View.php(216): CodeIgniter\View\View->CodeIgniter\View\{closure}()
 4 SYSTEMPATH\Common.php(1177): CodeIgniter\View\View->render('genericos/gamesXbox', [], true)
 5 APPPATH\Controllers\generico\GamesXboxController.php(60): view('genericos/gamesXbox', [...])
 6 SYSTEMPATH\CodeIgniter.php(934): App\Controllers\generico\GamesXboxController->index()
 7 SYSTEMPATH\CodeIgniter.php(499): CodeIgniter\CodeIgniter->runController(Object(App\Controllers\generico\GamesXboxController))
 8 SYSTEMPATH\CodeIgniter.php(368): CodeIgniter\CodeIgniter->handleRequest(null, Object(Config\Cache), false)
 9 FCPATH\index.php(67): CodeIgniter\CodeIgniter->run()
CRITICAL - 2023-03-23 21:05:02 --> Undefined variable $cantidadPorGenero
in APPPATH\Views\genericos\gamesXbox.php on line 92.
 1 APPPATH\Views\genericos\gamesXbox.php(92): CodeIgniter\Debug\Exceptions->errorHandler(2, 'Undefined variable $cantidadPorGenero', 'APPPATH\\Views\\genericos\\gamesXbox.php', 92)
 2 SYSTEMPATH\View\View.php(213): include('APPPATH\\Views\\genericos\\gamesXbox.php')
 3 SYSTEMPATH\View\View.php(216): CodeIgniter\View\View->CodeIgniter\View\{closure}()
 4 SYSTEMPATH\Common.php(1177): CodeIgniter\View\View->render('genericos/gamesXbox', [], true)
 5 APPPATH\Controllers\generico\GamesXboxController.php(60): view('genericos/gamesXbox', [...])
 6 SYSTEMPATH\CodeIgniter.php(934): App\Controllers\generico\GamesXboxController->index()
 7 SYSTEMPATH\CodeIgniter.php(499): CodeIgniter\CodeIgniter->runController(Object(App\Controllers\generico\GamesXboxController))
 8 SYSTEMPATH\CodeIgniter.php(368): CodeIgniter\CodeIgniter->handleRequest(null, Object(Config\Cache), false)
 9 FCPATH\index.php(67): CodeIgniter\CodeIgniter->run()
CRITICAL - 2023-03-23 21:17:06 --> Attempt to read property "identificador" on array
in APPPATH\Views\genericos\gamesXbox.php on line 77.
 1 APPPATH\Views\genericos\gamesXbox.php(77): CodeIgniter\Debug\Exceptions->errorHandler(2, 'Attempt to read property "identificador" on array', 'APPPATH\\Views\\genericos\\gamesXbox.php', 77)
 2 SYSTEMPATH\View\View.php(213): include('APPPATH\\Views\\genericos\\gamesXbox.php')
 3 SYSTEMPATH\View\View.php(216): CodeIgniter\View\View->CodeIgniter\View\{closure}()
 4 SYSTEMPATH\Common.php(1177): CodeIgniter\View\View->render('genericos/gamesXbox', [], true)
 5 APPPATH\Controllers\generico\GamesXboxController.php(60): view('genericos/gamesXbox', [...])
 6 SYSTEMPATH\CodeIgniter.php(934): App\Controllers\generico\GamesXboxController->index()
 7 SYSTEMPATH\CodeIgniter.php(499): CodeIgniter\CodeIgniter->runController(Object(App\Controllers\generico\GamesXboxController))
 8 SYSTEMPATH\CodeIgniter.php(368): CodeIgniter\CodeIgniter->handleRequest(null, Object(Config\Cache), false)
 9 FCPATH\index.php(67): CodeIgniter\CodeIgniter->run()
CRITICAL - 2023-03-23 21:18:16 --> Undefined variable $cantidadVideojuegos
in APPPATH\Views\genericos\gamesXbox.php on line 78.
 1 APPPATH\Views\genericos\gamesXbox.php(78): CodeIgniter\Debug\Exceptions->errorHandler(2, 'Undefined variable $cantidadVideojuegos', 'APPPATH\\Views\\genericos\\gamesXbox.php', 78)
 2 SYSTEMPATH\View\View.php(213): include('APPPATH\\Views\\genericos\\gamesXbox.php')
 3 SYSTEMPATH\View\View.php(216): CodeIgniter\View\View->CodeIgniter\View\{closure}()
 4 SYSTEMPATH\Common.php(1177): CodeIgniter\View\View->render('genericos/gamesXbox', [], true)
 5 APPPATH\Controllers\generico\GamesXboxController.php(60): view('genericos/gamesXbox', [...])
 6 SYSTEMPATH\CodeIgniter.php(934): App\Controllers\generico\GamesXboxController->index()
 7 SYSTEMPATH\CodeIgniter.php(499): CodeIgniter\CodeIgniter->runController(Object(App\Controllers\generico\GamesXboxController))
 8 SYSTEMPATH\CodeIgniter.php(368): CodeIgniter\CodeIgniter->handleRequest(null, Object(Config\Cache), false)
 9 FCPATH\index.php(67): CodeIgniter\CodeIgniter->run()
CRITICAL - 2023-03-23 21:27:56 --> Undefined variable $listaVideojuegos
in APPPATH\Views\genericos\gamesplayStation.php on line 106.
 1 APPPATH\Views\genericos\gamesplayStation.php(106): CodeIgniter\Debug\Exceptions->errorHandler(2, 'Undefined variable $listaVideojuegos', 'APPPATH\\Views\\genericos\\gamesplayStation.php', 106)
 2 SYSTEMPATH\View\View.php(213): include('APPPATH\\Views\\genericos\\gamesplayStation.php')
 3 SYSTEMPATH\View\View.php(216): CodeIgniter\View\View->CodeIgniter\View\{closure}()
 4 SYSTEMPATH\Common.php(1177): CodeIgniter\View\View->render('genericos/gamesplayStation', [], true)
 5 APPPATH\Controllers\generico\GamesplayStation.php(20): view('genericos/gamesplayStation', [...])
 6 SYSTEMPATH\CodeIgniter.php(934): App\Controllers\generico\GamesplayStation->index()
 7 SYSTEMPATH\CodeIgniter.php(499): CodeIgniter\CodeIgniter->runController(Object(App\Controllers\generico\GamesplayStation))
 8 SYSTEMPATH\CodeIgniter.php(368): CodeIgniter\CodeIgniter->handleRequest(null, Object(Config\Cache), false)
 9 FCPATH\index.php(67): CodeIgniter\CodeIgniter->run()
CRITICAL - 2023-03-23 21:29:08 --> Undefined variable $videojuegos
in APPPATH\Views\genericos\gamesplayStation.php on line 77.
 1 APPPATH\Views\genericos\gamesplayStation.php(77): CodeIgniter\Debug\Exceptions->errorHandler(2, 'Undefined variable $videojuegos', 'APPPATH\\Views\\genericos\\gamesplayStation.php', 77)
 2 SYSTEMPATH\View\View.php(213): include('APPPATH\\Views\\genericos\\gamesplayStation.php')
 3 SYSTEMPATH\View\View.php(216): CodeIgniter\View\View->CodeIgniter\View\{closure}()
 4 SYSTEMPATH\Common.php(1177): CodeIgniter\View\View->render('genericos/gamesplayStation', [], true)
 5 APPPATH\Controllers\generico\GamesplayStation.php(57): view('genericos/gamesplayStation', [...])
 6 SYSTEMPATH\CodeIgniter.php(934): App\Controllers\generico\GamesplayStation->index()
 7 SYSTEMPATH\CodeIgniter.php(499): CodeIgniter\CodeIgniter->runController(Object(App\Controllers\generico\GamesplayStation))
 8 SYSTEMPATH\CodeIgniter.php(368): CodeIgniter\CodeIgniter->handleRequest(null, Object(Config\Cache), false)
 9 FCPATH\index.php(67): CodeIgniter\CodeIgniter->run()
CRITICAL - 2023-03-23 21:30:02 --> Undefined array key "imagen"
in APPPATH\Views\genericos\gamesplayStation.php on line 82.
 1 APPPATH\Views\genericos\gamesplayStation.php(82): CodeIgniter\Debug\Exceptions->errorHandler(2, 'Undefined array key "imagen"', 'APPPATH\\Views\\genericos\\gamesplayStation.php', 82)
 2 SYSTEMPATH\View\View.php(213): include('APPPATH\\Views\\genericos\\gamesplayStation.php')
 3 SYSTEMPATH\View\View.php(216): CodeIgniter\View\View->CodeIgniter\View\{closure}()
 4 SYSTEMPATH\Common.php(1177): CodeIgniter\View\View->render('genericos/gamesplayStation', [], true)
 5 APPPATH\Controllers\generico\GamesplayStation.php(58): view('genericos/gamesplayStation', [...])
 6 SYSTEMPATH\CodeIgniter.php(934): App\Controllers\generico\GamesplayStation->index()
 7 SYSTEMPATH\CodeIgniter.php(499): CodeIgniter\CodeIgniter->runController(Object(App\Controllers\generico\GamesplayStation))
 8 SYSTEMPATH\CodeIgniter.php(368): CodeIgniter\CodeIgniter->handleRequest(null, Object(Config\Cache), false)
 9 FCPATH\index.php(67): CodeIgniter\CodeIgniter->run()
CRITICAL - 2023-03-23 21:30:20 --> Undefined variable $videojuegos
in APPPATH\Views\genericos\gamesplayStation.php on line 77.
 1 APPPATH\Views\genericos\gamesplayStation.php(77): CodeIgniter\Debug\Exceptions->errorHandler(2, 'Undefined variable $videojuegos', 'APPPATH\\Views\\genericos\\gamesplayStation.php', 77)
 2 SYSTEMPATH\View\View.php(213): include('APPPATH\\Views\\genericos\\gamesplayStation.php')
 3 SYSTEMPATH\View\View.php(216): CodeIgniter\View\View->CodeIgniter\View\{closure}()
 4 SYSTEMPATH\Common.php(1177): CodeIgniter\View\View->render('genericos/gamesplayStation', [], true)
 5 APPPATH\Controllers\generico\GamesplayStation.php(57): view('genericos/gamesplayStation', [...])
 6 SYSTEMPATH\CodeIgniter.php(934): App\Controllers\generico\GamesplayStation->index()
 7 SYSTEMPATH\CodeIgniter.php(499): CodeIgniter\CodeIgniter->runController(Object(App\Controllers\generico\GamesplayStation))
 8 SYSTEMPATH\CodeIgniter.php(368): CodeIgniter\CodeIgniter->handleRequest(null, Object(Config\Cache), false)
 9 FCPATH\index.php(67): CodeIgniter\CodeIgniter->run()
CRITICAL - 2023-03-23 21:30:44 --> Undefined variable $videojuegos
in APPPATH\Views\genericos\gamesplayStation.php on line 77.
 1 APPPATH\Views\genericos\gamesplayStation.php(77): CodeIgniter\Debug\Exceptions->errorHandler(2, 'Undefined variable $videojuegos', 'APPPATH\\Views\\genericos\\gamesplayStation.php', 77)
 2 SYSTEMPATH\View\View.php(213): include('APPPATH\\Views\\genericos\\gamesplayStation.php')
 3 SYSTEMPATH\View\View.php(216): CodeIgniter\View\View->CodeIgniter\View\{closure}()
 4 SYSTEMPATH\Common.php(1177): CodeIgniter\View\View->render('genericos/gamesplayStation', [], true)
 5 APPPATH\Controllers\generico\GamesplayStation.php(57): view('genericos/gamesplayStation', [...])
 6 SYSTEMPATH\CodeIgniter.php(934): App\Controllers\generico\GamesplayStation->index()
 7 SYSTEMPATH\CodeIgniter.php(499): CodeIgniter\CodeIgniter->runController(Object(App\Controllers\generico\GamesplayStation))
 8 SYSTEMPATH\CodeIgniter.php(368): CodeIgniter\CodeIgniter->handleRequest(null, Object(Config\Cache), false)
 9 FCPATH\index.php(67): CodeIgniter\CodeIgniter->run()
CRITICAL - 2023-03-23 21:30:47 --> Undefined variable $videojuegos
in APPPATH\Views\genericos\gamesplayStation.php on line 77.
 1 APPPATH\Views\genericos\gamesplayStation.php(77): CodeIgniter\Debug\Exceptions->errorHandler(2, 'Undefined variable $videojuegos', 'APPPATH\\Views\\genericos\\gamesplayStation.php', 77)
 2 SYSTEMPATH\View\View.php(213): include('APPPATH\\Views\\genericos\\gamesplayStation.php')
 3 SYSTEMPATH\View\View.php(216): CodeIgniter\View\View->CodeIgniter\View\{closure}()
 4 SYSTEMPATH\Common.php(1177): CodeIgniter\View\View->render('genericos/gamesplayStation', [], true)
 5 APPPATH\Controllers\generico\GamesplayStation.php(57): view('genericos/gamesplayStation', [...])
 6 SYSTEMPATH\CodeIgniter.php(934): App\Controllers\generico\GamesplayStation->index()
 7 SYSTEMPATH\CodeIgniter.php(499): CodeIgniter\CodeIgniter->runController(Object(App\Controllers\generico\GamesplayStation))
 8 SYSTEMPATH\CodeIgniter.php(368): CodeIgniter\CodeIgniter->handleRequest(null, Object(Config\Cache), false)
 9 FCPATH\index.php(67): CodeIgniter\CodeIgniter->run()
CRITICAL - 2023-03-23 21:31:05 --> Undefined variable $listaVideojuegos
in APPPATH\Views\genericos\gamesplayStation.php on line 106.
 1 APPPATH\Views\genericos\gamesplayStation.php(106): CodeIgniter\Debug\Exceptions->errorHandler(2, 'Undefined variable $listaVideojuegos', 'APPPATH\\Views\\genericos\\gamesplayStation.php', 106)
 2 SYSTEMPATH\View\View.php(213): include('APPPATH\\Views\\genericos\\gamesplayStation.php')
 3 SYSTEMPATH\View\View.php(216): CodeIgniter\View\View->CodeIgniter\View\{closure}()
 4 SYSTEMPATH\Common.php(1177): CodeIgniter\View\View->render('genericos/gamesplayStation', [], true)
 5 APPPATH\Controllers\generico\GamesplayStation.php(20): view('genericos/gamesplayStation', [...])
 6 SYSTEMPATH\CodeIgniter.php(934): App\Controllers\generico\GamesplayStation->index()
 7 SYSTEMPATH\CodeIgniter.php(499): CodeIgniter\CodeIgniter->runController(Object(App\Controllers\generico\GamesplayStation))
 8 SYSTEMPATH\CodeIgniter.php(368): CodeIgniter\CodeIgniter->handleRequest(null, Object(Config\Cache), false)
 9 FCPATH\index.php(67): CodeIgniter\CodeIgniter->run()
CRITICAL - 2023-03-23 21:33:29 --> Undefined variable $totalGAventuraXboxSS
in APPPATH\Views\genericos\gamesXbox.php on line 55.
 1 APPPATH\Views\genericos\gamesXbox.php(55): CodeIgniter\Debug\Exceptions->errorHandler(2, 'Undefined variable $totalGAventuraXboxSS', 'APPPATH\\Views\\genericos\\gamesXbox.php', 55)
 2 SYSTEMPATH\View\View.php(213): include('APPPATH\\Views\\genericos\\gamesXbox.php')
 3 SYSTEMPATH\View\View.php(216): CodeIgniter\View\View->CodeIgniter\View\{closure}()
 4 SYSTEMPATH\Common.php(1177): CodeIgniter\View\View->render('genericos/gamesXbox', [], true)
 5 APPPATH\Controllers\generico\GamesXboxController.php(52): view('genericos/gamesXbox', [...])
 6 SYSTEMPATH\CodeIgniter.php(934): App\Controllers\generico\GamesXboxController->index()
 7 SYSTEMPATH\CodeIgniter.php(499): CodeIgniter\CodeIgniter->runController(Object(App\Controllers\generico\GamesXboxController))
 8 SYSTEMPATH\CodeIgniter.php(368): CodeIgniter\CodeIgniter->handleRequest(null, Object(Config\Cache), false)
 9 FCPATH\index.php(67): CodeIgniter\CodeIgniter->run()
CRITICAL - 2023-03-23 21:33:37 --> Undefined variable $totalGAventuraXboxSS
in APPPATH\Views\genericos\gamesXbox.php on line 72.
 1 APPPATH\Views\genericos\gamesXbox.php(72): CodeIgniter\Debug\Exceptions->errorHandler(2, 'Undefined variable $totalGAventuraXboxSS', 'APPPATH\\Views\\genericos\\gamesXbox.php', 72)
 2 SYSTEMPATH\View\View.php(213): include('APPPATH\\Views\\genericos\\gamesXbox.php')
 3 SYSTEMPATH\View\View.php(216): CodeIgniter\View\View->CodeIgniter\View\{closure}()
 4 SYSTEMPATH\Common.php(1177): CodeIgniter\View\View->render('genericos/gamesXbox', [], true)
 5 APPPATH\Controllers\generico\GamesXboxController.php(52): view('genericos/gamesXbox', [...])
 6 SYSTEMPATH\CodeIgniter.php(934): App\Controllers\generico\GamesXboxController->index()
 7 SYSTEMPATH\CodeIgniter.php(499): CodeIgniter\CodeIgniter->runController(Object(App\Controllers\generico\GamesXboxController))
 8 SYSTEMPATH\CodeIgniter.php(368): CodeIgniter\CodeIgniter->handleRequest(null, Object(Config\Cache), false)
 9 FCPATH\index.php(67): CodeIgniter\CodeIgniter->run()
CRITICAL - 2023-03-23 21:34:24 --> Undefined variable $totalGAventuraXboxSS
in APPPATH\Views\genericos\gamesXbox.php on line 55.
 1 APPPATH\Views\genericos\gamesXbox.php(55): CodeIgniter\Debug\Exceptions->errorHandler(2, 'Undefined variable $totalGAventuraXboxSS', 'APPPATH\\Views\\genericos\\gamesXbox.php', 55)
 2 SYSTEMPATH\View\View.php(213): include('APPPATH\\Views\\genericos\\gamesXbox.php')
 3 SYSTEMPATH\View\View.php(216): CodeIgniter\View\View->CodeIgniter\View\{closure}()
 4 SYSTEMPATH\Common.php(1177): CodeIgniter\View\View->render('genericos/gamesXbox', [], true)
 5 APPPATH\Controllers\generico\GamesXboxController.php(52): view('genericos/gamesXbox', [...])
 6 SYSTEMPATH\CodeIgniter.php(934): App\Controllers\generico\GamesXboxController->index()
 7 SYSTEMPATH\CodeIgniter.php(499): CodeIgniter\CodeIgniter->runController(Object(App\Controllers\generico\GamesXboxController))
 8 SYSTEMPATH\CodeIgniter.php(368): CodeIgniter\CodeIgniter->handleRequest(null, Object(Config\Cache), false)
 9 FCPATH\index.php(67): CodeIgniter\CodeIgniter->run()
CRITICAL - 2023-03-23 21:34:30 --> Undefined variable $totalGAventuraXboxSS
in APPPATH\Views\genericos\gamesXbox.php on line 72.
 1 APPPATH\Views\genericos\gamesXbox.php(72): CodeIgniter\Debug\Exceptions->errorHandler(2, 'Undefined variable $totalGAventuraXboxSS', 'APPPATH\\Views\\genericos\\gamesXbox.php', 72)
 2 SYSTEMPATH\View\View.php(213): include('APPPATH\\Views\\genericos\\gamesXbox.php')
 3 SYSTEMPATH\View\View.php(216): CodeIgniter\View\View->CodeIgniter\View\{closure}()
 4 SYSTEMPATH\Common.php(1177): CodeIgniter\View\View->render('genericos/gamesXbox', [], true)
 5 APPPATH\Controllers\generico\GamesXboxController.php(52): view('genericos/gamesXbox', [...])
 6 SYSTEMPATH\CodeIgniter.php(934): App\Controllers\generico\GamesXboxController->index()
 7 SYSTEMPATH\CodeIgniter.php(499): CodeIgniter\CodeIgniter->runController(Object(App\Controllers\generico\GamesXboxController))
 8 SYSTEMPATH\CodeIgniter.php(368): CodeIgniter\CodeIgniter->handleRequest(null, Object(Config\Cache), false)
 9 FCPATH\index.php(67): CodeIgniter\CodeIgniter->run()
CRITICAL - 2023-03-23 21:34:51 --> Undefined variable $totalGAventuraXboxSS
in APPPATH\Views\genericos\gamesXbox.php on line 72.
 1 APPPATH\Views\genericos\gamesXbox.php(72): CodeIgniter\Debug\Exceptions->errorHandler(2, 'Undefined variable $totalGAventuraXboxSS', 'APPPATH\\Views\\genericos\\gamesXbox.php', 72)
 2 SYSTEMPATH\View\View.php(213): include('APPPATH\\Views\\genericos\\gamesXbox.php')
 3 SYSTEMPATH\View\View.php(216): CodeIgniter\View\View->CodeIgniter\View\{closure}()
 4 SYSTEMPATH\Common.php(1177): CodeIgniter\View\View->render('genericos/gamesXbox', [], true)
 5 APPPATH\Controllers\generico\GamesXboxController.php(52): view('genericos/gamesXbox', [...])
 6 SYSTEMPATH\CodeIgniter.php(934): App\Controllers\generico\GamesXboxController->index()
 7 SYSTEMPATH\CodeIgniter.php(499): CodeIgniter\CodeIgniter->runController(Object(App\Controllers\generico\GamesXboxController))
 8 SYSTEMPATH\CodeIgniter.php(368): CodeIgniter\CodeIgniter->handleRequest(null, Object(Config\Cache), false)
 9 FCPATH\index.php(67): CodeIgniter\CodeIgniter->run()
CRITICAL - 2023-03-23 21:35:03 --> Undefined variable $totalGAventuraXboxSS
in APPPATH\Views\genericos\gamesXbox.php on line 72.
 1 APPPATH\Views\genericos\gamesXbox.php(72): CodeIgniter\Debug\Exceptions->errorHandler(2, 'Undefined variable $totalGAventuraXboxSS', 'APPPATH\\Views\\genericos\\gamesXbox.php', 72)
 2 SYSTEMPATH\View\View.php(213): include('APPPATH\\Views\\genericos\\gamesXbox.php')
 3 SYSTEMPATH\View\View.php(216): CodeIgniter\View\View->CodeIgniter\View\{closure}()
 4 SYSTEMPATH\Common.php(1177): CodeIgniter\View\View->render('genericos/gamesXbox', [], true)
 5 APPPATH\Controllers\generico\GamesXboxController.php(52): view('genericos/gamesXbox', [...])
 6 SYSTEMPATH\CodeIgniter.php(934): App\Controllers\generico\GamesXboxController->index()
 7 SYSTEMPATH\CodeIgniter.php(499): CodeIgniter\CodeIgniter->runController(Object(App\Controllers\generico\GamesXboxController))
 8 SYSTEMPATH\CodeIgniter.php(368): CodeIgniter\CodeIgniter->handleRequest(null, Object(Config\Cache), false)
 9 FCPATH\index.php(67): CodeIgniter\CodeIgniter->run()
CRITICAL - 2023-03-23 21:35:24 --> Undefined variable $totalJuegosXBOXSS
in APPPATH\Views\genericos\gamesXbox.php on line 55.
 1 APPPATH\Views\genericos\gamesXbox.php(55): CodeIgniter\Debug\Exceptions->errorHandler(2, 'Undefined variable $totalJuegosXBOXSS', 'APPPATH\\Views\\genericos\\gamesXbox.php', 55)
 2 SYSTEMPATH\View\View.php(213): include('APPPATH\\Views\\genericos\\gamesXbox.php')
 3 SYSTEMPATH\View\View.php(216): CodeIgniter\View\View->CodeIgniter\View\{closure}()
 4 SYSTEMPATH\Common.php(1177): CodeIgniter\View\View->render('genericos/gamesXbox', [], true)
 5 APPPATH\Controllers\generico\GamesXboxController.php(52): view('genericos/gamesXbox', [...])
 6 SYSTEMPATH\CodeIgniter.php(934): App\Controllers\generico\GamesXboxController->index()
 7 SYSTEMPATH\CodeIgniter.php(499): CodeIgniter\CodeIgniter->runController(Object(App\Controllers\generico\GamesXboxController))
 8 SYSTEMPATH\CodeIgniter.php(368): CodeIgniter\CodeIgniter->handleRequest(null, Object(Config\Cache), false)
 9 FCPATH\index.php(67): CodeIgniter\CodeIgniter->run()
CRITICAL - 2023-03-23 21:35:51 --> Undefined variable $totalXboxSS
in APPPATH\Views\genericos\gamesXbox.php on line 55.
 1 APPPATH\Views\genericos\gamesXbox.php(55): CodeIgniter\Debug\Exceptions->errorHandler(2, 'Undefined variable $totalXboxSS', 'APPPATH\\Views\\genericos\\gamesXbox.php', 55)
 2 SYSTEMPATH\View\View.php(213): include('APPPATH\\Views\\genericos\\gamesXbox.php')
 3 SYSTEMPATH\View\View.php(216): CodeIgniter\View\View->CodeIgniter\View\{closure}()
 4 SYSTEMPATH\Common.php(1177): CodeIgniter\View\View->render('genericos/gamesXbox', [], true)
 5 APPPATH\Controllers\generico\GamesXboxController.php(52): view('genericos/gamesXbox', [...])
 6 SYSTEMPATH\CodeIgniter.php(934): App\Controllers\generico\GamesXboxController->index()
 7 SYSTEMPATH\CodeIgniter.php(499): CodeIgniter\CodeIgniter->runController(Object(App\Controllers\generico\GamesXboxController))
 8 SYSTEMPATH\CodeIgniter.php(368): CodeIgniter\CodeIgniter->handleRequest(null, Object(Config\Cache), false)
 9 FCPATH\index.php(67): CodeIgniter\CodeIgniter->run()
CRITICAL - 2023-03-23 21:35:59 --> Undefined variable $totalGAventuraXboxSS
in APPPATH\Views\genericos\gamesXbox.php on line 72.
 1 APPPATH\Views\genericos\gamesXbox.php(72): CodeIgniter\Debug\Exceptions->errorHandler(2, 'Undefined variable $totalGAventuraXboxSS', 'APPPATH\\Views\\genericos\\gamesXbox.php', 72)
 2 SYSTEMPATH\View\View.php(213): include('APPPATH\\Views\\genericos\\gamesXbox.php')
 3 SYSTEMPATH\View\View.php(216): CodeIgniter\View\View->CodeIgniter\View\{closure}()
 4 SYSTEMPATH\Common.php(1177): CodeIgniter\View\View->render('genericos/gamesXbox', [], true)
 5 APPPATH\Controllers\generico\GamesXboxController.php(52): view('genericos/gamesXbox', [...])
 6 SYSTEMPATH\CodeIgniter.php(934): App\Controllers\generico\GamesXboxController->index()
 7 SYSTEMPATH\CodeIgniter.php(499): CodeIgniter\CodeIgniter->runController(Object(App\Controllers\generico\GamesXboxController))
 8 SYSTEMPATH\CodeIgniter.php(368): CodeIgniter\CodeIgniter->handleRequest(null, Object(Config\Cache), false)
 9 FCPATH\index.php(67): CodeIgniter\CodeIgniter->run()
