CRITICAL - 2023-04-11 23:33:56 --> Undefined variable $usuario
in APPPATH\Views\usuario\navbarLog.php on line 75.
 1 APPPATH\Views\usuario\navbarLog.php(75): CodeIgniter\Debug\Exceptions->errorHandler(2, 'Undefined variable $usuario', 'APPPATH\\Views\\usuario\\navbarLog.php', 75)
 2 SYSTEMPATH\View\View.php(213): include('APPPATH\\Views\\usuario\\navbarLog.php')
 3 SYSTEMPATH\View\View.php(216): CodeIgniter\View\View->CodeIgniter\View\{closure}()
 4 SYSTEMPATH\Common.php(1177): CodeIgniter\View\View->render('usuario/navbarLog', [], true)
 5 APPPATH\Controllers\ShoppingCarController.php(44): view('usuario/navbarLog', [...])
 6 SYSTEMPATH\CodeIgniter.php(934): App\Controllers\ShoppingCarController->index()
 7 SYSTEMPATH\CodeIgniter.php(499): CodeIgniter\CodeIgniter->runController(Object(App\Controllers\ShoppingCarController))
 8 SYSTEMPATH\CodeIgniter.php(368): CodeIgniter\CodeIgniter->handleRequest(null, Object(Config\Cache), false)
 9 FCPATH\index.php(67): CodeIgniter\CodeIgniter->run()
CRITICAL - 2023-04-11 23:35:09 --> Undefined variable $usuario
in APPPATH\Views\usuario\navbarLog.php on line 75.
 1 APPPATH\Views\usuario\navbarLog.php(75): CodeIgniter\Debug\Exceptions->errorHandler(2, 'Undefined variable $usuario', 'APPPATH\\Views\\usuario\\navbarLog.php', 75)
 2 SYSTEMPATH\View\View.php(213): include('APPPATH\\Views\\usuario\\navbarLog.php')
 3 SYSTEMPATH\View\View.php(216): CodeIgniter\View\View->CodeIgniter\View\{closure}()
 4 SYSTEMPATH\Common.php(1177): CodeIgniter\View\View->render('usuario/navbarLog', [], true)
 5 APPPATH\Controllers\ShoppingCarController.php(44): view('usuario/navbarLog', [...])
 6 SYSTEMPATH\CodeIgniter.php(934): App\Controllers\ShoppingCarController->index()
 7 SYSTEMPATH\CodeIgniter.php(499): CodeIgniter\CodeIgniter->runController(Object(App\Controllers\ShoppingCarController))
 8 SYSTEMPATH\CodeIgniter.php(368): CodeIgniter\CodeIgniter->handleRequest(null, Object(Config\Cache), false)
 9 FCPATH\index.php(67): CodeIgniter\CodeIgniter->run()
CRITICAL - 2023-04-11 23:35:56 --> Undefined variable $usuario
in APPPATH\Views\usuario\navbarLog.php on line 75.
 1 APPPATH\Views\usuario\navbarLog.php(75): CodeIgniter\Debug\Exceptions->errorHandler(2, 'Undefined variable $usuario', 'APPPATH\\Views\\usuario\\navbarLog.php', 75)
 2 SYSTEMPATH\View\View.php(213): include('APPPATH\\Views\\usuario\\navbarLog.php')
 3 SYSTEMPATH\View\View.php(216): CodeIgniter\View\View->CodeIgniter\View\{closure}()
 4 SYSTEMPATH\Common.php(1177): CodeIgniter\View\View->render('usuario/navbarLog', [], true)
 5 APPPATH\Controllers\ShoppingCarController.php(44): view('usuario/navbarLog', [...])
 6 SYSTEMPATH\CodeIgniter.php(934): App\Controllers\ShoppingCarController->index()
 7 SYSTEMPATH\CodeIgniter.php(499): CodeIgniter\CodeIgniter->runController(Object(App\Controllers\ShoppingCarController))
 8 SYSTEMPATH\CodeIgniter.php(368): CodeIgniter\CodeIgniter->handleRequest(null, Object(Config\Cache), false)
 9 FCPATH\index.php(67): CodeIgniter\CodeIgniter->run()
CRITICAL - 2023-04-11 23:43:40 --> Call to undefined function form_open_multipart()
in APPPATH\Views\admin\registroVideojuegos.php on line 11.
 1 SYSTEMPATH\View\View.php(213): include()
 2 SYSTEMPATH\View\View.php(216): CodeIgniter\View\View->CodeIgniter\View\{closure}()
 3 SYSTEMPATH\Common.php(1177): CodeIgniter\View\View->render('admin/registroVideojuegos', [], true)
 4 APPPATH\Controllers\admin\AgregarJuegoController.php(25): view('admin/registroVideojuegos', [...])
 5 SYSTEMPATH\CodeIgniter.php(934): App\Controllers\admin\AgregarJuegoController->index()
 6 SYSTEMPATH\CodeIgniter.php(499): CodeIgniter\CodeIgniter->runController(Object(App\Controllers\admin\AgregarJuegoController))
 7 SYSTEMPATH\CodeIgniter.php(368): CodeIgniter\CodeIgniter->handleRequest(null, Object(Config\Cache), false)
 8 FCPATH\index.php(67): CodeIgniter\CodeIgniter->run()
