ERROR - 2023-04-27 16:11:18 --> mysqli_sql_exception: Unknown column 'correo' in 'where clause' in C:\xampp\htdocs\Codeigniter4\system\Database\MySQLi\Connection.php:295
Stack trace:
#0 C:\xampp\htdocs\Codeigniter4\system\Database\MySQLi\Connection.php(295): mysqli->query('SELECT *\nFROM `...', 0)
#1 C:\xampp\htdocs\Codeigniter4\system\Database\BaseConnection.php(691): CodeIgniter\Database\MySQLi\Connection->execute('SELECT *\nFROM `...')
#2 C:\xampp\htdocs\Codeigniter4\system\Database\BaseConnection.php(605): CodeIgniter\Database\BaseConnection->simpleQuery('SELECT *\nFROM `...')
#3 C:\xampp\htdocs\Codeigniter4\system\Database\BaseBuilder.php(1602): CodeIgniter\Database\BaseConnection->query('SELECT *\nFROM `...', Array, false)
#4 C:\xampp\htdocs\Codeigniter4\app\Models\admin\Administradores.php(21): CodeIgniter\Database\BaseBuilder->get()
#5 C:\xampp\htdocs\Codeigniter4\app\Controllers\invitado\LoginController.php(45): App\Models\admin\Administradores->getAdmin(Array)
#6 C:\xampp\htdocs\Codeigniter4\system\CodeIgniter.php(934): App\Controllers\invitado\LoginController->verificar_login()
#7 C:\xampp\htdocs\Codeigniter4\system\CodeIgniter.php(499): CodeIgniter\CodeIgniter->runController(Object(App\Controllers\invitado\LoginController))
#8 C:\xampp\htdocs\Codeigniter4\system\CodeIgniter.php(368): CodeIgniter\CodeIgniter->handleRequest(NULL, Object(Config\Cache), false)
#9 C:\xampp\htdocs\Codeigniter4\index.php(67): CodeIgniter\CodeIgniter->run()
#10 {main}
CRITICAL - 2023-04-27 16:11:18 --> Unknown column 'correo' in 'where clause'
in SYSTEMPATH\Database\BaseConnection.php on line 645.
 1 SYSTEMPATH\Database\BaseBuilder.php(1602): CodeIgniter\Database\BaseConnection->query('SELECT *
FROM `administradores`
WHERE `correo` = :correo:', [...], false)
 2 APPPATH\Models\admin\Administradores.php(21): CodeIgniter\Database\BaseBuilder->get()
 3 APPPATH\Controllers\invitado\LoginController.php(45): App\Models\admin\Administradores->getAdmin([...])
 4 SYSTEMPATH\CodeIgniter.php(934): App\Controllers\invitado\LoginController->verificar_login()
 5 SYSTEMPATH\CodeIgniter.php(499): CodeIgniter\CodeIgniter->runController(Object(App\Controllers\invitado\LoginController))
 6 SYSTEMPATH\CodeIgniter.php(368): CodeIgniter\CodeIgniter->handleRequest(null, Object(Config\Cache), false)
 7 FCPATH\index.php(67): CodeIgniter\CodeIgniter->run()
ERROR - 2023-04-27 16:12:58 --> mysqli_sql_exception: Unknown column 'correo' in 'where clause' in C:\xampp\htdocs\Codeigniter4\system\Database\MySQLi\Connection.php:295
Stack trace:
#0 C:\xampp\htdocs\Codeigniter4\system\Database\MySQLi\Connection.php(295): mysqli->query('SELECT *\nFROM `...', 0)
#1 C:\xampp\htdocs\Codeigniter4\system\Database\BaseConnection.php(691): CodeIgniter\Database\MySQLi\Connection->execute('SELECT *\nFROM `...')
#2 C:\xampp\htdocs\Codeigniter4\system\Database\BaseConnection.php(605): CodeIgniter\Database\BaseConnection->simpleQuery('SELECT *\nFROM `...')
#3 C:\xampp\htdocs\Codeigniter4\system\Database\BaseBuilder.php(1602): CodeIgniter\Database\BaseConnection->query('SELECT *\nFROM `...', Array, false)
#4 C:\xampp\htdocs\Codeigniter4\app\Models\admin\Administradores.php(21): CodeIgniter\Database\BaseBuilder->get()
#5 C:\xampp\htdocs\Codeigniter4\app\Controllers\invitado\LoginController.php(45): App\Models\admin\Administradores->getAdmin(Array)
#6 C:\xampp\htdocs\Codeigniter4\system\CodeIgniter.php(934): App\Controllers\invitado\LoginController->verificar_login()
#7 C:\xampp\htdocs\Codeigniter4\system\CodeIgniter.php(499): CodeIgniter\CodeIgniter->runController(Object(App\Controllers\invitado\LoginController))
#8 C:\xampp\htdocs\Codeigniter4\system\CodeIgniter.php(368): CodeIgniter\CodeIgniter->handleRequest(NULL, Object(Config\Cache), false)
#9 C:\xampp\htdocs\Codeigniter4\index.php(67): CodeIgniter\CodeIgniter->run()
#10 {main}
CRITICAL - 2023-04-27 16:12:58 --> Unknown column 'correo' in 'where clause'
in SYSTEMPATH\Database\BaseConnection.php on line 645.
 1 SYSTEMPATH\Database\BaseBuilder.php(1602): CodeIgniter\Database\BaseConnection->query('SELECT *
FROM `administradores`
WHERE `correo` = :correo:', [...], false)
 2 APPPATH\Models\admin\Administradores.php(21): CodeIgniter\Database\BaseBuilder->get()
 3 APPPATH\Controllers\invitado\LoginController.php(45): App\Models\admin\Administradores->getAdmin([...])
 4 SYSTEMPATH\CodeIgniter.php(934): App\Controllers\invitado\LoginController->verificar_login()
 5 SYSTEMPATH\CodeIgniter.php(499): CodeIgniter\CodeIgniter->runController(Object(App\Controllers\invitado\LoginController))
 6 SYSTEMPATH\CodeIgniter.php(368): CodeIgniter\CodeIgniter->handleRequest(null, Object(Config\Cache), false)
 7 FCPATH\index.php(67): CodeIgniter\CodeIgniter->run()
CRITICAL - 2023-04-27 16:18:22 --> Undefined variable $total
in APPPATH\Views\admin\ventas.php on line 80.
 1 APPPATH\Views\admin\ventas.php(80): CodeIgniter\Debug\Exceptions->errorHandler(2, 'Undefined variable $total', 'APPPATH\\Views\\admin\\ventas.php', 80)
 2 SYSTEMPATH\View\View.php(213): include('APPPATH\\Views\\admin\\ventas.php')
 3 SYSTEMPATH\View\View.php(216): CodeIgniter\View\View->CodeIgniter\View\{closure}()
 4 SYSTEMPATH\Common.php(1177): CodeIgniter\View\View->render('admin/ventas', [], true)
 5 APPPATH\Controllers\admin\AdminController.php(49): view('admin/ventas', [...])
 6 SYSTEMPATH\CodeIgniter.php(934): App\Controllers\admin\AdminController->ventas()
 7 SYSTEMPATH\CodeIgniter.php(499): CodeIgniter\CodeIgniter->runController(Object(App\Controllers\admin\AdminController))
 8 SYSTEMPATH\CodeIgniter.php(368): CodeIgniter\CodeIgniter->handleRequest(null, Object(Config\Cache), false)
 9 FCPATH\index.php(67): CodeIgniter\CodeIgniter->run()
ERROR - 2023-04-27 16:25:08 --> mysqli_sql_exception: Unknown column 'password' in 'field list' in C:\xampp\htdocs\Codeigniter4\system\Database\MySQLi\Connection.php:295
Stack trace:
#0 C:\xampp\htdocs\Codeigniter4\system\Database\MySQLi\Connection.php(295): mysqli->query('SELECT `passwor...', 0)
#1 C:\xampp\htdocs\Codeigniter4\system\Database\BaseConnection.php(691): CodeIgniter\Database\MySQLi\Connection->execute('SELECT `passwor...')
#2 C:\xampp\htdocs\Codeigniter4\system\Database\BaseConnection.php(605): CodeIgniter\Database\BaseConnection->simpleQuery('SELECT `passwor...')
#3 C:\xampp\htdocs\Codeigniter4\system\Database\BaseBuilder.php(1602): CodeIgniter\Database\BaseConnection->query('SELECT `passwor...', Array, false)
#4 C:\xampp\htdocs\Codeigniter4\app\Models\usuario\RegistrarUsuario.php(70): CodeIgniter\Database\BaseBuilder->get()
#5 C:\xampp\htdocs\Codeigniter4\app\Controllers\invitado\LoginController.php(28): App\Models\usuario\RegistrarUsuario->getpassword(Array)
#6 C:\xampp\htdocs\Codeigniter4\system\CodeIgniter.php(934): App\Controllers\invitado\LoginController->verificar_login()
#7 C:\xampp\htdocs\Codeigniter4\system\CodeIgniter.php(499): CodeIgniter\CodeIgniter->runController(Object(App\Controllers\invitado\LoginController))
#8 C:\xampp\htdocs\Codeigniter4\system\CodeIgniter.php(368): CodeIgniter\CodeIgniter->handleRequest(NULL, Object(Config\Cache), false)
#9 C:\xampp\htdocs\Codeigniter4\index.php(67): CodeIgniter\CodeIgniter->run()
#10 {main}
CRITICAL - 2023-04-27 16:25:08 --> Unknown column 'password' in 'field list'
in SYSTEMPATH\Database\BaseConnection.php on line 645.
 1 SYSTEMPATH\Database\BaseBuilder.php(1602): CodeIgniter\Database\BaseConnection->query('SELECT `password`
FROM `usuarios`
WHERE `contrasenia` = :contrasenia:', [...], false)
 2 APPPATH\Models\usuario\RegistrarUsuario.php(70): CodeIgniter\Database\BaseBuilder->get()
 3 APPPATH\Controllers\invitado\LoginController.php(28): App\Models\usuario\RegistrarUsuario->getpassword([...])
 4 SYSTEMPATH\CodeIgniter.php(934): App\Controllers\invitado\LoginController->verificar_login()
 5 SYSTEMPATH\CodeIgniter.php(499): CodeIgniter\CodeIgniter->runController(Object(App\Controllers\invitado\LoginController))
 6 SYSTEMPATH\CodeIgniter.php(368): CodeIgniter\CodeIgniter->handleRequest(null, Object(Config\Cache), false)
 7 FCPATH\index.php(67): CodeIgniter\CodeIgniter->run()
CRITICAL - 2023-04-27 16:46:45 --> Undefined array key "nombreConsola"
in APPPATH\Views\invitado\cardsInicio.php on line 24.
 1 APPPATH\Views\invitado\cardsInicio.php(24): CodeIgniter\Debug\Exceptions->errorHandler(2, 'Undefined array key "nombreConsola"', 'APPPATH\\Views\\invitado\\cardsInicio.php', 24)
 2 SYSTEMPATH\View\View.php(213): include('APPPATH\\Views\\invitado\\cardsInicio.php')
 3 SYSTEMPATH\View\View.php(216): CodeIgniter\View\View->CodeIgniter\View\{closure}()
 4 SYSTEMPATH\Common.php(1177): CodeIgniter\View\View->render('invitado/cardsInicio.php', [], true)
 5 APPPATH\Controllers\invitado\RegisterController.php(138): view('invitado/cardsInicio.php', [...])
 6 SYSTEMPATH\CodeIgniter.php(934): App\Controllers\invitado\RegisterController->guardar_persona()
 7 SYSTEMPATH\CodeIgniter.php(499): CodeIgniter\CodeIgniter->runController(Object(App\Controllers\invitado\RegisterController))
 8 SYSTEMPATH\CodeIgniter.php(368): CodeIgniter\CodeIgniter->handleRequest(null, Object(Config\Cache), false)
 9 FCPATH\index.php(67): CodeIgniter\CodeIgniter->run()
CRITICAL - 2023-04-27 16:54:17 --> ini_set(): Session ini settings cannot be changed when a session is active
in SYSTEMPATH\Session\Handlers\FileHandler.php on line 72.
 1 [internal function]: CodeIgniter\Debug\Exceptions->errorHandler(2, 'ini_set(): Session ini settings cannot be changed when a session is active', 'SYSTEMPATH\\Session\\Handlers\\FileHandler.php', 72)
 2 SYSTEMPATH\Session\Handlers\FileHandler.php(72): ini_set('session.save_path', 'FCPATH\\writable\\session')
 3 SYSTEMPATH\Config\Services.php(667): CodeIgniter\Session\Handlers\FileHandler->__construct(Object(Config\App), '::1')
 4 SYSTEMPATH\Config\BaseService.php(252): CodeIgniter\Config\Services::session(Object(Config\App), false)
 5 SYSTEMPATH\Config\BaseService.php(193): CodeIgniter\Config\BaseService::__callStatic('session', [...])
 6 SYSTEMPATH\Config\Services.php(641): CodeIgniter\Config\BaseService::getSharedInstance('session', null)
 7 SYSTEMPATH\Config\BaseService.php(252): CodeIgniter\Config\Services::session()
 8 SYSTEMPATH\Common.php(979): CodeIgniter\Config\BaseService::__callStatic('session', [])
 9 APPPATH\Views\genericos\login.php(18): session()
10 SYSTEMPATH\View\View.php(213): include('APPPATH\\Views\\genericos\\login.php')
11 SYSTEMPATH\View\View.php(216): CodeIgniter\View\View->CodeIgniter\View\{closure}()
12 SYSTEMPATH\Common.php(1177): CodeIgniter\View\View->render('genericos/login', [], true)
13 APPPATH\Controllers\invitado\LoginController.php(15): view('genericos/login')
14 SYSTEMPATH\CodeIgniter.php(934): App\Controllers\invitado\LoginController->index()
15 SYSTEMPATH\CodeIgniter.php(499): CodeIgniter\CodeIgniter->runController(Object(App\Controllers\invitado\LoginController))
16 SYSTEMPATH\CodeIgniter.php(368): CodeIgniter\CodeIgniter->handleRequest(null, Object(Config\Cache), false)
17 FCPATH\index.php(67): CodeIgniter\CodeIgniter->run()
CRITICAL - 2023-04-27 16:55:42 --> ini_set(): Session ini settings cannot be changed when a session is active
in SYSTEMPATH\Session\Handlers\FileHandler.php on line 72.
 1 [internal function]: CodeIgniter\Debug\Exceptions->errorHandler(2, 'ini_set(): Session ini settings cannot be changed when a session is active', 'SYSTEMPATH\\Session\\Handlers\\FileHandler.php', 72)
 2 SYSTEMPATH\Session\Handlers\FileHandler.php(72): ini_set('session.save_path', 'FCPATH\\writable\\session')
 3 SYSTEMPATH\Config\Services.php(667): CodeIgniter\Session\Handlers\FileHandler->__construct(Object(Config\App), '::1')
 4 SYSTEMPATH\Config\BaseService.php(252): CodeIgniter\Config\Services::session(Object(Config\App), false)
 5 SYSTEMPATH\Config\BaseService.php(193): CodeIgniter\Config\BaseService::__callStatic('session', [...])
 6 SYSTEMPATH\Config\Services.php(641): CodeIgniter\Config\BaseService::getSharedInstance('session', null)
 7 SYSTEMPATH\Config\BaseService.php(252): CodeIgniter\Config\Services::session()
 8 SYSTEMPATH\Common.php(979): CodeIgniter\Config\BaseService::__callStatic('session', [])
 9 APPPATH\Views\genericos\login.php(19): session()
10 SYSTEMPATH\View\View.php(213): include('APPPATH\\Views\\genericos\\login.php')
11 SYSTEMPATH\View\View.php(216): CodeIgniter\View\View->CodeIgniter\View\{closure}()
12 SYSTEMPATH\Common.php(1177): CodeIgniter\View\View->render('genericos/login', [], true)
13 APPPATH\Controllers\invitado\LoginController.php(15): view('genericos/login')
14 SYSTEMPATH\CodeIgniter.php(934): App\Controllers\invitado\LoginController->index()
15 SYSTEMPATH\CodeIgniter.php(499): CodeIgniter\CodeIgniter->runController(Object(App\Controllers\invitado\LoginController))
16 SYSTEMPATH\CodeIgniter.php(368): CodeIgniter\CodeIgniter->handleRequest(null, Object(Config\Cache), false)
17 FCPATH\index.php(67): CodeIgniter\CodeIgniter->run()
CRITICAL - 2023-04-27 16:55:45 --> ini_set(): Session ini settings cannot be changed when a session is active
in SYSTEMPATH\Session\Handlers\FileHandler.php on line 72.
 1 [internal function]: CodeIgniter\Debug\Exceptions->errorHandler(2, 'ini_set(): Session ini settings cannot be changed when a session is active', 'SYSTEMPATH\\Session\\Handlers\\FileHandler.php', 72)
 2 SYSTEMPATH\Session\Handlers\FileHandler.php(72): ini_set('session.save_path', 'FCPATH\\writable\\session')
 3 SYSTEMPATH\Config\Services.php(667): CodeIgniter\Session\Handlers\FileHandler->__construct(Object(Config\App), '::1')
 4 SYSTEMPATH\Config\BaseService.php(252): CodeIgniter\Config\Services::session(Object(Config\App), false)
 5 SYSTEMPATH\Config\BaseService.php(193): CodeIgniter\Config\BaseService::__callStatic('session', [...])
 6 SYSTEMPATH\Config\Services.php(641): CodeIgniter\Config\BaseService::getSharedInstance('session', null)
 7 SYSTEMPATH\Config\BaseService.php(252): CodeIgniter\Config\Services::session()
 8 SYSTEMPATH\Common.php(979): CodeIgniter\Config\BaseService::__callStatic('session', [])
 9 APPPATH\Views\genericos\login.php(19): session()
10 SYSTEMPATH\View\View.php(213): include('APPPATH\\Views\\genericos\\login.php')
11 SYSTEMPATH\View\View.php(216): CodeIgniter\View\View->CodeIgniter\View\{closure}()
12 SYSTEMPATH\Common.php(1177): CodeIgniter\View\View->render('genericos/login', [], true)
13 APPPATH\Controllers\invitado\LoginController.php(15): view('genericos/login')
14 SYSTEMPATH\CodeIgniter.php(934): App\Controllers\invitado\LoginController->index()
15 SYSTEMPATH\CodeIgniter.php(499): CodeIgniter\CodeIgniter->runController(Object(App\Controllers\invitado\LoginController))
16 SYSTEMPATH\CodeIgniter.php(368): CodeIgniter\CodeIgniter->handleRequest(null, Object(Config\Cache), false)
17 FCPATH\index.php(67): CodeIgniter\CodeIgniter->run()
CRITICAL - 2023-04-27 17:01:40 --> ini_set(): Session ini settings cannot be changed when a session is active
in SYSTEMPATH\Session\Handlers\FileHandler.php on line 72.
 1 [internal function]: CodeIgniter\Debug\Exceptions->errorHandler(2, 'ini_set(): Session ini settings cannot be changed when a session is active', 'SYSTEMPATH\\Session\\Handlers\\FileHandler.php', 72)
 2 SYSTEMPATH\Session\Handlers\FileHandler.php(72): ini_set('session.save_path', 'FCPATH\\writable\\session')
 3 SYSTEMPATH\Config\Services.php(667): CodeIgniter\Session\Handlers\FileHandler->__construct(Object(Config\App), '::1')
 4 SYSTEMPATH\Config\BaseService.php(252): CodeIgniter\Config\Services::session(Object(Config\App), false)
 5 SYSTEMPATH\Config\BaseService.php(193): CodeIgniter\Config\BaseService::__callStatic('session', [...])
 6 SYSTEMPATH\Config\Services.php(641): CodeIgniter\Config\BaseService::getSharedInstance('session', null)
 7 SYSTEMPATH\Config\BaseService.php(252): CodeIgniter\Config\Services::session()
 8 SYSTEMPATH\Common.php(979): CodeIgniter\Config\BaseService::__callStatic('session', [])
 9 APPPATH\Views\genericos\login.php(18): session()
10 SYSTEMPATH\View\View.php(213): include('APPPATH\\Views\\genericos\\login.php')
11 SYSTEMPATH\View\View.php(216): CodeIgniter\View\View->CodeIgniter\View\{closure}()
12 SYSTEMPATH\Common.php(1177): CodeIgniter\View\View->render('genericos/login', [], true)
13 APPPATH\Controllers\invitado\LoginController.php(15): view('genericos/login')
14 SYSTEMPATH\CodeIgniter.php(934): App\Controllers\invitado\LoginController->index()
15 SYSTEMPATH\CodeIgniter.php(499): CodeIgniter\CodeIgniter->runController(Object(App\Controllers\invitado\LoginController))
16 SYSTEMPATH\CodeIgniter.php(368): CodeIgniter\CodeIgniter->handleRequest(null, Object(Config\Cache), false)
17 FCPATH\index.php(67): CodeIgniter\CodeIgniter->run()
CRITICAL - 2023-04-27 17:31:24 --> Undefined array key 0
in APPPATH\Controllers\invitado\LoginController.php on line 81.
 1 APPPATH\Controllers\invitado\LoginController.php(81): CodeIgniter\Debug\Exceptions->errorHandler(2, 'Undefined array key 0', 'APPPATH\\Controllers\\invitado\\LoginController.php', 81)
 2 SYSTEMPATH\CodeIgniter.php(934): App\Controllers\invitado\LoginController->verificar_login()
 3 SYSTEMPATH\CodeIgniter.php(499): CodeIgniter\CodeIgniter->runController(Object(App\Controllers\invitado\LoginController))
 4 SYSTEMPATH\CodeIgniter.php(368): CodeIgniter\CodeIgniter->handleRequest(null, Object(Config\Cache), false)
 5 FCPATH\index.php(67): CodeIgniter\CodeIgniter->run()
CRITICAL - 2023-04-27 17:33:45 --> Undefined variable $hash
in APPPATH\Controllers\invitado\LoginController.php on line 73.
 1 APPPATH\Controllers\invitado\LoginController.php(73): CodeIgniter\Debug\Exceptions->errorHandler(2, 'Undefined variable $hash', 'APPPATH\\Controllers\\invitado\\LoginController.php', 73)
 2 SYSTEMPATH\CodeIgniter.php(934): App\Controllers\invitado\LoginController->verificar_login()
 3 SYSTEMPATH\CodeIgniter.php(499): CodeIgniter\CodeIgniter->runController(Object(App\Controllers\invitado\LoginController))
 4 SYSTEMPATH\CodeIgniter.php(368): CodeIgniter\CodeIgniter->handleRequest(null, Object(Config\Cache), false)
 5 FCPATH\index.php(67): CodeIgniter\CodeIgniter->run()
CRITICAL - 2023-04-27 17:37:47 --> Undefined array key 0
in APPPATH\Controllers\invitado\LoginController.php on line 30.
 1 APPPATH\Controllers\invitado\LoginController.php(30): CodeIgniter\Debug\Exceptions->errorHandler(2, 'Undefined array key 0', 'APPPATH\\Controllers\\invitado\\LoginController.php', 30)
 2 SYSTEMPATH\CodeIgniter.php(934): App\Controllers\invitado\LoginController->verificar_login()
 3 SYSTEMPATH\CodeIgniter.php(499): CodeIgniter\CodeIgniter->runController(Object(App\Controllers\invitado\LoginController))
 4 SYSTEMPATH\CodeIgniter.php(368): CodeIgniter\CodeIgniter->handleRequest(null, Object(Config\Cache), false)
 5 FCPATH\index.php(67): CodeIgniter\CodeIgniter->run()
CRITICAL - 2023-04-27 17:41:48 --> Undefined variable $hash
in APPPATH\Controllers\invitado\LoginController.php on line 76.
 1 APPPATH\Controllers\invitado\LoginController.php(76): CodeIgniter\Debug\Exceptions->errorHandler(2, 'Undefined variable $hash', 'APPPATH\\Controllers\\invitado\\LoginController.php', 76)
 2 SYSTEMPATH\CodeIgniter.php(934): App\Controllers\invitado\LoginController->verificar_login()
 3 SYSTEMPATH\CodeIgniter.php(499): CodeIgniter\CodeIgniter->runController(Object(App\Controllers\invitado\LoginController))
 4 SYSTEMPATH\CodeIgniter.php(368): CodeIgniter\CodeIgniter->handleRequest(null, Object(Config\Cache), false)
 5 FCPATH\index.php(67): CodeIgniter\CodeIgniter->run()
CRITICAL - 2023-04-27 17:42:30 --> Undefined variable $hash
in APPPATH\Controllers\invitado\LoginController.php on line 76.
 1 APPPATH\Controllers\invitado\LoginController.php(76): CodeIgniter\Debug\Exceptions->errorHandler(2, 'Undefined variable $hash', 'APPPATH\\Controllers\\invitado\\LoginController.php', 76)
 2 SYSTEMPATH\CodeIgniter.php(934): App\Controllers\invitado\LoginController->verificar_login()
 3 SYSTEMPATH\CodeIgniter.php(499): CodeIgniter\CodeIgniter->runController(Object(App\Controllers\invitado\LoginController))
 4 SYSTEMPATH\CodeIgniter.php(368): CodeIgniter\CodeIgniter->handleRequest(null, Object(Config\Cache), false)
 5 FCPATH\index.php(67): CodeIgniter\CodeIgniter->run()
CRITICAL - 2023-04-27 17:52:34 --> ini_set(): Session ini settings cannot be changed when a session is active
in SYSTEMPATH\Session\Handlers\FileHandler.php on line 72.
 1 [internal function]: CodeIgniter\Debug\Exceptions->errorHandler(2, 'ini_set(): Session ini settings cannot be changed when a session is active', 'SYSTEMPATH\\Session\\Handlers\\FileHandler.php', 72)
 2 SYSTEMPATH\Session\Handlers\FileHandler.php(72): ini_set('session.save_path', 'FCPATH\\writable\\session')
 3 SYSTEMPATH\Config\Services.php(667): CodeIgniter\Session\Handlers\FileHandler->__construct(Object(Config\App), '::1')
 4 SYSTEMPATH\Config\BaseService.php(252): CodeIgniter\Config\Services::session(Object(Config\App), false)
 5 SYSTEMPATH\Config\BaseService.php(193): CodeIgniter\Config\BaseService::__callStatic('session', [...])
 6 SYSTEMPATH\Config\Services.php(641): CodeIgniter\Config\BaseService::getSharedInstance('session', null)
 7 SYSTEMPATH\Config\BaseService.php(252): CodeIgniter\Config\Services::session()
 8 SYSTEMPATH\Common.php(979): CodeIgniter\Config\BaseService::__callStatic('session', [])
 9 APPPATH\Views\usuario\navbarLog.php(96): session('datosUsuario')
10 SYSTEMPATH\View\View.php(213): include('APPPATH\\Views\\usuario\\navbarLog.php')
11 SYSTEMPATH\View\View.php(216): CodeIgniter\View\View->CodeIgniter\View\{closure}()
12 SYSTEMPATH\Common.php(1177): CodeIgniter\View\View->render('usuario/navbarLog', [], true)
13 APPPATH\Controllers\generico\GamesplayStation.php(34): view('usuario/navbarLog')
14 SYSTEMPATH\CodeIgniter.php(934): App\Controllers\generico\GamesplayStation->indexLog()
15 SYSTEMPATH\CodeIgniter.php(499): CodeIgniter\CodeIgniter->runController(Object(App\Controllers\generico\GamesplayStation))
16 SYSTEMPATH\CodeIgniter.php(368): CodeIgniter\CodeIgniter->handleRequest(null, Object(Config\Cache), false)
17 FCPATH\index.php(67): CodeIgniter\CodeIgniter->run()
CRITICAL - 2023-04-27 17:54:59 --> Call to undefined method App\Models\Videojuegos::get10VideogamesPlayStation
in SYSTEMPATH\Model.php on line 841.
 1 APPPATH\Controllers\generico\GamesplayStation.php(51): CodeIgniter\Model->__call('get10VideogamesPlayStation', [])
 2 SYSTEMPATH\CodeIgniter.php(934): App\Controllers\generico\GamesplayStation->indexLog()
 3 SYSTEMPATH\CodeIgniter.php(499): CodeIgniter\CodeIgniter->runController(Object(App\Controllers\generico\GamesplayStation))
 4 SYSTEMPATH\CodeIgniter.php(368): CodeIgniter\CodeIgniter->handleRequest(null, Object(Config\Cache), false)
 5 FCPATH\index.php(67): CodeIgniter\CodeIgniter->run()
CRITICAL - 2023-04-27 17:55:49 --> Cannot redeclare App\Models\Videojuegos::getAllVideogamesPlayStation()
in APPPATH\Models\Videojuegos.php on line 515.
 1 [internal function]: CodeIgniter\Debug\Exceptions->shutdownHandler()
CRITICAL - 2023-04-27 17:56:33 --> Undefined variable $CantGeneroPlayStation
in APPPATH\Views\usuario\gamesPlayStation.php on line 65.
 1 APPPATH\Views\usuario\gamesPlayStation.php(65): CodeIgniter\Debug\Exceptions->errorHandler(2, 'Undefined variable $CantGeneroPlayStation', 'APPPATH\\Views\\usuario\\gamesPlayStation.php', 65)
 2 SYSTEMPATH\View\View.php(213): include('APPPATH\\Views\\usuario\\gamesPlayStation.php')
 3 SYSTEMPATH\View\View.php(216): CodeIgniter\View\View->CodeIgniter\View\{closure}()
 4 SYSTEMPATH\Common.php(1177): CodeIgniter\View\View->render('usuario/gamesPlayStation', [], true)
 5 APPPATH\Controllers\generico\GamesplayStation.php(131): view('usuario/gamesPlayStation', [...])
 6 SYSTEMPATH\CodeIgniter.php(934): App\Controllers\generico\GamesplayStation->indexLog()
 7 SYSTEMPATH\CodeIgniter.php(499): CodeIgniter\CodeIgniter->runController(Object(App\Controllers\generico\GamesplayStation))
 8 SYSTEMPATH\CodeIgniter.php(368): CodeIgniter\CodeIgniter->handleRequest(null, Object(Config\Cache), false)
 9 FCPATH\index.php(67): CodeIgniter\CodeIgniter->run()
CRITICAL - 2023-04-27 17:58:10 --> Undefined variable $CantGeneroPlayStation
in APPPATH\Views\usuario\gamesPlayStation.php on line 67.
 1 APPPATH\Views\usuario\gamesPlayStation.php(67): CodeIgniter\Debug\Exceptions->errorHandler(2, 'Undefined variable $CantGeneroPlayStation', 'APPPATH\\Views\\usuario\\gamesPlayStation.php', 67)
 2 SYSTEMPATH\View\View.php(213): include('APPPATH\\Views\\usuario\\gamesPlayStation.php')
 3 SYSTEMPATH\View\View.php(216): CodeIgniter\View\View->CodeIgniter\View\{closure}()
 4 SYSTEMPATH\Common.php(1177): CodeIgniter\View\View->render('usuario/gamesPlayStation', [], true)
 5 APPPATH\Controllers\generico\GamesplayStation.php(131): view('usuario/gamesPlayStation', [...])
 6 SYSTEMPATH\CodeIgniter.php(934): App\Controllers\generico\GamesplayStation->indexLog()
 7 SYSTEMPATH\CodeIgniter.php(499): CodeIgniter\CodeIgniter->runController(Object(App\Controllers\generico\GamesplayStation))
 8 SYSTEMPATH\CodeIgniter.php(368): CodeIgniter\CodeIgniter->handleRequest(null, Object(Config\Cache), false)
 9 FCPATH\index.php(67): CodeIgniter\CodeIgniter->run()
CRITICAL - 2023-04-27 18:02:21 --> Undefined variable $CantGeneroPlayStation
in APPPATH\Views\usuario\gamesPlayStation.php on line 67.
 1 APPPATH\Views\usuario\gamesPlayStation.php(67): CodeIgniter\Debug\Exceptions->errorHandler(2, 'Undefined variable $CantGeneroPlayStation', 'APPPATH\\Views\\usuario\\gamesPlayStation.php', 67)
 2 SYSTEMPATH\View\View.php(213): include('APPPATH\\Views\\usuario\\gamesPlayStation.php')
 3 SYSTEMPATH\View\View.php(216): CodeIgniter\View\View->CodeIgniter\View\{closure}()
 4 SYSTEMPATH\Common.php(1177): CodeIgniter\View\View->render('usuario/gamesPlayStation', [], true)
 5 APPPATH\Controllers\generico\GamesplayStation.php(131): view('usuario/gamesPlayStation', [...])
 6 SYSTEMPATH\CodeIgniter.php(934): App\Controllers\generico\GamesplayStation->indexLog()
 7 SYSTEMPATH\CodeIgniter.php(499): CodeIgniter\CodeIgniter->runController(Object(App\Controllers\generico\GamesplayStation))
 8 SYSTEMPATH\CodeIgniter.php(368): CodeIgniter\CodeIgniter->handleRequest(null, Object(Config\Cache), false)
 9 FCPATH\index.php(67): CodeIgniter\CodeIgniter->run()
CRITICAL - 2023-04-27 18:03:40 --> Undefined variable $CantGeneroPlayStation
in APPPATH\Views\usuario\gamesPlayStation.php on line 67.
 1 APPPATH\Views\usuario\gamesPlayStation.php(67): CodeIgniter\Debug\Exceptions->errorHandler(2, 'Undefined variable $CantGeneroPlayStation', 'APPPATH\\Views\\usuario\\gamesPlayStation.php', 67)
 2 SYSTEMPATH\View\View.php(213): include('APPPATH\\Views\\usuario\\gamesPlayStation.php')
 3 SYSTEMPATH\View\View.php(216): CodeIgniter\View\View->CodeIgniter\View\{closure}()
 4 SYSTEMPATH\Common.php(1177): CodeIgniter\View\View->render('usuario/gamesPlayStation', [], true)
 5 APPPATH\Controllers\generico\GamesplayStation.php(131): view('usuario/gamesPlayStation', [...])
 6 SYSTEMPATH\CodeIgniter.php(934): App\Controllers\generico\GamesplayStation->indexLog()
 7 SYSTEMPATH\CodeIgniter.php(499): CodeIgniter\CodeIgniter->runController(Object(App\Controllers\generico\GamesplayStation))
 8 SYSTEMPATH\CodeIgniter.php(368): CodeIgniter\CodeIgniter->handleRequest(null, Object(Config\Cache), false)
 9 FCPATH\index.php(67): CodeIgniter\CodeIgniter->run()
CRITICAL - 2023-04-27 18:32:10 --> Undefined variable $total
in APPPATH\Views\admin\ventas.php on line 80.
 1 APPPATH\Views\admin\ventas.php(80): CodeIgniter\Debug\Exceptions->errorHandler(2, 'Undefined variable $total', 'APPPATH\\Views\\admin\\ventas.php', 80)
 2 SYSTEMPATH\View\View.php(213): include('APPPATH\\Views\\admin\\ventas.php')
 3 SYSTEMPATH\View\View.php(216): CodeIgniter\View\View->CodeIgniter\View\{closure}()
 4 SYSTEMPATH\Common.php(1177): CodeIgniter\View\View->render('admin/ventas', [], true)
 5 APPPATH\Controllers\admin\AdminController.php(49): view('admin/ventas', [...])
 6 SYSTEMPATH\CodeIgniter.php(934): App\Controllers\admin\AdminController->ventas()
 7 SYSTEMPATH\CodeIgniter.php(499): CodeIgniter\CodeIgniter->runController(Object(App\Controllers\admin\AdminController))
 8 SYSTEMPATH\CodeIgniter.php(368): CodeIgniter\CodeIgniter->handleRequest(null, Object(Config\Cache), false)
 9 FCPATH\index.php(67): CodeIgniter\CodeIgniter->run()
CRITICAL - 2023-04-27 20:57:12 --> Undefined array key "correo"
in APPPATH\Controllers\generico\MembresiasController.php on line 44.
 1 APPPATH\Controllers\generico\MembresiasController.php(44): CodeIgniter\Debug\Exceptions->errorHandler(2, 'Undefined array key "correo"', 'APPPATH\\Controllers\\generico\\MembresiasController.php', 44)
 2 SYSTEMPATH\CodeIgniter.php(934): App\Controllers\generico\MembresiasController->comprarMembresia()
 3 SYSTEMPATH\CodeIgniter.php(499): CodeIgniter\CodeIgniter->runController(Object(App\Controllers\generico\MembresiasController))
 4 SYSTEMPATH\CodeIgniter.php(368): CodeIgniter\CodeIgniter->handleRequest(null, Object(Config\Cache), false)
 5 FCPATH\index.php(67): CodeIgniter\CodeIgniter->run()
