CRITICAL - 2023-05-08 04:12:54 --> Undefined variable $data
in APPPATH\Views\usuario\gamesNintendo.php on line 3.
 1 APPPATH\Views\usuario\gamesNintendo.php(3): CodeIgniter\Debug\Exceptions->errorHandler(2, 'Undefined variable $data', 'APPPATH\\Views\\usuario\\gamesNintendo.php', 3)
 2 SYSTEMPATH\View\View.php(213): include('APPPATH\\Views\\usuario\\gamesNintendo.php')
 3 SYSTEMPATH\View\View.php(216): CodeIgniter\View\View->CodeIgniter\View\{closure}()
 4 SYSTEMPATH\Common.php(1177): CodeIgniter\View\View->render('usuario/gamesNintendo', [], true)
 5 APPPATH\Controllers\generico\GamesNintendoController.php(119): view('usuario/gamesNintendo', [...])
 6 SYSTEMPATH\CodeIgniter.php(934): App\Controllers\generico\GamesNintendoController->indexLog()
 7 SYSTEMPATH\CodeIgniter.php(499): CodeIgniter\CodeIgniter->runController(Object(App\Controllers\generico\GamesNintendoController))
 8 SYSTEMPATH\CodeIgniter.php(368): CodeIgniter\CodeIgniter->handleRequest(null, Object(Config\Cache), false)
 9 FCPATH\index.php(67): CodeIgniter\CodeIgniter->run()
CRITICAL - 2023-05-08 04:13:20 --> Undefined variable $data
in APPPATH\Views\usuario\gamesNintendo.php on line 3.
 1 APPPATH\Views\usuario\gamesNintendo.php(3): CodeIgniter\Debug\Exceptions->errorHandler(2, 'Undefined variable $data', 'APPPATH\\Views\\usuario\\gamesNintendo.php', 3)
 2 SYSTEMPATH\View\View.php(213): include('APPPATH\\Views\\usuario\\gamesNintendo.php')
 3 SYSTEMPATH\View\View.php(216): CodeIgniter\View\View->CodeIgniter\View\{closure}()
 4 SYSTEMPATH\Common.php(1177): CodeIgniter\View\View->render('usuario/gamesNintendo', [], true)
 5 APPPATH\Controllers\generico\GamesNintendoController.php(119): view('usuario/gamesNintendo', [...])
 6 SYSTEMPATH\CodeIgniter.php(934): App\Controllers\generico\GamesNintendoController->indexLog()
 7 SYSTEMPATH\CodeIgniter.php(499): CodeIgniter\CodeIgniter->runController(Object(App\Controllers\generico\GamesNintendoController))
 8 SYSTEMPATH\CodeIgniter.php(368): CodeIgniter\CodeIgniter->handleRequest(null, Object(Config\Cache), false)
 9 FCPATH\index.php(67): CodeIgniter\CodeIgniter->run()
CRITICAL - 2023-05-08 05:10:25 --> Undefined array key "idVideojuego"
in APPPATH\Controllers\usuario\ShoppingCarController.php on line 249.
 1 APPPATH\Controllers\usuario\ShoppingCarController.php(249): CodeIgniter\Debug\Exceptions->errorHandler(2, 'Undefined array key "idVideojuego"', 'APPPATH\\Controllers\\usuario\\ShoppingCarController.php', 249)
 2 SYSTEMPATH\CodeIgniter.php(934): App\Controllers\usuario\ShoppingCarController->agregarAlCarritoNintendo()
 3 SYSTEMPATH\CodeIgniter.php(499): CodeIgniter\CodeIgniter->runController(Object(App\Controllers\usuario\ShoppingCarController))
 4 SYSTEMPATH\CodeIgniter.php(368): CodeIgniter\CodeIgniter->handleRequest(null, Object(Config\Cache), false)
 5 FCPATH\index.php(67): CodeIgniter\CodeIgniter->run()
ERROR - 2023-05-08 05:25:58 --> mysqli_sql_exception: Unknown column 'correo' in 'where clause' in C:\xampp\htdocs\Codeigniter4\system\Database\MySQLi\Connection.php:295
Stack trace:
#0 C:\xampp\htdocs\Codeigniter4\system\Database\MySQLi\Connection.php(295): mysqli->query('SELECT *\nFROM `...', 0)
#1 C:\xampp\htdocs\Codeigniter4\system\Database\BaseConnection.php(691): CodeIgniter\Database\MySQLi\Connection->execute('SELECT *\nFROM `...')
#2 C:\xampp\htdocs\Codeigniter4\system\Database\BaseConnection.php(605): CodeIgniter\Database\BaseConnection->simpleQuery('SELECT *\nFROM `...')
#3 C:\xampp\htdocs\Codeigniter4\system\Database\BaseBuilder.php(1602): CodeIgniter\Database\BaseConnection->query('SELECT *\nFROM `...', Array, false)
#4 C:\xampp\htdocs\Codeigniter4\app\Models\admin\Administradores.php(32): CodeIgniter\Database\BaseBuilder->get()
#5 C:\xampp\htdocs\Codeigniter4\app\Controllers\invitado\LoginController.php(77): App\Models\admin\Administradores->obtenerAdmin(Array)
#6 C:\xampp\htdocs\Codeigniter4\system\CodeIgniter.php(934): App\Controllers\invitado\LoginController->verificar_login()
#7 C:\xampp\htdocs\Codeigniter4\system\CodeIgniter.php(499): CodeIgniter\CodeIgniter->runController(Object(App\Controllers\invitado\LoginController))
#8 C:\xampp\htdocs\Codeigniter4\system\CodeIgniter.php(368): CodeIgniter\CodeIgniter->handleRequest(NULL, Object(Config\Cache), false)
#9 C:\xampp\htdocs\Codeigniter4\index.php(67): CodeIgniter\CodeIgniter->run()
#10 {main}
CRITICAL - 2023-05-08 05:25:58 --> Unknown column 'correo' in 'where clause'
in SYSTEMPATH\Database\BaseConnection.php on line 645.
 1 SYSTEMPATH\Database\BaseBuilder.php(1602): CodeIgniter\Database\BaseConnection->query('SELECT *
FROM `administradores`
WHERE `correo` = :correo:', [...], false)
 2 APPPATH\Models\admin\Administradores.php(32): CodeIgniter\Database\BaseBuilder->get()
 3 APPPATH\Controllers\invitado\LoginController.php(77): App\Models\admin\Administradores->obtenerAdmin([...])
 4 SYSTEMPATH\CodeIgniter.php(934): App\Controllers\invitado\LoginController->verificar_login()
 5 SYSTEMPATH\CodeIgniter.php(499): CodeIgniter\CodeIgniter->runController(Object(App\Controllers\invitado\LoginController))
 6 SYSTEMPATH\CodeIgniter.php(368): CodeIgniter\CodeIgniter->handleRequest(null, Object(Config\Cache), false)
 7 FCPATH\index.php(67): CodeIgniter\CodeIgniter->run()
CRITICAL - 2023-05-08 05:41:31 --> Undefined global variable $_SESSION
in APPPATH\Views\admin\inicio.php on line 2.
 1 APPPATH\Views\admin\inicio.php(2): CodeIgniter\Debug\Exceptions->errorHandler(2, 'Undefined global variable $_SESSION', 'APPPATH\\Views\\admin\\inicio.php', 2)
 2 SYSTEMPATH\View\View.php(213): include('APPPATH\\Views\\admin\\inicio.php')
 3 SYSTEMPATH\View\View.php(216): CodeIgniter\View\View->CodeIgniter\View\{closure}()
 4 SYSTEMPATH\Common.php(1177): CodeIgniter\View\View->render('admin/inicio', [], true)
 5 APPPATH\Controllers\admin\AdminController.php(14): view('admin/inicio', [...])
 6 SYSTEMPATH\CodeIgniter.php(934): App\Controllers\admin\AdminController->index()
 7 SYSTEMPATH\CodeIgniter.php(499): CodeIgniter\CodeIgniter->runController(Object(App\Controllers\admin\AdminController))
 8 SYSTEMPATH\CodeIgniter.php(368): CodeIgniter\CodeIgniter->handleRequest(null, Object(Config\Cache), false)
 9 FCPATH\index.php(67): CodeIgniter\CodeIgniter->run()
CRITICAL - 2023-05-08 05:42:11 --> Call to undefined method App\Models\usuario\RegistrarUsuario::traerDatosAdminPorCorreo
in SYSTEMPATH\Model.php on line 841.
 1 APPPATH\Controllers\invitado\LoginController.php(85): CodeIgniter\Model->__call('traerDatosAdminPorCorreo', [...])
 2 SYSTEMPATH\CodeIgniter.php(934): App\Controllers\invitado\LoginController->verificar_login()
 3 SYSTEMPATH\CodeIgniter.php(499): CodeIgniter\CodeIgniter->runController(Object(App\Controllers\invitado\LoginController))
 4 SYSTEMPATH\CodeIgniter.php(368): CodeIgniter\CodeIgniter->handleRequest(null, Object(Config\Cache), false)
 5 FCPATH\index.php(67): CodeIgniter\CodeIgniter->run()
ERROR - 2023-05-08 05:43:08 --> mysqli_sql_exception: Unknown column 'usuarios.correo' in 'where clause' in C:\xampp\htdocs\Codeigniter4\system\Database\MySQLi\Connection.php:295
Stack trace:
#0 C:\xampp\htdocs\Codeigniter4\system\Database\MySQLi\Connection.php(295): mysqli->query('SELECT administ...', 0)
#1 C:\xampp\htdocs\Codeigniter4\system\Database\BaseConnection.php(691): CodeIgniter\Database\MySQLi\Connection->execute('SELECT administ...')
#2 C:\xampp\htdocs\Codeigniter4\system\Database\BaseConnection.php(605): CodeIgniter\Database\BaseConnection->simpleQuery('SELECT administ...')
#3 C:\xampp\htdocs\Codeigniter4\app\Models\admin\Administradores.php(36): CodeIgniter\Database\BaseConnection->query('SELECT administ...', Array)
#4 C:\xampp\htdocs\Codeigniter4\app\Controllers\invitado\LoginController.php(84): App\Models\admin\Administradores->traerDatosAdminPorCorreo('cristopher@worl...')
#5 C:\xampp\htdocs\Codeigniter4\system\CodeIgniter.php(934): App\Controllers\invitado\LoginController->verificar_login()
#6 C:\xampp\htdocs\Codeigniter4\system\CodeIgniter.php(499): CodeIgniter\CodeIgniter->runController(Object(App\Controllers\invitado\LoginController))
#7 C:\xampp\htdocs\Codeigniter4\system\CodeIgniter.php(368): CodeIgniter\CodeIgniter->handleRequest(NULL, Object(Config\Cache), false)
#8 C:\xampp\htdocs\Codeigniter4\index.php(67): CodeIgniter\CodeIgniter->run()
#9 {main}
CRITICAL - 2023-05-08 05:43:08 --> Unknown column 'usuarios.correo' in 'where clause'
in SYSTEMPATH\Database\BaseConnection.php on line 645.
 1 APPPATH\Models\admin\Administradores.php(36): CodeIgniter\Database\BaseConnection->query('SELECT administradores.nombre, administradores.apellidos, administradores.correoElectronico,
                                   administradores.telefono         
                                   FROM administradores 
                                   WHERE usuarios.correo = ?', [...])
 2 APPPATH\Controllers\invitado\LoginController.php(84): App\Models\admin\Administradores->traerDatosAdminPorCorreo('cristopher@worldgames.com')
 3 SYSTEMPATH\CodeIgniter.php(934): App\Controllers\invitado\LoginController->verificar_login()
 4 SYSTEMPATH\CodeIgniter.php(499): CodeIgniter\CodeIgniter->runController(Object(App\Controllers\invitado\LoginController))
 5 SYSTEMPATH\CodeIgniter.php(368): CodeIgniter\CodeIgniter->handleRequest(null, Object(Config\Cache), false)
 6 FCPATH\index.php(67): CodeIgniter\CodeIgniter->run()
CRITICAL - 2023-05-08 05:50:53 --> ini_set(): Session ini settings cannot be changed when a session is active
in SYSTEMPATH\Session\Handlers\FileHandler.php on line 72.
 1 [internal function]: CodeIgniter\Debug\Exceptions->errorHandler(2, 'ini_set(): Session ini settings cannot be changed when a session is active', 'SYSTEMPATH\\Session\\Handlers\\FileHandler.php', 72)
 2 SYSTEMPATH\Session\Handlers\FileHandler.php(72): ini_set('session.save_path', 'FCPATH\\writable\\session')
 3 SYSTEMPATH\Config\Services.php(667): CodeIgniter\Session\Handlers\FileHandler->__construct(Object(Config\App), '::1')
 4 SYSTEMPATH\Config\BaseService.php(252): CodeIgniter\Config\Services::session(Object(Config\App), false)
 5 SYSTEMPATH\Config\BaseService.php(193): CodeIgniter\Config\BaseService::__callStatic('session', [...])
 6 SYSTEMPATH\Config\Services.php(641): CodeIgniter\Config\BaseService::getSharedInstance('session', null)
 7 SYSTEMPATH\Config\BaseService.php(252): CodeIgniter\Config\Services::session()
 8 SYSTEMPATH\Common.php(979): CodeIgniter\Config\BaseService::__callStatic('session', [])
 9 APPPATH\Views\admin\inicio.php(19): session('datosAdministrador')
10 SYSTEMPATH\View\View.php(213): include('APPPATH\\Views\\admin\\inicio.php')
11 SYSTEMPATH\View\View.php(216): CodeIgniter\View\View->CodeIgniter\View\{closure}()
12 SYSTEMPATH\Common.php(1177): CodeIgniter\View\View->render('admin/inicio', [], true)
13 APPPATH\Controllers\admin\AdminController.php(14): view('admin/inicio', [...])
14 SYSTEMPATH\CodeIgniter.php(934): App\Controllers\admin\AdminController->index()
15 SYSTEMPATH\CodeIgniter.php(499): CodeIgniter\CodeIgniter->runController(Object(App\Controllers\admin\AdminController))
16 SYSTEMPATH\CodeIgniter.php(368): CodeIgniter\CodeIgniter->handleRequest(null, Object(Config\Cache), false)
17 FCPATH\index.php(67): CodeIgniter\CodeIgniter->run()
CRITICAL - 2023-05-08 05:51:18 --> ini_set(): Session ini settings cannot be changed when a session is active
in SYSTEMPATH\Session\Handlers\FileHandler.php on line 72.
 1 [internal function]: CodeIgniter\Debug\Exceptions->errorHandler(2, 'ini_set(): Session ini settings cannot be changed when a session is active', 'SYSTEMPATH\\Session\\Handlers\\FileHandler.php', 72)
 2 SYSTEMPATH\Session\Handlers\FileHandler.php(72): ini_set('session.save_path', 'FCPATH\\writable\\session')
 3 SYSTEMPATH\Config\Services.php(667): CodeIgniter\Session\Handlers\FileHandler->__construct(Object(Config\App), '::1')
 4 SYSTEMPATH\Config\BaseService.php(252): CodeIgniter\Config\Services::session(Object(Config\App), false)
 5 SYSTEMPATH\Config\BaseService.php(193): CodeIgniter\Config\BaseService::__callStatic('session', [...])
 6 SYSTEMPATH\Config\Services.php(641): CodeIgniter\Config\BaseService::getSharedInstance('session', null)
 7 SYSTEMPATH\Config\BaseService.php(252): CodeIgniter\Config\Services::session()
 8 SYSTEMPATH\Common.php(979): CodeIgniter\Config\BaseService::__callStatic('session', [])
 9 APPPATH\Views\admin\inicio.php(19): session('datosAdministrador')
10 SYSTEMPATH\View\View.php(213): include('APPPATH\\Views\\admin\\inicio.php')
11 SYSTEMPATH\View\View.php(216): CodeIgniter\View\View->CodeIgniter\View\{closure}()
12 SYSTEMPATH\Common.php(1177): CodeIgniter\View\View->render('admin/inicio', [], true)
13 APPPATH\Controllers\admin\AdminController.php(14): view('admin/inicio', [...])
14 SYSTEMPATH\CodeIgniter.php(934): App\Controllers\admin\AdminController->index()
15 SYSTEMPATH\CodeIgniter.php(499): CodeIgniter\CodeIgniter->runController(Object(App\Controllers\admin\AdminController))
16 SYSTEMPATH\CodeIgniter.php(368): CodeIgniter\CodeIgniter->handleRequest(null, Object(Config\Cache), false)
17 FCPATH\index.php(67): CodeIgniter\CodeIgniter->run()
CRITICAL - 2023-05-08 06:02:29 --> Trying to access array offset on value of type null
in APPPATH\Views\admin\inicio.php on line 26.
 1 APPPATH\Views\admin\inicio.php(26): CodeIgniter\Debug\Exceptions->errorHandler(2, 'Trying to access array offset on value of type null', 'APPPATH\\Views\\admin\\inicio.php', 26)
 2 SYSTEMPATH\View\View.php(213): include('APPPATH\\Views\\admin\\inicio.php')
 3 SYSTEMPATH\View\View.php(216): CodeIgniter\View\View->CodeIgniter\View\{closure}()
 4 SYSTEMPATH\Common.php(1177): CodeIgniter\View\View->render('admin/inicio', [], true)
 5 APPPATH\Controllers\admin\AdminController.php(14): view('admin/inicio', [...])
 6 SYSTEMPATH\CodeIgniter.php(934): App\Controllers\admin\AdminController->index()
 7 SYSTEMPATH\CodeIgniter.php(499): CodeIgniter\CodeIgniter->runController(Object(App\Controllers\admin\AdminController))
 8 SYSTEMPATH\CodeIgniter.php(368): CodeIgniter\CodeIgniter->handleRequest(null, Object(Config\Cache), false)
 9 FCPATH\index.php(67): CodeIgniter\CodeIgniter->run()
