CRITICAL - 2023-05-12 01:20:27 --> Undefined array key "precioDeseo"
in APPPATH\Views\invitado\lanzamientos.php on line 71.
 1 APPPATH\Views\invitado\lanzamientos.php(71): CodeIgniter\Debug\Exceptions->errorHandler(2, 'Undefined array key "precioDeseo"', 'APPPATH\\Views\\invitado\\lanzamientos.php', 71)
 2 SYSTEMPATH\View\View.php(213): include('APPPATH\\Views\\invitado\\lanzamientos.php')
 3 SYSTEMPATH\View\View.php(216): CodeIgniter\View\View->CodeIgniter\View\{closure}()
 4 SYSTEMPATH\Common.php(1177): CodeIgniter\View\View->render('invitado/lanzamientos', [], true)
 5 APPPATH\Controllers\usuario\LanzamientosController.php(27): view('invitado/lanzamientos', [...])
 6 SYSTEMPATH\CodeIgniter.php(934): App\Controllers\usuario\LanzamientosController->showLanzamientos()
 7 SYSTEMPATH\CodeIgniter.php(499): CodeIgniter\CodeIgniter->runController(Object(App\Controllers\usuario\LanzamientosController))
 8 SYSTEMPATH\CodeIgniter.php(368): CodeIgniter\CodeIgniter->handleRequest(null, Object(Config\Cache), false)
 9 FCPATH\index.php(67): CodeIgniter\CodeIgniter->run()
CRITICAL - 2023-05-12 01:31:23 --> Undefined array key "nombreConsola"
in APPPATH\Views\invitado\lanzamientos.php on line 69.
 1 APPPATH\Views\invitado\lanzamientos.php(69): CodeIgniter\Debug\Exceptions->errorHandler(2, 'Undefined array key "nombreConsola"', 'APPPATH\\Views\\invitado\\lanzamientos.php', 69)
 2 SYSTEMPATH\View\View.php(213): include('APPPATH\\Views\\invitado\\lanzamientos.php')
 3 SYSTEMPATH\View\View.php(216): CodeIgniter\View\View->CodeIgniter\View\{closure}()
 4 SYSTEMPATH\Common.php(1177): CodeIgniter\View\View->render('invitado/lanzamientos', [], true)
 5 APPPATH\Controllers\usuario\LanzamientosController.php(27): view('invitado/lanzamientos', [...])
 6 SYSTEMPATH\CodeIgniter.php(934): App\Controllers\usuario\LanzamientosController->showLanzamientos()
 7 SYSTEMPATH\CodeIgniter.php(499): CodeIgniter\CodeIgniter->runController(Object(App\Controllers\usuario\LanzamientosController))
 8 SYSTEMPATH\CodeIgniter.php(368): CodeIgniter\CodeIgniter->handleRequest(null, Object(Config\Cache), false)
 9 FCPATH\index.php(67): CodeIgniter\CodeIgniter->run()
CRITICAL - 2023-05-12 05:25:05 --> Undefined array key "password1"
in APPPATH\Controllers\usuario\UpdatePasswordController.php on line 42.
 1 APPPATH\Controllers\usuario\UpdatePasswordController.php(42): CodeIgniter\Debug\Exceptions->errorHandler(2, 'Undefined array key "password1"', 'APPPATH\\Controllers\\usuario\\UpdatePasswordController.php', 42)
 2 SYSTEMPATH\CodeIgniter.php(934): App\Controllers\usuario\UpdatePasswordController->updatePassword()
 3 SYSTEMPATH\CodeIgniter.php(499): CodeIgniter\CodeIgniter->runController(Object(App\Controllers\usuario\UpdatePasswordController))
 4 SYSTEMPATH\CodeIgniter.php(368): CodeIgniter\CodeIgniter->handleRequest(null, Object(Config\Cache), false)
 5 FCPATH\index.php(67): CodeIgniter\CodeIgniter->run()
CRITICAL - 2023-05-12 05:27:38 --> Undefined array key "password2"
in APPPATH\Controllers\usuario\UpdatePasswordController.php on line 43.
 1 APPPATH\Controllers\usuario\UpdatePasswordController.php(43): CodeIgniter\Debug\Exceptions->errorHandler(2, 'Undefined array key "password2"', 'APPPATH\\Controllers\\usuario\\UpdatePasswordController.php', 43)
 2 SYSTEMPATH\CodeIgniter.php(934): App\Controllers\usuario\UpdatePasswordController->updatePassword()
 3 SYSTEMPATH\CodeIgniter.php(499): CodeIgniter\CodeIgniter->runController(Object(App\Controllers\usuario\UpdatePasswordController))
 4 SYSTEMPATH\CodeIgniter.php(368): CodeIgniter\CodeIgniter->handleRequest(null, Object(Config\Cache), false)
 5 FCPATH\index.php(67): CodeIgniter\CodeIgniter->run()
CRITICAL - 2023-05-12 05:40:19 --> Invalid file: "invitado/updatePassword.php"
in SYSTEMPATH\Exceptions\FrameworkException.php on line 33.
 1 SYSTEMPATH\View\View.php(201): CodeIgniter\Exceptions\FrameworkException::forInvalidFile('invitado/updatePassword.php')
 2 SYSTEMPATH\Common.php(1177): CodeIgniter\View\View->render('invitado/updatePassword', [], true)
 3 APPPATH\Controllers\usuario\UpdatePasswordController.php(35): view('invitado/updatePassword')
 4 SYSTEMPATH\CodeIgniter.php(934): App\Controllers\usuario\UpdatePasswordController->showUpdatePassword()
 5 SYSTEMPATH\CodeIgniter.php(499): CodeIgniter\CodeIgniter->runController(Object(App\Controllers\usuario\UpdatePasswordController))
 6 SYSTEMPATH\CodeIgniter.php(368): CodeIgniter\CodeIgniter->handleRequest(null, Object(Config\Cache), false)
 7 FCPATH\index.php(67): CodeIgniter\CodeIgniter->run()
CRITICAL - 2023-05-12 05:44:11 --> Undefined array key "contrasenia"
in APPPATH\Controllers\usuario\UpdatePasswordController.php on line 42.
 1 APPPATH\Controllers\usuario\UpdatePasswordController.php(42): CodeIgniter\Debug\Exceptions->errorHandler(2, 'Undefined array key "contrasenia"', 'APPPATH\\Controllers\\usuario\\UpdatePasswordController.php', 42)
 2 SYSTEMPATH\CodeIgniter.php(934): App\Controllers\usuario\UpdatePasswordController->updatePassword()
 3 SYSTEMPATH\CodeIgniter.php(499): CodeIgniter\CodeIgniter->runController(Object(App\Controllers\usuario\UpdatePasswordController))
 4 SYSTEMPATH\CodeIgniter.php(368): CodeIgniter\CodeIgniter->handleRequest(null, Object(Config\Cache), false)
 5 FCPATH\index.php(67): CodeIgniter\CodeIgniter->run()
CRITICAL - 2023-05-12 05:44:44 --> Undefined array key "contrasenia"
in APPPATH\Controllers\usuario\UpdatePasswordController.php on line 42.
 1 APPPATH\Controllers\usuario\UpdatePasswordController.php(42): CodeIgniter\Debug\Exceptions->errorHandler(2, 'Undefined array key "contrasenia"', 'APPPATH\\Controllers\\usuario\\UpdatePasswordController.php', 42)
 2 SYSTEMPATH\CodeIgniter.php(934): App\Controllers\usuario\UpdatePasswordController->updatePassword()
 3 SYSTEMPATH\CodeIgniter.php(499): CodeIgniter\CodeIgniter->runController(Object(App\Controllers\usuario\UpdatePasswordController))
 4 SYSTEMPATH\CodeIgniter.php(368): CodeIgniter\CodeIgniter->handleRequest(null, Object(Config\Cache), false)
 5 FCPATH\index.php(67): CodeIgniter\CodeIgniter->run()
CRITICAL - 2023-05-12 06:13:45 --> Too few arguments to function App\Controllers\usuario\UpdatePasswordController::showUpdatePassword2(), 0 passed in C:\xampp\htdocs\Codeigniter4\system\CodeIgniter.php on line 934 and exactly 1 expected
in APPPATH\Controllers\usuario\UpdatePasswordController.php on line 27.
 1 SYSTEMPATH\CodeIgniter.php(934): App\Controllers\usuario\UpdatePasswordController->showUpdatePassword2()
 2 SYSTEMPATH\CodeIgniter.php(499): CodeIgniter\CodeIgniter->runController(Object(App\Controllers\usuario\UpdatePasswordController))
 3 SYSTEMPATH\CodeIgniter.php(368): CodeIgniter\CodeIgniter->handleRequest(null, Object(Config\Cache), false)
 4 FCPATH\index.php(67): CodeIgniter\CodeIgniter->run()
CRITICAL - 2023-05-12 06:14:37 --> Too few arguments to function App\Controllers\usuario\UpdatePasswordController::showUpdatePassword2(), 0 passed in C:\xampp\htdocs\Codeigniter4\system\CodeIgniter.php on line 934 and exactly 1 expected
in APPPATH\Controllers\usuario\UpdatePasswordController.php on line 27.
 1 SYSTEMPATH\CodeIgniter.php(934): App\Controllers\usuario\UpdatePasswordController->showUpdatePassword2()
 2 SYSTEMPATH\CodeIgniter.php(499): CodeIgniter\CodeIgniter->runController(Object(App\Controllers\usuario\UpdatePasswordController))
 3 SYSTEMPATH\CodeIgniter.php(368): CodeIgniter\CodeIgniter->handleRequest(null, Object(Config\Cache), false)
 4 FCPATH\index.php(67): CodeIgniter\CodeIgniter->run()
CRITICAL - 2023-05-12 08:56:27 --> Attempt to read property "idUsuario" on null
in APPPATH\Models\usuario\RegistrarUsuario.php on line 93.
 1 APPPATH\Models\usuario\RegistrarUsuario.php(93): CodeIgniter\Debug\Exceptions->errorHandler(2, 'Attempt to read property "idUsuario" on null', 'APPPATH\\Models\\usuario\\RegistrarUsuario.php', 93)
 2 APPPATH\Controllers\usuario\UpdatePasswordController.php(62): App\Models\usuario\RegistrarUsuario->traerId('C:\\xampp\\htdocs\\Codeigniter4')
 3 SYSTEMPATH\CodeIgniter.php(934): App\Controllers\usuario\UpdatePasswordController->updatePasswordTest()
 4 SYSTEMPATH\CodeIgniter.php(499): CodeIgniter\CodeIgniter->runController(Object(App\Controllers\usuario\UpdatePasswordController))
 5 SYSTEMPATH\CodeIgniter.php(368): CodeIgniter\CodeIgniter->handleRequest(null, Object(Config\Cache), false)
 6 FCPATH\index.php(67): CodeIgniter\CodeIgniter->run()
CRITICAL - 2023-05-12 08:58:43 --> Attempt to read property "idUsuario" on null
in APPPATH\Models\usuario\RegistrarUsuario.php on line 93.
 1 APPPATH\Models\usuario\RegistrarUsuario.php(93): CodeIgniter\Debug\Exceptions->errorHandler(2, 'Attempt to read property "idUsuario" on null', 'APPPATH\\Models\\usuario\\RegistrarUsuario.php', 93)
 2 APPPATH\Controllers\usuario\UpdatePasswordController.php(62): App\Models\usuario\RegistrarUsuario->traerId('C:\\xampp\\htdocs\\Codeigniter4')
 3 SYSTEMPATH\CodeIgniter.php(934): App\Controllers\usuario\UpdatePasswordController->updatePasswordTest()
 4 SYSTEMPATH\CodeIgniter.php(499): CodeIgniter\CodeIgniter->runController(Object(App\Controllers\usuario\UpdatePasswordController))
 5 SYSTEMPATH\CodeIgniter.php(368): CodeIgniter\CodeIgniter->handleRequest(null, Object(Config\Cache), false)
 6 FCPATH\index.php(67): CodeIgniter\CodeIgniter->run()
ERROR - 2023-05-12 17:19:17 --> mysqli_sql_exception: MySQL server has gone away in C:\xampp\htdocs\Codeigniter4\system\Database\MySQLi\Connection.php:295
Stack trace:
#0 C:\xampp\htdocs\Codeigniter4\system\Database\MySQLi\Connection.php(295): mysqli->query('SELECT v.idVide...', 0)
#1 C:\xampp\htdocs\Codeigniter4\system\Database\BaseConnection.php(691): CodeIgniter\Database\MySQLi\Connection->execute('SELECT v.idVide...')
#2 C:\xampp\htdocs\Codeigniter4\system\Database\BaseConnection.php(605): CodeIgniter\Database\BaseConnection->simpleQuery('SELECT v.idVide...')
#3 C:\xampp\htdocs\Codeigniter4\app\Models\Videojuegos.php(47): CodeIgniter\Database\BaseConnection->query('SELECT v.idVide...')
#4 C:\xampp\htdocs\Codeigniter4\app\Controllers\invitado\Inicio.php(25): App\Models\Videojuegos->getVideogamesCartInicio()
#5 C:\xampp\htdocs\Codeigniter4\system\CodeIgniter.php(934): App\Controllers\invitado\Inicio->index()
#6 C:\xampp\htdocs\Codeigniter4\system\CodeIgniter.php(499): CodeIgniter\CodeIgniter->runController(Object(App\Controllers\invitado\Inicio))
#7 C:\xampp\htdocs\Codeigniter4\system\CodeIgniter.php(368): CodeIgniter\CodeIgniter->handleRequest(NULL, Object(Config\Cache), false)
#8 C:\xampp\htdocs\Codeigniter4\index.php(67): CodeIgniter\CodeIgniter->run()
#9 {main}
CRITICAL - 2023-05-12 17:19:17 --> MySQL server has gone away
in SYSTEMPATH\Database\BaseConnection.php on line 645.
 1 APPPATH\Models\Videojuegos.php(47): CodeIgniter\Database\BaseConnection->query('SELECT v.idVideojuego, v.nombre, v.descripcion, v.imagen, v.precio, v.cantidadInventario,v.idConsola,v.idCategoria, c.nombre as nombreConsola 
            FROM videojuego v 
            INNER JOIN consola c ON v.idConsola = c.idConsola 
            WHERE v.idConsola IN (1, 2, 3) LIMIT 10')
 2 APPPATH\Controllers\invitado\Inicio.php(25): App\Models\Videojuegos->getVideogamesCartInicio()
 3 SYSTEMPATH\CodeIgniter.php(934): App\Controllers\invitado\Inicio->index()
 4 SYSTEMPATH\CodeIgniter.php(499): CodeIgniter\CodeIgniter->runController(Object(App\Controllers\invitado\Inicio))
 5 SYSTEMPATH\CodeIgniter.php(368): CodeIgniter\CodeIgniter->handleRequest(null, Object(Config\Cache), false)
 6 FCPATH\index.php(67): CodeIgniter\CodeIgniter->run()
CRITICAL - 2023-05-12 17:51:55 --> Array to string conversion
in APPPATH\Views\admin\registroVideojuegos.php on line 60.
 1 APPPATH\Views\admin\registroVideojuegos.php(60): CodeIgniter\Debug\Exceptions->errorHandler(2, 'Array to string conversion', 'APPPATH\\Views\\admin\\registroVideojuegos.php', 60)
 2 SYSTEMPATH\View\View.php(213): include('APPPATH\\Views\\admin\\registroVideojuegos.php')
 3 SYSTEMPATH\View\View.php(216): CodeIgniter\View\View->CodeIgniter\View\{closure}()
 4 SYSTEMPATH\Common.php(1177): CodeIgniter\View\View->render('admin/registroVideojuegos', [], true)
 5 APPPATH\Controllers\admin\AgregarJuegoController.php(36): view('admin/registroVideojuegos', [...])
 6 SYSTEMPATH\CodeIgniter.php(934): App\Controllers\admin\AgregarJuegoController->index()
 7 SYSTEMPATH\CodeIgniter.php(499): CodeIgniter\CodeIgniter->runController(Object(App\Controllers\admin\AgregarJuegoController))
 8 SYSTEMPATH\CodeIgniter.php(368): CodeIgniter\CodeIgniter->handleRequest(null, Object(Config\Cache), false)
 9 FCPATH\index.php(67): CodeIgniter\CodeIgniter->run()
