CRITICAL - 2023-05-07 05:34:54 --> in_array(): Argument #2 ($haystack) must be of type array, string given
in APPPATH\Views\usuario\cardsGames.php on line 254.
 1 APPPATH\Views\usuario\cardsGames.php(254): in_array([...], '57')
 2 SYSTEMPATH\View\View.php(213): include('APPPATH\\Views\\usuario\\cardsGames.php')
 3 SYSTEMPATH\View\View.php(216): CodeIgniter\View\View->CodeIgniter\View\{closure}()
 4 SYSTEMPATH\Common.php(1177): CodeIgniter\View\View->render('usuario/cardsGames', [], true)
 5 APPPATH\Controllers\invitado\Inicio.php(66): view('usuario/cardsGames', [...])
 6 SYSTEMPATH\CodeIgniter.php(934): App\Controllers\invitado\Inicio->indexLog()
 7 SYSTEMPATH\CodeIgniter.php(499): CodeIgniter\CodeIgniter->runController(Object(App\Controllers\invitado\Inicio))
 8 SYSTEMPATH\CodeIgniter.php(368): CodeIgniter\CodeIgniter->handleRequest(null, Object(Config\Cache), false)
 9 FCPATH\index.php(67): CodeIgniter\CodeIgniter->run()
CRITICAL - 2023-05-07 05:52:30 --> in_array(): Argument #2 ($haystack) must be of type array, string given
in APPPATH\Views\usuario\cardsGames.php on line 261.
 1 APPPATH\Views\usuario\cardsGames.php(261): in_array([...], '57')
 2 SYSTEMPATH\View\View.php(213): include('APPPATH\\Views\\usuario\\cardsGames.php')
 3 SYSTEMPATH\View\View.php(216): CodeIgniter\View\View->CodeIgniter\View\{closure}()
 4 SYSTEMPATH\Common.php(1177): CodeIgniter\View\View->render('usuario/cardsGames', [], true)
 5 APPPATH\Controllers\invitado\Inicio.php(66): view('usuario/cardsGames', [...])
 6 SYSTEMPATH\CodeIgniter.php(934): App\Controllers\invitado\Inicio->indexLog()
 7 SYSTEMPATH\CodeIgniter.php(499): CodeIgniter\CodeIgniter->runController(Object(App\Controllers\invitado\Inicio))
 8 SYSTEMPATH\CodeIgniter.php(368): CodeIgniter\CodeIgniter->handleRequest(null, Object(Config\Cache), false)
 9 FCPATH\index.php(67): CodeIgniter\CodeIgniter->run()
CRITICAL - 2023-05-07 06:19:23 --> Undefined variable $juego
in APPPATH\Views\usuario\listaDeseos.php on line 40.
 1 APPPATH\Views\usuario\listaDeseos.php(40): CodeIgniter\Debug\Exceptions->errorHandler(2, 'Undefined variable $juego', 'APPPATH\\Views\\usuario\\listaDeseos.php', 40)
 2 SYSTEMPATH\View\View.php(213): include('APPPATH\\Views\\usuario\\listaDeseos.php')
 3 SYSTEMPATH\View\View.php(216): CodeIgniter\View\View->CodeIgniter\View\{closure}()
 4 SYSTEMPATH\Common.php(1177): CodeIgniter\View\View->render('usuario/listaDeseos', [], true)
 5 APPPATH\Controllers\usuario\DeseosController.php(40): view('usuario/listaDeseos')
 6 SYSTEMPATH\CodeIgniter.php(934): App\Controllers\usuario\DeseosController->listaDeseos()
 7 SYSTEMPATH\CodeIgniter.php(499): CodeIgniter\CodeIgniter->runController(Object(App\Controllers\usuario\DeseosController))
 8 SYSTEMPATH\CodeIgniter.php(368): CodeIgniter\CodeIgniter->handleRequest(null, Object(Config\Cache), false)
 9 FCPATH\index.php(67): CodeIgniter\CodeIgniter->run()
CRITICAL - 2023-05-07 06:26:16 --> Undefined variable $items
in APPPATH\Views\usuario\listaDeseos.php on line 22.
 1 APPPATH\Views\usuario\listaDeseos.php(22): CodeIgniter\Debug\Exceptions->errorHandler(2, 'Undefined variable $items', 'APPPATH\\Views\\usuario\\listaDeseos.php', 22)
 2 SYSTEMPATH\View\View.php(213): include('APPPATH\\Views\\usuario\\listaDeseos.php')
 3 SYSTEMPATH\View\View.php(216): CodeIgniter\View\View->CodeIgniter\View\{closure}()
 4 SYSTEMPATH\Common.php(1177): CodeIgniter\View\View->render('usuario/listaDeseos', [], true)
 5 APPPATH\Controllers\usuario\DeseosController.php(40): view('usuario/listaDeseos')
 6 SYSTEMPATH\CodeIgniter.php(934): App\Controllers\usuario\DeseosController->listaDeseos()
 7 SYSTEMPATH\CodeIgniter.php(499): CodeIgniter\CodeIgniter->runController(Object(App\Controllers\usuario\DeseosController))
 8 SYSTEMPATH\CodeIgniter.php(368): CodeIgniter\CodeIgniter->handleRequest(null, Object(Config\Cache), false)
 9 FCPATH\index.php(67): CodeIgniter\CodeIgniter->run()
CRITICAL - 2023-05-07 06:26:27 --> Undefined array key "image"
in APPPATH\Views\usuario\listaDeseos.php on line 31.
 1 APPPATH\Views\usuario\listaDeseos.php(31): CodeIgniter\Debug\Exceptions->errorHandler(2, 'Undefined array key "image"', 'APPPATH\\Views\\usuario\\listaDeseos.php', 31)
 2 SYSTEMPATH\View\View.php(213): include('APPPATH\\Views\\usuario\\listaDeseos.php')
 3 SYSTEMPATH\View\View.php(216): CodeIgniter\View\View->CodeIgniter\View\{closure}()
 4 SYSTEMPATH\Common.php(1177): CodeIgniter\View\View->render('usuario/listaDeseos', [], true)
 5 APPPATH\Controllers\usuario\DeseosController.php(40): view('usuario/listaDeseos')
 6 SYSTEMPATH\CodeIgniter.php(934): App\Controllers\usuario\DeseosController->listaDeseos()
 7 SYSTEMPATH\CodeIgniter.php(499): CodeIgniter\CodeIgniter->runController(Object(App\Controllers\usuario\DeseosController))
 8 SYSTEMPATH\CodeIgniter.php(368): CodeIgniter\CodeIgniter->handleRequest(null, Object(Config\Cache), false)
 9 FCPATH\index.php(67): CodeIgniter\CodeIgniter->run()
CRITICAL - 2023-05-07 06:26:51 --> Undefined array key "title"
in APPPATH\Views\usuario\listaDeseos.php on line 31.
 1 APPPATH\Views\usuario\listaDeseos.php(31): CodeIgniter\Debug\Exceptions->errorHandler(2, 'Undefined array key "title"', 'APPPATH\\Views\\usuario\\listaDeseos.php', 31)
 2 SYSTEMPATH\View\View.php(213): include('APPPATH\\Views\\usuario\\listaDeseos.php')
 3 SYSTEMPATH\View\View.php(216): CodeIgniter\View\View->CodeIgniter\View\{closure}()
 4 SYSTEMPATH\Common.php(1177): CodeIgniter\View\View->render('usuario/listaDeseos', [], true)
 5 APPPATH\Controllers\usuario\DeseosController.php(40): view('usuario/listaDeseos')
 6 SYSTEMPATH\CodeIgniter.php(934): App\Controllers\usuario\DeseosController->listaDeseos()
 7 SYSTEMPATH\CodeIgniter.php(499): CodeIgniter\CodeIgniter->runController(Object(App\Controllers\usuario\DeseosController))
 8 SYSTEMPATH\CodeIgniter.php(368): CodeIgniter\CodeIgniter->handleRequest(null, Object(Config\Cache), false)
 9 FCPATH\index.php(67): CodeIgniter\CodeIgniter->run()
CRITICAL - 2023-05-07 07:17:10 --> Undefined array key "descripcionDeseo"
in APPPATH\Views\usuario\listaDeseos.php on line 65.
 1 APPPATH\Views\usuario\listaDeseos.php(65): CodeIgniter\Debug\Exceptions->errorHandler(2, 'Undefined array key "descripcionDeseo"', 'APPPATH\\Views\\usuario\\listaDeseos.php', 65)
 2 SYSTEMPATH\View\View.php(213): include('APPPATH\\Views\\usuario\\listaDeseos.php')
 3 SYSTEMPATH\View\View.php(216): CodeIgniter\View\View->CodeIgniter\View\{closure}()
 4 SYSTEMPATH\Common.php(1177): CodeIgniter\View\View->render('usuario/listaDeseos', [], true)
 5 APPPATH\Controllers\usuario\DeseosController.php(40): view('usuario/listaDeseos')
 6 SYSTEMPATH\CodeIgniter.php(934): App\Controllers\usuario\DeseosController->listaDeseos()
 7 SYSTEMPATH\CodeIgniter.php(499): CodeIgniter\CodeIgniter->runController(Object(App\Controllers\usuario\DeseosController))
 8 SYSTEMPATH\CodeIgniter.php(368): CodeIgniter\CodeIgniter->handleRequest(null, Object(Config\Cache), false)
 9 FCPATH\index.php(67): CodeIgniter\CodeIgniter->run()
CRITICAL - 2023-05-07 07:34:50 --> Undefined array key "deseos"
in APPPATH\Views\usuario\listaDeseos.php on line 48.
 1 APPPATH\Views\usuario\listaDeseos.php(48): CodeIgniter\Debug\Exceptions->errorHandler(2, 'Undefined array key "deseos"', 'APPPATH\\Views\\usuario\\listaDeseos.php', 48)
 2 SYSTEMPATH\View\View.php(213): include('APPPATH\\Views\\usuario\\listaDeseos.php')
 3 SYSTEMPATH\View\View.php(216): CodeIgniter\View\View->CodeIgniter\View\{closure}()
 4 SYSTEMPATH\Common.php(1177): CodeIgniter\View\View->render('usuario/listaDeseos', [], true)
 5 APPPATH\Controllers\usuario\DeseosController.php(40): view('usuario/listaDeseos')
 6 SYSTEMPATH\CodeIgniter.php(934): App\Controllers\usuario\DeseosController->listaDeseos()
 7 SYSTEMPATH\CodeIgniter.php(499): CodeIgniter\CodeIgniter->runController(Object(App\Controllers\usuario\DeseosController))
 8 SYSTEMPATH\CodeIgniter.php(368): CodeIgniter\CodeIgniter->handleRequest(null, Object(Config\Cache), false)
 9 FCPATH\index.php(67): CodeIgniter\CodeIgniter->run()
CRITICAL - 2023-05-07 07:34:56 --> Undefined array key "deseos"
in APPPATH\Views\usuario\listaDeseos.php on line 48.
 1 APPPATH\Views\usuario\listaDeseos.php(48): CodeIgniter\Debug\Exceptions->errorHandler(2, 'Undefined array key "deseos"', 'APPPATH\\Views\\usuario\\listaDeseos.php', 48)
 2 SYSTEMPATH\View\View.php(213): include('APPPATH\\Views\\usuario\\listaDeseos.php')
 3 SYSTEMPATH\View\View.php(216): CodeIgniter\View\View->CodeIgniter\View\{closure}()
 4 SYSTEMPATH\Common.php(1177): CodeIgniter\View\View->render('usuario/listaDeseos', [], true)
 5 APPPATH\Controllers\usuario\DeseosController.php(40): view('usuario/listaDeseos')
 6 SYSTEMPATH\CodeIgniter.php(934): App\Controllers\usuario\DeseosController->listaDeseos()
 7 SYSTEMPATH\CodeIgniter.php(499): CodeIgniter\CodeIgniter->runController(Object(App\Controllers\usuario\DeseosController))
 8 SYSTEMPATH\CodeIgniter.php(368): CodeIgniter\CodeIgniter->handleRequest(null, Object(Config\Cache), false)
 9 FCPATH\index.php(67): CodeIgniter\CodeIgniter->run()
CRITICAL - 2023-05-07 07:34:58 --> Undefined array key "deseos"
in APPPATH\Views\usuario\listaDeseos.php on line 48.
 1 APPPATH\Views\usuario\listaDeseos.php(48): CodeIgniter\Debug\Exceptions->errorHandler(2, 'Undefined array key "deseos"', 'APPPATH\\Views\\usuario\\listaDeseos.php', 48)
 2 SYSTEMPATH\View\View.php(213): include('APPPATH\\Views\\usuario\\listaDeseos.php')
 3 SYSTEMPATH\View\View.php(216): CodeIgniter\View\View->CodeIgniter\View\{closure}()
 4 SYSTEMPATH\Common.php(1177): CodeIgniter\View\View->render('usuario/listaDeseos', [], true)
 5 APPPATH\Controllers\usuario\DeseosController.php(40): view('usuario/listaDeseos')
 6 SYSTEMPATH\CodeIgniter.php(934): App\Controllers\usuario\DeseosController->listaDeseos()
 7 SYSTEMPATH\CodeIgniter.php(499): CodeIgniter\CodeIgniter->runController(Object(App\Controllers\usuario\DeseosController))
 8 SYSTEMPATH\CodeIgniter.php(368): CodeIgniter\CodeIgniter->handleRequest(null, Object(Config\Cache), false)
 9 FCPATH\index.php(67): CodeIgniter\CodeIgniter->run()
CRITICAL - 2023-05-07 07:34:59 --> Undefined array key "deseos"
in APPPATH\Views\usuario\listaDeseos.php on line 48.
 1 APPPATH\Views\usuario\listaDeseos.php(48): CodeIgniter\Debug\Exceptions->errorHandler(2, 'Undefined array key "deseos"', 'APPPATH\\Views\\usuario\\listaDeseos.php', 48)
 2 SYSTEMPATH\View\View.php(213): include('APPPATH\\Views\\usuario\\listaDeseos.php')
 3 SYSTEMPATH\View\View.php(216): CodeIgniter\View\View->CodeIgniter\View\{closure}()
 4 SYSTEMPATH\Common.php(1177): CodeIgniter\View\View->render('usuario/listaDeseos', [], true)
 5 APPPATH\Controllers\usuario\DeseosController.php(40): view('usuario/listaDeseos')
 6 SYSTEMPATH\CodeIgniter.php(934): App\Controllers\usuario\DeseosController->listaDeseos()
 7 SYSTEMPATH\CodeIgniter.php(499): CodeIgniter\CodeIgniter->runController(Object(App\Controllers\usuario\DeseosController))
 8 SYSTEMPATH\CodeIgniter.php(368): CodeIgniter\CodeIgniter->handleRequest(null, Object(Config\Cache), false)
 9 FCPATH\index.php(67): CodeIgniter\CodeIgniter->run()
CRITICAL - 2023-05-07 07:35:00 --> Undefined array key "deseos"
in APPPATH\Views\usuario\listaDeseos.php on line 48.
 1 APPPATH\Views\usuario\listaDeseos.php(48): CodeIgniter\Debug\Exceptions->errorHandler(2, 'Undefined array key "deseos"', 'APPPATH\\Views\\usuario\\listaDeseos.php', 48)
 2 SYSTEMPATH\View\View.php(213): include('APPPATH\\Views\\usuario\\listaDeseos.php')
 3 SYSTEMPATH\View\View.php(216): CodeIgniter\View\View->CodeIgniter\View\{closure}()
 4 SYSTEMPATH\Common.php(1177): CodeIgniter\View\View->render('usuario/listaDeseos', [], true)
 5 APPPATH\Controllers\usuario\DeseosController.php(40): view('usuario/listaDeseos')
 6 SYSTEMPATH\CodeIgniter.php(934): App\Controllers\usuario\DeseosController->listaDeseos()
 7 SYSTEMPATH\CodeIgniter.php(499): CodeIgniter\CodeIgniter->runController(Object(App\Controllers\usuario\DeseosController))
 8 SYSTEMPATH\CodeIgniter.php(368): CodeIgniter\CodeIgniter->handleRequest(null, Object(Config\Cache), false)
 9 FCPATH\index.php(67): CodeIgniter\CodeIgniter->run()
CRITICAL - 2023-05-07 07:35:29 --> Undefined array key "deseos"
in APPPATH\Views\usuario\listaDeseos.php on line 48.
 1 APPPATH\Views\usuario\listaDeseos.php(48): CodeIgniter\Debug\Exceptions->errorHandler(2, 'Undefined array key "deseos"', 'APPPATH\\Views\\usuario\\listaDeseos.php', 48)
 2 SYSTEMPATH\View\View.php(213): include('APPPATH\\Views\\usuario\\listaDeseos.php')
 3 SYSTEMPATH\View\View.php(216): CodeIgniter\View\View->CodeIgniter\View\{closure}()
 4 SYSTEMPATH\Common.php(1177): CodeIgniter\View\View->render('usuario/listaDeseos', [], true)
 5 APPPATH\Controllers\usuario\DeseosController.php(40): view('usuario/listaDeseos')
 6 SYSTEMPATH\CodeIgniter.php(934): App\Controllers\usuario\DeseosController->listaDeseos()
 7 SYSTEMPATH\CodeIgniter.php(499): CodeIgniter\CodeIgniter->runController(Object(App\Controllers\usuario\DeseosController))
 8 SYSTEMPATH\CodeIgniter.php(368): CodeIgniter\CodeIgniter->handleRequest(null, Object(Config\Cache), false)
 9 FCPATH\index.php(67): CodeIgniter\CodeIgniter->run()
CRITICAL - 2023-05-07 07:51:20 --> Undefined array key "deseos"
in APPPATH\Controllers\usuario\ShoppingCarController.php on line 205.
 1 APPPATH\Controllers\usuario\ShoppingCarController.php(205): CodeIgniter\Debug\Exceptions->errorHandler(2, 'Undefined array key "deseos"', 'APPPATH\\Controllers\\usuario\\ShoppingCarController.php', 205)
 2 SYSTEMPATH\CodeIgniter.php(934): App\Controllers\usuario\ShoppingCarController->agregarAlCarritoXbox()
 3 SYSTEMPATH\CodeIgniter.php(499): CodeIgniter\CodeIgniter->runController(Object(App\Controllers\usuario\ShoppingCarController))
 4 SYSTEMPATH\CodeIgniter.php(368): CodeIgniter\CodeIgniter->handleRequest(null, Object(Config\Cache), false)
 5 FCPATH\index.php(67): CodeIgniter\CodeIgniter->run()
CRITICAL - 2023-05-07 17:32:26 --> Undefined variable $Videojuego
in APPPATH\Views\admin\registroVideojuegos.php on line 194.
 1 APPPATH\Views\admin\registroVideojuegos.php(194): CodeIgniter\Debug\Exceptions->errorHandler(2, 'Undefined variable $Videojuego', 'APPPATH\\Views\\admin\\registroVideojuegos.php', 194)
 2 SYSTEMPATH\View\View.php(213): include('APPPATH\\Views\\admin\\registroVideojuegos.php')
 3 SYSTEMPATH\View\View.php(216): CodeIgniter\View\View->CodeIgniter\View\{closure}()
 4 SYSTEMPATH\Common.php(1177): CodeIgniter\View\View->render('admin/registroVideojuegos', [], true)
 5 APPPATH\Controllers\admin\AgregarJuegoController.php(25): view('admin/registroVideojuegos', [...])
 6 SYSTEMPATH\CodeIgniter.php(934): App\Controllers\admin\AgregarJuegoController->index()
 7 SYSTEMPATH\CodeIgniter.php(499): CodeIgniter\CodeIgniter->runController(Object(App\Controllers\admin\AgregarJuegoController))
 8 SYSTEMPATH\CodeIgniter.php(368): CodeIgniter\CodeIgniter->handleRequest(null, Object(Config\Cache), false)
 9 FCPATH\index.php(67): CodeIgniter\CodeIgniter->run()
CRITICAL - 2023-05-07 17:38:10 --> Undefined variable $categorias
in APPPATH\Views\admin\registroVideojuegos.php on line 80.
 1 APPPATH\Views\admin\registroVideojuegos.php(80): CodeIgniter\Debug\Exceptions->errorHandler(2, 'Undefined variable $categorias', 'APPPATH\\Views\\admin\\registroVideojuegos.php', 80)
 2 SYSTEMPATH\View\View.php(213): include('APPPATH\\Views\\admin\\registroVideojuegos.php')
 3 SYSTEMPATH\View\View.php(216): CodeIgniter\View\View->CodeIgniter\View\{closure}()
 4 SYSTEMPATH\Common.php(1177): CodeIgniter\View\View->render('admin/registroVideojuegos', [], true)
 5 APPPATH\Controllers\admin\AgregarJuegoController.php(169): view('admin/registroVideojuegos', [...])
 6 SYSTEMPATH\CodeIgniter.php(934): App\Controllers\admin\AgregarJuegoController->editar('53')
 7 SYSTEMPATH\CodeIgniter.php(499): CodeIgniter\CodeIgniter->runController(Object(App\Controllers\admin\AgregarJuegoController))
 8 SYSTEMPATH\CodeIgniter.php(368): CodeIgniter\CodeIgniter->handleRequest(null, Object(Config\Cache), false)
 9 FCPATH\index.php(67): CodeIgniter\CodeIgniter->run()
CRITICAL - 2023-05-07 17:41:03 --> Undefined variable $categorias
in APPPATH\Views\admin\registroVideojuegos.php on line 80.
 1 APPPATH\Views\admin\registroVideojuegos.php(80): CodeIgniter\Debug\Exceptions->errorHandler(2, 'Undefined variable $categorias', 'APPPATH\\Views\\admin\\registroVideojuegos.php', 80)
 2 SYSTEMPATH\View\View.php(213): include('APPPATH\\Views\\admin\\registroVideojuegos.php')
 3 SYSTEMPATH\View\View.php(216): CodeIgniter\View\View->CodeIgniter\View\{closure}()
 4 SYSTEMPATH\Common.php(1177): CodeIgniter\View\View->render('admin/registroVideojuegos', [], true)
 5 APPPATH\Controllers\admin\AgregarJuegoController.php(169): view('admin/registroVideojuegos', [...])
 6 SYSTEMPATH\CodeIgniter.php(934): App\Controllers\admin\AgregarJuegoController->editar('53')
 7 SYSTEMPATH\CodeIgniter.php(499): CodeIgniter\CodeIgniter->runController(Object(App\Controllers\admin\AgregarJuegoController))
 8 SYSTEMPATH\CodeIgniter.php(368): CodeIgniter\CodeIgniter->handleRequest(null, Object(Config\Cache), false)
 9 FCPATH\index.php(67): CodeIgniter\CodeIgniter->run()
CRITICAL - 2023-05-07 17:41:40 --> Undefined variable $categorias
in APPPATH\Views\admin\registroVideojuegos.php on line 80.
 1 APPPATH\Views\admin\registroVideojuegos.php(80): CodeIgniter\Debug\Exceptions->errorHandler(2, 'Undefined variable $categorias', 'APPPATH\\Views\\admin\\registroVideojuegos.php', 80)
 2 SYSTEMPATH\View\View.php(213): include('APPPATH\\Views\\admin\\registroVideojuegos.php')
 3 SYSTEMPATH\View\View.php(216): CodeIgniter\View\View->CodeIgniter\View\{closure}()
 4 SYSTEMPATH\Common.php(1177): CodeIgniter\View\View->render('admin/registroVideojuegos', [], true)
 5 APPPATH\Controllers\admin\AgregarJuegoController.php(169): view('admin/registroVideojuegos', [...])
 6 SYSTEMPATH\CodeIgniter.php(934): App\Controllers\admin\AgregarJuegoController->editar('53')
 7 SYSTEMPATH\CodeIgniter.php(499): CodeIgniter\CodeIgniter->runController(Object(App\Controllers\admin\AgregarJuegoController))
 8 SYSTEMPATH\CodeIgniter.php(368): CodeIgniter\CodeIgniter->handleRequest(null, Object(Config\Cache), false)
 9 FCPATH\index.php(67): CodeIgniter\CodeIgniter->run()
CRITICAL - 2023-05-07 17:41:50 --> Undefined variable $categorias
in APPPATH\Views\admin\registroVideojuegos.php on line 80.
 1 APPPATH\Views\admin\registroVideojuegos.php(80): CodeIgniter\Debug\Exceptions->errorHandler(2, 'Undefined variable $categorias', 'APPPATH\\Views\\admin\\registroVideojuegos.php', 80)
 2 SYSTEMPATH\View\View.php(213): include('APPPATH\\Views\\admin\\registroVideojuegos.php')
 3 SYSTEMPATH\View\View.php(216): CodeIgniter\View\View->CodeIgniter\View\{closure}()
 4 SYSTEMPATH\Common.php(1177): CodeIgniter\View\View->render('admin/registroVideojuegos', [], true)
 5 APPPATH\Controllers\admin\AgregarJuegoController.php(169): view('admin/registroVideojuegos', [...])
 6 SYSTEMPATH\CodeIgniter.php(934): App\Controllers\admin\AgregarJuegoController->editar('53')
 7 SYSTEMPATH\CodeIgniter.php(499): CodeIgniter\CodeIgniter->runController(Object(App\Controllers\admin\AgregarJuegoController))
 8 SYSTEMPATH\CodeIgniter.php(368): CodeIgniter\CodeIgniter->handleRequest(null, Object(Config\Cache), false)
 9 FCPATH\index.php(67): CodeIgniter\CodeIgniter->run()
CRITICAL - 2023-05-07 17:41:59 --> Undefined variable $categorias
in APPPATH\Views\admin\registroVideojuegos.php on line 80.
 1 APPPATH\Views\admin\registroVideojuegos.php(80): CodeIgniter\Debug\Exceptions->errorHandler(2, 'Undefined variable $categorias', 'APPPATH\\Views\\admin\\registroVideojuegos.php', 80)
 2 SYSTEMPATH\View\View.php(213): include('APPPATH\\Views\\admin\\registroVideojuegos.php')
 3 SYSTEMPATH\View\View.php(216): CodeIgniter\View\View->CodeIgniter\View\{closure}()
 4 SYSTEMPATH\Common.php(1177): CodeIgniter\View\View->render('admin/registroVideojuegos', [], true)
 5 APPPATH\Controllers\admin\AgregarJuegoController.php(169): view('admin/registroVideojuegos', [...])
 6 SYSTEMPATH\CodeIgniter.php(934): App\Controllers\admin\AgregarJuegoController->editar('53')
 7 SYSTEMPATH\CodeIgniter.php(499): CodeIgniter\CodeIgniter->runController(Object(App\Controllers\admin\AgregarJuegoController))
 8 SYSTEMPATH\CodeIgniter.php(368): CodeIgniter\CodeIgniter->handleRequest(null, Object(Config\Cache), false)
 9 FCPATH\index.php(67): CodeIgniter\CodeIgniter->run()
CRITICAL - 2023-05-07 17:42:43 --> Undefined variable $categorias
in APPPATH\Views\admin\registroVideojuegos.php on line 80.
 1 APPPATH\Views\admin\registroVideojuegos.php(80): CodeIgniter\Debug\Exceptions->errorHandler(2, 'Undefined variable $categorias', 'APPPATH\\Views\\admin\\registroVideojuegos.php', 80)
 2 SYSTEMPATH\View\View.php(213): include('APPPATH\\Views\\admin\\registroVideojuegos.php')
 3 SYSTEMPATH\View\View.php(216): CodeIgniter\View\View->CodeIgniter\View\{closure}()
 4 SYSTEMPATH\Common.php(1177): CodeIgniter\View\View->render('admin/registroVideojuegos', [...], true)
 5 APPPATH\Controllers\admin\AgregarJuegoController.php(154): view('admin/registroVideojuegos', [...], [...])
 6 SYSTEMPATH\CodeIgniter.php(934): App\Controllers\admin\AgregarJuegoController->editar('53')
 7 SYSTEMPATH\CodeIgniter.php(499): CodeIgniter\CodeIgniter->runController(Object(App\Controllers\admin\AgregarJuegoController))
 8 SYSTEMPATH\CodeIgniter.php(368): CodeIgniter\CodeIgniter->handleRequest(null, Object(Config\Cache), false)
 9 FCPATH\index.php(67): CodeIgniter\CodeIgniter->run()
CRITICAL - 2023-05-07 18:38:17 --> Undefined global variable $_SESSION
in APPPATH\Controllers\invitado\LoginController.php on line 47.
 1 APPPATH\Controllers\invitado\LoginController.php(47): CodeIgniter\Debug\Exceptions->errorHandler(2, 'Undefined global variable $_SESSION', 'APPPATH\\Controllers\\invitado\\LoginController.php', 47)
 2 SYSTEMPATH\CodeIgniter.php(934): App\Controllers\invitado\LoginController->verificar_login()
 3 SYSTEMPATH\CodeIgniter.php(499): CodeIgniter\CodeIgniter->runController(Object(App\Controllers\invitado\LoginController))
 4 SYSTEMPATH\CodeIgniter.php(368): CodeIgniter\CodeIgniter->handleRequest(null, Object(Config\Cache), false)
 5 FCPATH\index.php(67): CodeIgniter\CodeIgniter->run()
CRITICAL - 2023-05-07 18:39:10 --> Cannot use object of type CodeIgniter\Session\Session as array
in APPPATH\Controllers\invitado\LoginController.php on line 47.
 1 SYSTEMPATH\CodeIgniter.php(934): App\Controllers\invitado\LoginController->verificar_login()
 2 SYSTEMPATH\CodeIgniter.php(499): CodeIgniter\CodeIgniter->runController(Object(App\Controllers\invitado\LoginController))
 3 SYSTEMPATH\CodeIgniter.php(368): CodeIgniter\CodeIgniter->handleRequest(null, Object(Config\Cache), false)
 4 FCPATH\index.php(67): CodeIgniter\CodeIgniter->run()
CRITICAL - 2023-05-07 18:42:57 --> Undefined array key "datosUsuario"
in APPPATH\Controllers\invitado\LoginController.php on line 52.
 1 APPPATH\Controllers\invitado\LoginController.php(52): CodeIgniter\Debug\Exceptions->errorHandler(2, 'Undefined array key "datosUsuario"', 'APPPATH\\Controllers\\invitado\\LoginController.php', 52)
 2 SYSTEMPATH\CodeIgniter.php(934): App\Controllers\invitado\LoginController->verificar_login()
 3 SYSTEMPATH\CodeIgniter.php(499): CodeIgniter\CodeIgniter->runController(Object(App\Controllers\invitado\LoginController))
 4 SYSTEMPATH\CodeIgniter.php(368): CodeIgniter\CodeIgniter->handleRequest(null, Object(Config\Cache), false)
 5 FCPATH\index.php(67): CodeIgniter\CodeIgniter->run()
CRITICAL - 2023-05-07 18:52:45 --> Undefined array key "idVideojuego"
in APPPATH\Controllers\usuario\ShoppingCarController.php on line 230.
 1 APPPATH\Controllers\usuario\ShoppingCarController.php(230): CodeIgniter\Debug\Exceptions->errorHandler(2, 'Undefined array key "idVideojuego"', 'APPPATH\\Controllers\\usuario\\ShoppingCarController.php', 230)
 2 SYSTEMPATH\CodeIgniter.php(934): App\Controllers\usuario\ShoppingCarController->agregarAlCarritoPlayStation()
 3 SYSTEMPATH\CodeIgniter.php(499): CodeIgniter\CodeIgniter->runController(Object(App\Controllers\usuario\ShoppingCarController))
 4 SYSTEMPATH\CodeIgniter.php(368): CodeIgniter\CodeIgniter->handleRequest(null, Object(Config\Cache), false)
 5 FCPATH\index.php(67): CodeIgniter\CodeIgniter->run()
CRITICAL - 2023-05-07 19:18:26 --> Undefined variable $dataFMemberships
in APPPATH\Controllers\invitado\Inicio.php on line 78.
 1 APPPATH\Controllers\invitado\Inicio.php(78): CodeIgniter\Debug\Exceptions->errorHandler(2, 'Undefined variable $dataFMemberships', 'APPPATH\\Controllers\\invitado\\Inicio.php', 78)
 2 SYSTEMPATH\CodeIgniter.php(934): App\Controllers\invitado\Inicio->indexLog()
 3 SYSTEMPATH\CodeIgniter.php(499): CodeIgniter\CodeIgniter->runController(Object(App\Controllers\invitado\Inicio))
 4 SYSTEMPATH\CodeIgniter.php(368): CodeIgniter\CodeIgniter->handleRequest(null, Object(Config\Cache), false)
 5 FCPATH\index.php(67): CodeIgniter\CodeIgniter->run()
