CRITICAL - 2023-02-21 01:22:42 --> Invalid file: "GamesplayStation.php"
in SYSTEMPATH\Exceptions\FrameworkException.php on line 33.
 1 SYSTEMPATH\View\View.php(201): CodeIgniter\Exceptions\FrameworkException::forInvalidFile('GamesplayStation.php')
 2 SYSTEMPATH\Common.php(1177): CodeIgniter\View\View->render('GamesplayStation', [], true)
 3 APPPATH\Controllers\GamesplayStation.php(14): view('GamesplayStation')
 4 SYSTEMPATH\CodeIgniter.php(934): App\Controllers\GamesplayStation->index()
 5 SYSTEMPATH\CodeIgniter.php(499): CodeIgniter\CodeIgniter->runController(Object(App\Controllers\GamesplayStation))
 6 SYSTEMPATH\CodeIgniter.php(368): CodeIgniter\CodeIgniter->handleRequest(null, Object(Config\Cache), false)
 7 FCPATH\index.php(67): CodeIgniter\CodeIgniter->run()
CRITICAL - 2023-02-21 06:28:27 --> Invalid file: "genericos/memberships.php"
in SYSTEMPATH\Exceptions\FrameworkException.php on line 33.
 1 SYSTEMPATH\View\View.php(201): CodeIgniter\Exceptions\FrameworkException::forInvalidFile('genericos/memberships.php')
 2 SYSTEMPATH\Common.php(1177): CodeIgniter\View\View->render('genericos/memberships', [], true)
 3 APPPATH\Controllers\Inicio.php(14): view('genericos/memberships')
 4 SYSTEMPATH\CodeIgniter.php(934): App\Controllers\Inicio->index()
 5 SYSTEMPATH\CodeIgniter.php(499): CodeIgniter\CodeIgniter->runController(Object(App\Controllers\Inicio))
 6 SYSTEMPATH\CodeIgniter.php(368): CodeIgniter\CodeIgniter->handleRequest(null, Object(Config\Cache), false)
 7 FCPATH\index.php(67): CodeIgniter\CodeIgniter->run()
CRITICAL - 2023-02-21 06:28:35 --> Invalid file: "genericos/memberships.php"
in SYSTEMPATH\Exceptions\FrameworkException.php on line 33.
 1 SYSTEMPATH\View\View.php(201): CodeIgniter\Exceptions\FrameworkException::forInvalidFile('genericos/memberships.php')
 2 SYSTEMPATH\Common.php(1177): CodeIgniter\View\View->render('genericos/memberships', [], true)
 3 APPPATH\Controllers\Inicio.php(14): view('genericos/memberships')
 4 SYSTEMPATH\CodeIgniter.php(934): App\Controllers\Inicio->index()
 5 SYSTEMPATH\CodeIgniter.php(499): CodeIgniter\CodeIgniter->runController(Object(App\Controllers\Inicio))
 6 SYSTEMPATH\CodeIgniter.php(368): CodeIgniter\CodeIgniter->handleRequest(null, Object(Config\Cache), false)
 7 FCPATH\index.php(67): CodeIgniter\CodeIgniter->run()
