CRITICAL - 2023-04-22 01:10:08 --> Undefined array key "cart"
in APPPATH\Views\usuario\listaCarrito.php on line 17.
 1 APPPATH\Views\usuario\listaCarrito.php(17): CodeIgniter\Debug\Exceptions->errorHandler(2, 'Undefined array key "cart"', 'APPPATH\\Views\\usuario\\listaCarrito.php', 17)
 2 SYSTEMPATH\View\View.php(213): include('APPPATH\\Views\\usuario\\listaCarrito.php')
 3 SYSTEMPATH\View\View.php(216): CodeIgniter\View\View->CodeIgniter\View\{closure}()
 4 SYSTEMPATH\Common.php(1177): CodeIgniter\View\View->render('usuario/listaCarrito', [], true)
 5 APPPATH\Controllers\usuario\ShoppingCarController.php(93): view('usuario/listaCarrito')
 6 SYSTEMPATH\CodeIgniter.php(934): App\Controllers\usuario\ShoppingCarController->listaCarrito()
 7 SYSTEMPATH\CodeIgniter.php(499): CodeIgniter\CodeIgniter->runController(Object(App\Controllers\usuario\ShoppingCarController))
 8 SYSTEMPATH\CodeIgniter.php(368): CodeIgniter\CodeIgniter->handleRequest(null, Object(Config\Cache), false)
 9 FCPATH\index.php(67): CodeIgniter\CodeIgniter->run()
CRITICAL - 2023-04-22 01:11:05 --> Undefined array key "cart"
in APPPATH\Views\usuario\listaCarrito.php on line 17.
 1 APPPATH\Views\usuario\listaCarrito.php(17): CodeIgniter\Debug\Exceptions->errorHandler(2, 'Undefined array key "cart"', 'APPPATH\\Views\\usuario\\listaCarrito.php', 17)
 2 SYSTEMPATH\View\View.php(213): include('APPPATH\\Views\\usuario\\listaCarrito.php')
 3 SYSTEMPATH\View\View.php(216): CodeIgniter\View\View->CodeIgniter\View\{closure}()
 4 SYSTEMPATH\Common.php(1177): CodeIgniter\View\View->render('usuario/listaCarrito', [], true)
 5 APPPATH\Controllers\usuario\ShoppingCarController.php(93): view('usuario/listaCarrito')
 6 SYSTEMPATH\CodeIgniter.php(934): App\Controllers\usuario\ShoppingCarController->listaCarrito()
 7 SYSTEMPATH\CodeIgniter.php(499): CodeIgniter\CodeIgniter->runController(Object(App\Controllers\usuario\ShoppingCarController))
 8 SYSTEMPATH\CodeIgniter.php(368): CodeIgniter\CodeIgniter->handleRequest(null, Object(Config\Cache), false)
 9 FCPATH\index.php(67): CodeIgniter\CodeIgniter->run()
CRITICAL - 2023-04-22 01:11:36 --> Undefined array key "cart"
in APPPATH\Views\usuario\listaCarrito.php on line 17.
 1 APPPATH\Views\usuario\listaCarrito.php(17): CodeIgniter\Debug\Exceptions->errorHandler(2, 'Undefined array key "cart"', 'APPPATH\\Views\\usuario\\listaCarrito.php', 17)
 2 SYSTEMPATH\View\View.php(213): include('APPPATH\\Views\\usuario\\listaCarrito.php')
 3 SYSTEMPATH\View\View.php(216): CodeIgniter\View\View->CodeIgniter\View\{closure}()
 4 SYSTEMPATH\Common.php(1177): CodeIgniter\View\View->render('usuario/listaCarrito', [], true)
 5 APPPATH\Controllers\usuario\ShoppingCarController.php(93): view('usuario/listaCarrito')
 6 SYSTEMPATH\CodeIgniter.php(934): App\Controllers\usuario\ShoppingCarController->listaCarrito()
 7 SYSTEMPATH\CodeIgniter.php(499): CodeIgniter\CodeIgniter->runController(Object(App\Controllers\usuario\ShoppingCarController))
 8 SYSTEMPATH\CodeIgniter.php(368): CodeIgniter\CodeIgniter->handleRequest(null, Object(Config\Cache), false)
 9 FCPATH\index.php(67): CodeIgniter\CodeIgniter->run()
CRITICAL - 2023-04-22 01:14:59 --> Undefined array key "cart"
in APPPATH\Views\usuario\listaCarrito.php on line 17.
 1 APPPATH\Views\usuario\listaCarrito.php(17): CodeIgniter\Debug\Exceptions->errorHandler(2, 'Undefined array key "cart"', 'APPPATH\\Views\\usuario\\listaCarrito.php', 17)
 2 SYSTEMPATH\View\View.php(213): include('APPPATH\\Views\\usuario\\listaCarrito.php')
 3 SYSTEMPATH\View\View.php(216): CodeIgniter\View\View->CodeIgniter\View\{closure}()
 4 SYSTEMPATH\Common.php(1177): CodeIgniter\View\View->render('usuario/listaCarrito', [], true)
 5 APPPATH\Controllers\usuario\ShoppingCarController.php(93): view('usuario/listaCarrito')
 6 SYSTEMPATH\CodeIgniter.php(934): App\Controllers\usuario\ShoppingCarController->listaCarrito()
 7 SYSTEMPATH\CodeIgniter.php(499): CodeIgniter\CodeIgniter->runController(Object(App\Controllers\usuario\ShoppingCarController))
 8 SYSTEMPATH\CodeIgniter.php(368): CodeIgniter\CodeIgniter->handleRequest(null, Object(Config\Cache), false)
 9 FCPATH\index.php(67): CodeIgniter\CodeIgniter->run()
CRITICAL - 2023-04-22 01:17:03 --> Undefined array key "cart"
in APPPATH\Views\usuario\listaCarrito.php on line 17.
 1 APPPATH\Views\usuario\listaCarrito.php(17): CodeIgniter\Debug\Exceptions->errorHandler(2, 'Undefined array key "cart"', 'APPPATH\\Views\\usuario\\listaCarrito.php', 17)
 2 SYSTEMPATH\View\View.php(213): include('APPPATH\\Views\\usuario\\listaCarrito.php')
 3 SYSTEMPATH\View\View.php(216): CodeIgniter\View\View->CodeIgniter\View\{closure}()
 4 SYSTEMPATH\Common.php(1177): CodeIgniter\View\View->render('usuario/listaCarrito', [], true)
 5 APPPATH\Controllers\usuario\ShoppingCarController.php(93): view('usuario/listaCarrito')
 6 SYSTEMPATH\CodeIgniter.php(934): App\Controllers\usuario\ShoppingCarController->listaCarrito()
 7 SYSTEMPATH\CodeIgniter.php(499): CodeIgniter\CodeIgniter->runController(Object(App\Controllers\usuario\ShoppingCarController))
 8 SYSTEMPATH\CodeIgniter.php(368): CodeIgniter\CodeIgniter->handleRequest(null, Object(Config\Cache), false)
 9 FCPATH\index.php(67): CodeIgniter\CodeIgniter->run()
CRITICAL - 2023-04-22 08:01:30 --> syntax error, unexpected token "}", expecting "," or ";"
in APPPATH\Views\usuario\listaCarrito.php on line 16.
 1 SYSTEMPATH\View\View.php(216): CodeIgniter\View\View->CodeIgniter\View\{closure}()
 2 SYSTEMPATH\Common.php(1177): CodeIgniter\View\View->render('usuario/listaCarrito', [], true)
 3 APPPATH\Controllers\usuario\ShoppingCarController.php(93): view('usuario/listaCarrito')
 4 SYSTEMPATH\CodeIgniter.php(934): App\Controllers\usuario\ShoppingCarController->listaCarrito()
 5 SYSTEMPATH\CodeIgniter.php(499): CodeIgniter\CodeIgniter->runController(Object(App\Controllers\usuario\ShoppingCarController))
 6 SYSTEMPATH\CodeIgniter.php(368): CodeIgniter\CodeIgniter->handleRequest(null, Object(Config\Cache), false)
 7 FCPATH\index.php(67): CodeIgniter\CodeIgniter->run()
CRITICAL - 2023-04-22 08:32:34 --> Undefined array key "precio"
in APPPATH\Views\usuario\listaCarrito.php on line 28.
 1 APPPATH\Views\usuario\listaCarrito.php(28): CodeIgniter\Debug\Exceptions->errorHandler(2, 'Undefined array key "precio"', 'APPPATH\\Views\\usuario\\listaCarrito.php', 28)
 2 SYSTEMPATH\View\View.php(213): include('APPPATH\\Views\\usuario\\listaCarrito.php')
 3 SYSTEMPATH\View\View.php(216): CodeIgniter\View\View->CodeIgniter\View\{closure}()
 4 SYSTEMPATH\Common.php(1177): CodeIgniter\View\View->render('usuario/listaCarrito', [], true)
 5 APPPATH\Controllers\usuario\ShoppingCarController.php(93): view('usuario/listaCarrito')
 6 SYSTEMPATH\CodeIgniter.php(934): App\Controllers\usuario\ShoppingCarController->listaCarrito()
 7 SYSTEMPATH\CodeIgniter.php(499): CodeIgniter\CodeIgniter->runController(Object(App\Controllers\usuario\ShoppingCarController))
 8 SYSTEMPATH\CodeIgniter.php(368): CodeIgniter\CodeIgniter->handleRequest(null, Object(Config\Cache), false)
 9 FCPATH\index.php(67): CodeIgniter\CodeIgniter->run()
CRITICAL - 2023-04-22 08:33:48 --> Undefined array key "precio"
in APPPATH\Views\usuario\listaCarrito.php on line 37.
 1 APPPATH\Views\usuario\listaCarrito.php(37): CodeIgniter\Debug\Exceptions->errorHandler(2, 'Undefined array key "precio"', 'APPPATH\\Views\\usuario\\listaCarrito.php', 37)
 2 SYSTEMPATH\View\View.php(213): include('APPPATH\\Views\\usuario\\listaCarrito.php')
 3 SYSTEMPATH\View\View.php(216): CodeIgniter\View\View->CodeIgniter\View\{closure}()
 4 SYSTEMPATH\Common.php(1177): CodeIgniter\View\View->render('usuario/listaCarrito', [], true)
 5 APPPATH\Controllers\usuario\ShoppingCarController.php(93): view('usuario/listaCarrito')
 6 SYSTEMPATH\CodeIgniter.php(934): App\Controllers\usuario\ShoppingCarController->listaCarrito()
 7 SYSTEMPATH\CodeIgniter.php(499): CodeIgniter\CodeIgniter->runController(Object(App\Controllers\usuario\ShoppingCarController))
 8 SYSTEMPATH\CodeIgniter.php(368): CodeIgniter\CodeIgniter->handleRequest(null, Object(Config\Cache), false)
 9 FCPATH\index.php(67): CodeIgniter\CodeIgniter->run()
CRITICAL - 2023-04-22 08:38:09 --> Undefined variable $videojuegos
in APPPATH\Views\usuario\listaCarrito.php on line 328.
 1 APPPATH\Views\usuario\listaCarrito.php(328): CodeIgniter\Debug\Exceptions->errorHandler(2, 'Undefined variable $videojuegos', 'APPPATH\\Views\\usuario\\listaCarrito.php', 328)
 2 SYSTEMPATH\View\View.php(213): include('APPPATH\\Views\\usuario\\listaCarrito.php')
 3 SYSTEMPATH\View\View.php(216): CodeIgniter\View\View->CodeIgniter\View\{closure}()
 4 SYSTEMPATH\Common.php(1177): CodeIgniter\View\View->render('usuario/listaCarrito', [], true)
 5 APPPATH\Controllers\usuario\ShoppingCarController.php(93): view('usuario/listaCarrito')
 6 SYSTEMPATH\CodeIgniter.php(934): App\Controllers\usuario\ShoppingCarController->listaCarrito()
 7 SYSTEMPATH\CodeIgniter.php(499): CodeIgniter\CodeIgniter->runController(Object(App\Controllers\usuario\ShoppingCarController))
 8 SYSTEMPATH\CodeIgniter.php(368): CodeIgniter\CodeIgniter->handleRequest(null, Object(Config\Cache), false)
 9 FCPATH\index.php(67): CodeIgniter\CodeIgniter->run()
CRITICAL - 2023-04-22 08:41:21 --> syntax error, unexpected token "<"
in APPPATH\Views\usuario\listaCarrito.php on line 71.
 1 SYSTEMPATH\View\View.php(216): CodeIgniter\View\View->CodeIgniter\View\{closure}()
 2 SYSTEMPATH\Common.php(1177): CodeIgniter\View\View->render('usuario/listaCarrito', [], true)
 3 APPPATH\Controllers\usuario\ShoppingCarController.php(93): view('usuario/listaCarrito')
 4 SYSTEMPATH\CodeIgniter.php(934): App\Controllers\usuario\ShoppingCarController->listaCarrito()
 5 SYSTEMPATH\CodeIgniter.php(499): CodeIgniter\CodeIgniter->runController(Object(App\Controllers\usuario\ShoppingCarController))
 6 SYSTEMPATH\CodeIgniter.php(368): CodeIgniter\CodeIgniter->handleRequest(null, Object(Config\Cache), false)
 7 FCPATH\index.php(67): CodeIgniter\CodeIgniter->run()
CRITICAL - 2023-04-22 08:43:51 --> Undefined array key "cantidad"
in APPPATH\Views\usuario\listaCarrito.php on line 69.
 1 APPPATH\Views\usuario\listaCarrito.php(69): CodeIgniter\Debug\Exceptions->errorHandler(2, 'Undefined array key "cantidad"', 'APPPATH\\Views\\usuario\\listaCarrito.php', 69)
 2 SYSTEMPATH\View\View.php(213): include('APPPATH\\Views\\usuario\\listaCarrito.php')
 3 SYSTEMPATH\View\View.php(216): CodeIgniter\View\View->CodeIgniter\View\{closure}()
 4 SYSTEMPATH\Common.php(1177): CodeIgniter\View\View->render('usuario/listaCarrito', [], true)
 5 APPPATH\Controllers\usuario\ShoppingCarController.php(93): view('usuario/listaCarrito')
 6 SYSTEMPATH\CodeIgniter.php(934): App\Controllers\usuario\ShoppingCarController->listaCarrito()
 7 SYSTEMPATH\CodeIgniter.php(499): CodeIgniter\CodeIgniter->runController(Object(App\Controllers\usuario\ShoppingCarController))
 8 SYSTEMPATH\CodeIgniter.php(368): CodeIgniter\CodeIgniter->handleRequest(null, Object(Config\Cache), false)
 9 FCPATH\index.php(67): CodeIgniter\CodeIgniter->run()
CRITICAL - 2023-04-22 08:51:17 --> Undefined array key "imagen"
in APPPATH\Views\usuario\listaCarrito.php on line 27.
 1 APPPATH\Views\usuario\listaCarrito.php(27): CodeIgniter\Debug\Exceptions->errorHandler(2, 'Undefined array key "imagen"', 'APPPATH\\Views\\usuario\\listaCarrito.php', 27)
 2 SYSTEMPATH\View\View.php(213): include('APPPATH\\Views\\usuario\\listaCarrito.php')
 3 SYSTEMPATH\View\View.php(216): CodeIgniter\View\View->CodeIgniter\View\{closure}()
 4 SYSTEMPATH\Common.php(1177): CodeIgniter\View\View->render('usuario/listaCarrito', [], true)
 5 APPPATH\Controllers\usuario\ShoppingCarController.php(95): view('usuario/listaCarrito')
 6 SYSTEMPATH\CodeIgniter.php(934): App\Controllers\usuario\ShoppingCarController->listaCarrito()
 7 SYSTEMPATH\CodeIgniter.php(499): CodeIgniter\CodeIgniter->runController(Object(App\Controllers\usuario\ShoppingCarController))
 8 SYSTEMPATH\CodeIgniter.php(368): CodeIgniter\CodeIgniter->handleRequest(null, Object(Config\Cache), false)
 9 FCPATH\index.php(67): CodeIgniter\CodeIgniter->run()
CRITICAL - 2023-04-22 14:59:40 --> Undefined array key "imagen"
in APPPATH\Views\usuario\listaCarrito.php on line 71.
 1 APPPATH\Views\usuario\listaCarrito.php(71): CodeIgniter\Debug\Exceptions->errorHandler(2, 'Undefined array key "imagen"', 'APPPATH\\Views\\usuario\\listaCarrito.php', 71)
 2 SYSTEMPATH\View\View.php(213): include('APPPATH\\Views\\usuario\\listaCarrito.php')
 3 SYSTEMPATH\View\View.php(216): CodeIgniter\View\View->CodeIgniter\View\{closure}()
 4 SYSTEMPATH\Common.php(1177): CodeIgniter\View\View->render('usuario/listaCarrito', [], true)
 5 APPPATH\Controllers\usuario\ShoppingCarController.php(95): view('usuario/listaCarrito')
 6 SYSTEMPATH\CodeIgniter.php(934): App\Controllers\usuario\ShoppingCarController->listaCarrito()
 7 SYSTEMPATH\CodeIgniter.php(499): CodeIgniter\CodeIgniter->runController(Object(App\Controllers\usuario\ShoppingCarController))
 8 SYSTEMPATH\CodeIgniter.php(368): CodeIgniter\CodeIgniter->handleRequest(null, Object(Config\Cache), false)
 9 FCPATH\index.php(67): CodeIgniter\CodeIgniter->run()
CRITICAL - 2023-04-22 20:37:01 --> Trying to access array offset on value of type null
in APPPATH\Views\usuario\navbarLog.php on line 84.
 1 APPPATH\Views\usuario\navbarLog.php(84): CodeIgniter\Debug\Exceptions->errorHandler(2, 'Trying to access array offset on value of type null', 'APPPATH\\Views\\usuario\\navbarLog.php', 84)
 2 SYSTEMPATH\View\View.php(213): include('APPPATH\\Views\\usuario\\navbarLog.php')
 3 SYSTEMPATH\View\View.php(216): CodeIgniter\View\View->CodeIgniter\View\{closure}()
 4 SYSTEMPATH\Common.php(1177): CodeIgniter\View\View->render('usuario/navbarLog', [], true)
 5 APPPATH\Controllers\usuario\ShoppingCarController.php(94): view('usuario/navbarLog')
 6 SYSTEMPATH\CodeIgniter.php(934): App\Controllers\usuario\ShoppingCarController->listaCarrito()
 7 SYSTEMPATH\CodeIgniter.php(499): CodeIgniter\CodeIgniter->runController(Object(App\Controllers\usuario\ShoppingCarController))
 8 SYSTEMPATH\CodeIgniter.php(368): CodeIgniter\CodeIgniter->handleRequest(null, Object(Config\Cache), false)
 9 FCPATH\index.php(67): CodeIgniter\CodeIgniter->run()
