CRITICAL - 2023-04-23 02:47:14 --> Undefined variable $total
in APPPATH\Views\usuario\listaCarrito.php on line 26.
 1 APPPATH\Views\usuario\listaCarrito.php(26): CodeIgniter\Debug\Exceptions->errorHandler(2, 'Undefined variable $total', 'APPPATH\\Views\\usuario\\listaCarrito.php', 26)
 2 SYSTEMPATH\View\View.php(213): include('APPPATH\\Views\\usuario\\listaCarrito.php')
 3 SYSTEMPATH\View\View.php(216): CodeIgniter\View\View->CodeIgniter\View\{closure}()
 4 SYSTEMPATH\Common.php(1177): CodeIgniter\View\View->render('usuario/listaCarrito', [], true)
 5 APPPATH\Controllers\usuario\ShoppingCarController.php(95): view('usuario/listaCarrito')
 6 SYSTEMPATH\CodeIgniter.php(934): App\Controllers\usuario\ShoppingCarController->listaCarrito()
 7 SYSTEMPATH\CodeIgniter.php(499): CodeIgniter\CodeIgniter->runController(Object(App\Controllers\usuario\ShoppingCarController))
 8 SYSTEMPATH\CodeIgniter.php(368): CodeIgniter\CodeIgniter->handleRequest(null, Object(Config\Cache), false)
 9 FCPATH\index.php(67): CodeIgniter\CodeIgniter->run()
CRITICAL - 2023-04-23 02:47:23 --> Undefined variable $total
in APPPATH\Views\usuario\listaCarrito.php on line 26.
 1 APPPATH\Views\usuario\listaCarrito.php(26): CodeIgniter\Debug\Exceptions->errorHandler(2, 'Undefined variable $total', 'APPPATH\\Views\\usuario\\listaCarrito.php', 26)
 2 SYSTEMPATH\View\View.php(213): include('APPPATH\\Views\\usuario\\listaCarrito.php')
 3 SYSTEMPATH\View\View.php(216): CodeIgniter\View\View->CodeIgniter\View\{closure}()
 4 SYSTEMPATH\Common.php(1177): CodeIgniter\View\View->render('usuario/listaCarrito', [], true)
 5 APPPATH\Controllers\usuario\ShoppingCarController.php(95): view('usuario/listaCarrito')
 6 SYSTEMPATH\CodeIgniter.php(934): App\Controllers\usuario\ShoppingCarController->listaCarrito()
 7 SYSTEMPATH\CodeIgniter.php(499): CodeIgniter\CodeIgniter->runController(Object(App\Controllers\usuario\ShoppingCarController))
 8 SYSTEMPATH\CodeIgniter.php(368): CodeIgniter\CodeIgniter->handleRequest(null, Object(Config\Cache), false)
 9 FCPATH\index.php(67): CodeIgniter\CodeIgniter->run()
CRITICAL - 2023-04-23 02:47:25 --> Undefined variable $total
in APPPATH\Views\usuario\listaCarrito.php on line 26.
 1 APPPATH\Views\usuario\listaCarrito.php(26): CodeIgniter\Debug\Exceptions->errorHandler(2, 'Undefined variable $total', 'APPPATH\\Views\\usuario\\listaCarrito.php', 26)
 2 SYSTEMPATH\View\View.php(213): include('APPPATH\\Views\\usuario\\listaCarrito.php')
 3 SYSTEMPATH\View\View.php(216): CodeIgniter\View\View->CodeIgniter\View\{closure}()
 4 SYSTEMPATH\Common.php(1177): CodeIgniter\View\View->render('usuario/listaCarrito', [], true)
 5 APPPATH\Controllers\usuario\ShoppingCarController.php(95): view('usuario/listaCarrito')
 6 SYSTEMPATH\CodeIgniter.php(934): App\Controllers\usuario\ShoppingCarController->listaCarrito()
 7 SYSTEMPATH\CodeIgniter.php(499): CodeIgniter\CodeIgniter->runController(Object(App\Controllers\usuario\ShoppingCarController))
 8 SYSTEMPATH\CodeIgniter.php(368): CodeIgniter\CodeIgniter->handleRequest(null, Object(Config\Cache), false)
 9 FCPATH\index.php(67): CodeIgniter\CodeIgniter->run()
CRITICAL - 2023-04-23 16:56:46 --> Trying to access array offset on value of type null
in APPPATH\Views\usuario\navbarLog.php on line 96.
 1 APPPATH\Views\usuario\navbarLog.php(96): CodeIgniter\Debug\Exceptions->errorHandler(2, 'Trying to access array offset on value of type null', 'APPPATH\\Views\\usuario\\navbarLog.php', 96)
 2 SYSTEMPATH\View\View.php(213): include('APPPATH\\Views\\usuario\\navbarLog.php')
 3 SYSTEMPATH\View\View.php(216): CodeIgniter\View\View->CodeIgniter\View\{closure}()
 4 SYSTEMPATH\Common.php(1177): CodeIgniter\View\View->render('usuario/navbarLog', [], true)
 5 APPPATH\Controllers\usuario\ShoppingCarController.php(94): view('usuario/navbarLog')
 6 SYSTEMPATH\CodeIgniter.php(934): App\Controllers\usuario\ShoppingCarController->listaCarrito()
 7 SYSTEMPATH\CodeIgniter.php(499): CodeIgniter\CodeIgniter->runController(Object(App\Controllers\usuario\ShoppingCarController))
 8 SYSTEMPATH\CodeIgniter.php(368): CodeIgniter\CodeIgniter->handleRequest(null, Object(Config\Cache), false)
 9 FCPATH\index.php(67): CodeIgniter\CodeIgniter->run()
CRITICAL - 2023-04-23 18:58:59 --> Undefined array key "numeroTarjeta"
in APPPATH\Controllers\usuario\ShoppingCarController.php on line 122.
 1 APPPATH\Controllers\usuario\ShoppingCarController.php(122): CodeIgniter\Debug\Exceptions->errorHandler(2, 'Undefined array key "numeroTarjeta"', 'APPPATH\\Controllers\\usuario\\ShoppingCarController.php', 122)
 2 SYSTEMPATH\CodeIgniter.php(934): App\Controllers\usuario\ShoppingCarController->guardarTarjeta()
 3 SYSTEMPATH\CodeIgniter.php(499): CodeIgniter\CodeIgniter->runController(Object(App\Controllers\usuario\ShoppingCarController))
 4 SYSTEMPATH\CodeIgniter.php(368): CodeIgniter\CodeIgniter->handleRequest(null, Object(Config\Cache), false)
 5 FCPATH\index.php(67): CodeIgniter\CodeIgniter->run()
CRITICAL - 2023-04-23 18:59:32 --> Call to undefined method App\Models\usuario\Tarjeta::existeUsuario
in SYSTEMPATH\Model.php on line 841.
 1 APPPATH\Controllers\usuario\ShoppingCarController.php(122): CodeIgniter\Model->__call('existeUsuario', [...])
 2 SYSTEMPATH\CodeIgniter.php(934): App\Controllers\usuario\ShoppingCarController->guardarTarjeta()
 3 SYSTEMPATH\CodeIgniter.php(499): CodeIgniter\CodeIgniter->runController(Object(App\Controllers\usuario\ShoppingCarController))
 4 SYSTEMPATH\CodeIgniter.php(368): CodeIgniter\CodeIgniter->handleRequest(null, Object(Config\Cache), false)
 5 FCPATH\index.php(67): CodeIgniter\CodeIgniter->run()
CRITICAL - 2023-04-23 20:03:37 --> Undefined array key "carrito"
in APPPATH\Controllers\usuario\ShoppingCarController.php on line 172.
 1 APPPATH\Controllers\usuario\ShoppingCarController.php(172): CodeIgniter\Debug\Exceptions->errorHandler(2, 'Undefined array key "carrito"', 'APPPATH\\Controllers\\usuario\\ShoppingCarController.php', 172)
 2 SYSTEMPATH\CodeIgniter.php(934): App\Controllers\usuario\ShoppingCarController->comprar()
 3 SYSTEMPATH\CodeIgniter.php(499): CodeIgniter\CodeIgniter->runController(Object(App\Controllers\usuario\ShoppingCarController))
 4 SYSTEMPATH\CodeIgniter.php(368): CodeIgniter\CodeIgniter->handleRequest(null, Object(Config\Cache), false)
 5 FCPATH\index.php(67): CodeIgniter\CodeIgniter->run()
CRITICAL - 2023-04-23 20:17:32 --> There is no data to insert.
in SYSTEMPATH\BaseModel.php on line 762.
 1 SYSTEMPATH\BaseModel.php(762): CodeIgniter\Database\Exceptions\DataException::forEmptyDataset('insert')
 2 SYSTEMPATH\Model.php(729): CodeIgniter\BaseModel->insert([], true)
 3 APPPATH\Controllers\usuario\ShoppingCarController.php(189): CodeIgniter\Model->insert([...])
 4 SYSTEMPATH\CodeIgniter.php(934): App\Controllers\usuario\ShoppingCarController->comprar()
 5 SYSTEMPATH\CodeIgniter.php(499): CodeIgniter\CodeIgniter->runController(Object(App\Controllers\usuario\ShoppingCarController))
 6 SYSTEMPATH\CodeIgniter.php(368): CodeIgniter\CodeIgniter->handleRequest(null, Object(Config\Cache), false)
 7 FCPATH\index.php(67): CodeIgniter\CodeIgniter->run()
CRITICAL - 2023-04-23 20:18:06 --> There is no data to insert.
in SYSTEMPATH\BaseModel.php on line 762.
 1 SYSTEMPATH\BaseModel.php(762): CodeIgniter\Database\Exceptions\DataException::forEmptyDataset('insert')
 2 SYSTEMPATH\Model.php(729): CodeIgniter\BaseModel->insert([], true)
 3 APPPATH\Controllers\usuario\ShoppingCarController.php(185): CodeIgniter\Model->insert([...])
 4 SYSTEMPATH\CodeIgniter.php(934): App\Controllers\usuario\ShoppingCarController->comprar()
 5 SYSTEMPATH\CodeIgniter.php(499): CodeIgniter\CodeIgniter->runController(Object(App\Controllers\usuario\ShoppingCarController))
 6 SYSTEMPATH\CodeIgniter.php(368): CodeIgniter\CodeIgniter->handleRequest(null, Object(Config\Cache), false)
 7 FCPATH\index.php(67): CodeIgniter\CodeIgniter->run()
CRITICAL - 2023-04-23 20:18:41 --> There is no data to insert.
in SYSTEMPATH\BaseModel.php on line 762.
 1 SYSTEMPATH\BaseModel.php(762): CodeIgniter\Database\Exceptions\DataException::forEmptyDataset('insert')
 2 SYSTEMPATH\Model.php(729): CodeIgniter\BaseModel->insert([], true)
 3 APPPATH\Controllers\usuario\ShoppingCarController.php(190): CodeIgniter\Model->insert([...])
 4 SYSTEMPATH\CodeIgniter.php(934): App\Controllers\usuario\ShoppingCarController->comprar()
 5 SYSTEMPATH\CodeIgniter.php(499): CodeIgniter\CodeIgniter->runController(Object(App\Controllers\usuario\ShoppingCarController))
 6 SYSTEMPATH\CodeIgniter.php(368): CodeIgniter\CodeIgniter->handleRequest(null, Object(Config\Cache), false)
 7 FCPATH\index.php(67): CodeIgniter\CodeIgniter->run()
CRITICAL - 2023-04-23 20:56:22 --> Undefined array key "carrito"
in APPPATH\Controllers\usuario\ShoppingCarController.php on line 140.
 1 APPPATH\Controllers\usuario\ShoppingCarController.php(140): CodeIgniter\Debug\Exceptions->errorHandler(2, 'Undefined array key "carrito"', 'APPPATH\\Controllers\\usuario\\ShoppingCarController.php', 140)
 2 SYSTEMPATH\CodeIgniter.php(934): App\Controllers\usuario\ShoppingCarController->comprar()
 3 SYSTEMPATH\CodeIgniter.php(499): CodeIgniter\CodeIgniter->runController(Object(App\Controllers\usuario\ShoppingCarController))
 4 SYSTEMPATH\CodeIgniter.php(368): CodeIgniter\CodeIgniter->handleRequest(null, Object(Config\Cache), false)
 5 FCPATH\index.php(67): CodeIgniter\CodeIgniter->run()
ERROR - 2023-04-23 21:28:08 --> mysqli_sql_exception: Cannot add or update a child row: a foreign key constraint fails (`tiendavideojuegos`.`ordenes`, CONSTRAINT `ordenes_ibfk_1` FOREIGN KEY (`idOrden`) REFERENCES `ordenesusuario` (`idOrden`) ON DELETE CASCADE ON UPDATE CASCADE) in C:\xampp\htdocs\Codeigniter4\system\Database\MySQLi\Connection.php:295
Stack trace:
#0 C:\xampp\htdocs\Codeigniter4\system\Database\MySQLi\Connection.php(295): mysqli->query('INSERT INTO `or...', 0)
#1 C:\xampp\htdocs\Codeigniter4\system\Database\BaseConnection.php(691): CodeIgniter\Database\MySQLi\Connection->execute('INSERT INTO `or...')
#2 C:\xampp\htdocs\Codeigniter4\system\Database\BaseConnection.php(605): CodeIgniter\Database\BaseConnection->simpleQuery('INSERT INTO `or...')
#3 C:\xampp\htdocs\Codeigniter4\system\Database\BaseBuilder.php(2295): CodeIgniter\Database\BaseConnection->query('INSERT INTO `or...', Array, false)
#4 C:\xampp\htdocs\Codeigniter4\system\Model.php(329): CodeIgniter\Database\BaseBuilder->insert()
#5 C:\xampp\htdocs\Codeigniter4\system\BaseModel.php(782): CodeIgniter\Model->doInsert(Array)
#6 C:\xampp\htdocs\Codeigniter4\system\Model.php(729): CodeIgniter\BaseModel->insert(Array, true)
#7 C:\xampp\htdocs\Codeigniter4\app\Controllers\usuario\ShoppingCarController.php(156): CodeIgniter\Model->insert(Array)
#8 C:\xampp\htdocs\Codeigniter4\system\CodeIgniter.php(934): App\Controllers\usuario\ShoppingCarController->comprar()
#9 C:\xampp\htdocs\Codeigniter4\system\CodeIgniter.php(499): CodeIgniter\CodeIgniter->runController(Object(App\Controllers\usuario\ShoppingCarController))
#10 C:\xampp\htdocs\Codeigniter4\system\CodeIgniter.php(368): CodeIgniter\CodeIgniter->handleRequest(NULL, Object(Config\Cache), false)
#11 C:\xampp\htdocs\Codeigniter4\index.php(67): CodeIgniter\CodeIgniter->run()
#12 {main}
CRITICAL - 2023-04-23 21:28:08 --> Cannot add or update a child row: a foreign key constraint fails (`tiendavideojuegos`.`ordenes`, CONSTRAINT `ordenes_ibfk_1` FOREIGN KEY (`idOrden`) REFERENCES `ordenesusuario` (`idOrden`) ON DELETE CASCADE ON UPDATE CASCADE)
in SYSTEMPATH\Database\BaseConnection.php on line 645.
 1 SYSTEMPATH\Database\BaseBuilder.php(2295): CodeIgniter\Database\BaseConnection->query('INSERT INTO `ordenes` (`nombre`, `apellidos`, `numeroTarjeta`, `direccion`, `fechaVencimiento`, `cvv`) VALUES (:nombre:, :apellidos:, :numeroTarjeta:, :direccion:, :fechaVencimiento:, :cvv:)', [...], false)
 2 SYSTEMPATH\Model.php(329): CodeIgniter\Database\BaseBuilder->insert()
 3 SYSTEMPATH\BaseModel.php(782): CodeIgniter\Model->doInsert([...])
 4 SYSTEMPATH\Model.php(729): CodeIgniter\BaseModel->insert([...], true)
 5 APPPATH\Controllers\usuario\ShoppingCarController.php(156): CodeIgniter\Model->insert([...])
 6 SYSTEMPATH\CodeIgniter.php(934): App\Controllers\usuario\ShoppingCarController->comprar()
 7 SYSTEMPATH\CodeIgniter.php(499): CodeIgniter\CodeIgniter->runController(Object(App\Controllers\usuario\ShoppingCarController))
 8 SYSTEMPATH\CodeIgniter.php(368): CodeIgniter\CodeIgniter->handleRequest(null, Object(Config\Cache), false)
 9 FCPATH\index.php(67): CodeIgniter\CodeIgniter->run()
ERROR - 2023-04-23 21:34:47 --> mysqli_sql_exception: Cannot add or update a child row: a foreign key constraint fails (`tiendavideojuegos`.`ordenesusuario`, CONSTRAINT `ordenesusuario_ibfk_1` FOREIGN KEY (`idOrden`) REFERENCES `ordenes` (`idOrden`) ON DELETE CASCADE ON UPDATE CASCADE) in C:\xampp\htdocs\Codeigniter4\system\Database\MySQLi\Connection.php:295
Stack trace:
#0 C:\xampp\htdocs\Codeigniter4\system\Database\MySQLi\Connection.php(295): mysqli->query('INSERT INTO `or...', 0)
#1 C:\xampp\htdocs\Codeigniter4\system\Database\BaseConnection.php(691): CodeIgniter\Database\MySQLi\Connection->execute('INSERT INTO `or...')
#2 C:\xampp\htdocs\Codeigniter4\system\Database\BaseConnection.php(605): CodeIgniter\Database\BaseConnection->simpleQuery('INSERT INTO `or...')
#3 C:\xampp\htdocs\Codeigniter4\system\Database\BaseBuilder.php(2295): CodeIgniter\Database\BaseConnection->query('INSERT INTO `or...', Array, false)
#4 C:\xampp\htdocs\Codeigniter4\system\Model.php(329): CodeIgniter\Database\BaseBuilder->insert()
#5 C:\xampp\htdocs\Codeigniter4\system\BaseModel.php(782): CodeIgniter\Model->doInsert(Array)
#6 C:\xampp\htdocs\Codeigniter4\system\Model.php(729): CodeIgniter\BaseModel->insert(Array, true)
#7 C:\xampp\htdocs\Codeigniter4\app\Controllers\usuario\ShoppingCarController.php(181): CodeIgniter\Model->insert(Array)
#8 C:\xampp\htdocs\Codeigniter4\system\CodeIgniter.php(934): App\Controllers\usuario\ShoppingCarController->comprar()
#9 C:\xampp\htdocs\Codeigniter4\system\CodeIgniter.php(499): CodeIgniter\CodeIgniter->runController(Object(App\Controllers\usuario\ShoppingCarController))
#10 C:\xampp\htdocs\Codeigniter4\system\CodeIgniter.php(368): CodeIgniter\CodeIgniter->handleRequest(NULL, Object(Config\Cache), false)
#11 C:\xampp\htdocs\Codeigniter4\index.php(67): CodeIgniter\CodeIgniter->run()
#12 {main}
CRITICAL - 2023-04-23 21:34:47 --> Cannot add or update a child row: a foreign key constraint fails (`tiendavideojuegos`.`ordenesusuario`, CONSTRAINT `ordenesusuario_ibfk_1` FOREIGN KEY (`idOrden`) REFERENCES `ordenes` (`idOrden`) ON DELETE CASCADE ON UPDATE CASCADE)
in SYSTEMPATH\Database\BaseConnection.php on line 645.
 1 SYSTEMPATH\Database\BaseBuilder.php(2295): CodeIgniter\Database\BaseConnection->query('INSERT INTO `ordenesusuario` (`nombre`, `precio`, `cantidad`) VALUES (:nombre:, :precio:, :cantidad:)', [...], false)
 2 SYSTEMPATH\Model.php(329): CodeIgniter\Database\BaseBuilder->insert()
 3 SYSTEMPATH\BaseModel.php(782): CodeIgniter\Model->doInsert([...])
 4 SYSTEMPATH\Model.php(729): CodeIgniter\BaseModel->insert([...], true)
 5 APPPATH\Controllers\usuario\ShoppingCarController.php(181): CodeIgniter\Model->insert([...])
 6 SYSTEMPATH\CodeIgniter.php(934): App\Controllers\usuario\ShoppingCarController->comprar()
 7 SYSTEMPATH\CodeIgniter.php(499): CodeIgniter\CodeIgniter->runController(Object(App\Controllers\usuario\ShoppingCarController))
 8 SYSTEMPATH\CodeIgniter.php(368): CodeIgniter\CodeIgniter->handleRequest(null, Object(Config\Cache), false)
 9 FCPATH\index.php(67): CodeIgniter\CodeIgniter->run()
