CRITICAL - 2023-04-19 03:23:44 --> Undefined constant "Console"
in APPPATH\Views\invitado\cardsInicio.php on line 364.
 1 SYSTEMPATH\View\View.php(213): include()
 2 SYSTEMPATH\View\View.php(216): CodeIgniter\View\View->CodeIgniter\View\{closure}()
 3 SYSTEMPATH\Common.php(1177): CodeIgniter\View\View->render('invitado/cardsInicio.php', [], true)
 4 APPPATH\Controllers\invitado\Inicio.php(20): view('invitado/cardsInicio.php', [...])
 5 SYSTEMPATH\CodeIgniter.php(934): App\Controllers\invitado\Inicio->index()
 6 SYSTEMPATH\CodeIgniter.php(499): CodeIgniter\CodeIgniter->runController(Object(App\Controllers\invitado\Inicio))
 7 SYSTEMPATH\CodeIgniter.php(368): CodeIgniter\CodeIgniter->handleRequest(null, Object(Config\Cache), false)
 8 FCPATH\index.php(67): CodeIgniter\CodeIgniter->run()
CRITICAL - 2023-04-19 08:03:30 --> Undefined variable $juego
in APPPATH\Views\ShoppingCar.php on line 134.
 1 APPPATH\Views\ShoppingCar.php(134): CodeIgniter\Debug\Exceptions->errorHandler(2, 'Undefined variable $juego', 'APPPATH\\Views\\ShoppingCar.php', 134)
 2 SYSTEMPATH\View\View.php(213): include('APPPATH\\Views\\ShoppingCar.php')
 3 SYSTEMPATH\View\View.php(216): CodeIgniter\View\View->CodeIgniter\View\{closure}()
 4 SYSTEMPATH\Common.php(1177): CodeIgniter\View\View->render('ShoppingCar', [], true)
 5 APPPATH\Controllers\ShoppingCarController.php(41): view('ShoppingCar', [...])
 6 SYSTEMPATH\CodeIgniter.php(934): App\Controllers\ShoppingCarController->index()
 7 SYSTEMPATH\CodeIgniter.php(499): CodeIgniter\CodeIgniter->runController(Object(App\Controllers\ShoppingCarController))
 8 SYSTEMPATH\CodeIgniter.php(368): CodeIgniter\CodeIgniter->handleRequest(null, Object(Config\Cache), false)
 9 FCPATH\index.php(67): CodeIgniter\CodeIgniter->run()
CRITICAL - 2023-04-19 15:18:37 --> Invalid file: "invitado/inicio.php"
in SYSTEMPATH\Exceptions\FrameworkException.php on line 33.
 1 SYSTEMPATH\View\View.php(201): CodeIgniter\Exceptions\FrameworkException::forInvalidFile('invitado/inicio.php')
 2 SYSTEMPATH\Common.php(1177): CodeIgniter\View\View->render('invitado/inicio', [], true)
 3 APPPATH\Controllers\invitado\Inicio.php(24): view('invitado/inicio')
 4 SYSTEMPATH\CodeIgniter.php(934): App\Controllers\invitado\Inicio->index()
 5 SYSTEMPATH\CodeIgniter.php(499): CodeIgniter\CodeIgniter->runController(Object(App\Controllers\invitado\Inicio))
 6 SYSTEMPATH\CodeIgniter.php(368): CodeIgniter\CodeIgniter->handleRequest(null, Object(Config\Cache), false)
 7 FCPATH\index.php(67): CodeIgniter\CodeIgniter->run()
CRITICAL - 2023-04-19 15:35:56 --> Undefined global variable $_SESSION
in APPPATH\Views\usuario\navbarLog.php on line 2.
 1 APPPATH\Views\usuario\navbarLog.php(2): CodeIgniter\Debug\Exceptions->errorHandler(2, 'Undefined global variable $_SESSION', 'APPPATH\\Views\\usuario\\navbarLog.php', 2)
 2 SYSTEMPATH\View\View.php(213): include('APPPATH\\Views\\usuario\\navbarLog.php')
 3 SYSTEMPATH\View\View.php(216): CodeIgniter\View\View->CodeIgniter\View\{closure}()
 4 SYSTEMPATH\Common.php(1177): CodeIgniter\View\View->render('usuario/navbarLog', [], true)
 5 APPPATH\Controllers\invitado\Inicio.php(36): view('usuario/navbarLog')
 6 SYSTEMPATH\CodeIgniter.php(934): App\Controllers\invitado\Inicio->indexLog()
 7 SYSTEMPATH\CodeIgniter.php(499): CodeIgniter\CodeIgniter->runController(Object(App\Controllers\invitado\Inicio))
 8 SYSTEMPATH\CodeIgniter.php(368): CodeIgniter\CodeIgniter->handleRequest(null, Object(Config\Cache), false)
 9 FCPATH\index.php(67): CodeIgniter\CodeIgniter->run()
CRITICAL - 2023-04-19 15:36:26 --> Undefined global variable $_SESSION
in APPPATH\Views\usuario\navbarLog.php on line 2.
 1 APPPATH\Views\usuario\navbarLog.php(2): CodeIgniter\Debug\Exceptions->errorHandler(2, 'Undefined global variable $_SESSION', 'APPPATH\\Views\\usuario\\navbarLog.php', 2)
 2 SYSTEMPATH\View\View.php(213): include('APPPATH\\Views\\usuario\\navbarLog.php')
 3 SYSTEMPATH\View\View.php(216): CodeIgniter\View\View->CodeIgniter\View\{closure}()
 4 SYSTEMPATH\Common.php(1177): CodeIgniter\View\View->render('usuario/navbarLog', [], true)
 5 APPPATH\Controllers\invitado\Inicio.php(36): view('usuario/navbarLog')
 6 SYSTEMPATH\CodeIgniter.php(934): App\Controllers\invitado\Inicio->indexLog()
 7 SYSTEMPATH\CodeIgniter.php(499): CodeIgniter\CodeIgniter->runController(Object(App\Controllers\invitado\Inicio))
 8 SYSTEMPATH\CodeIgniter.php(368): CodeIgniter\CodeIgniter->handleRequest(null, Object(Config\Cache), false)
 9 FCPATH\index.php(67): CodeIgniter\CodeIgniter->run()
CRITICAL - 2023-04-19 15:36:41 --> Undefined global variable $_SESSION
in APPPATH\Views\usuario\navbarLog.php on line 2.
 1 APPPATH\Views\usuario\navbarLog.php(2): CodeIgniter\Debug\Exceptions->errorHandler(2, 'Undefined global variable $_SESSION', 'APPPATH\\Views\\usuario\\navbarLog.php', 2)
 2 SYSTEMPATH\View\View.php(213): include('APPPATH\\Views\\usuario\\navbarLog.php')
 3 SYSTEMPATH\View\View.php(216): CodeIgniter\View\View->CodeIgniter\View\{closure}()
 4 SYSTEMPATH\Common.php(1177): CodeIgniter\View\View->render('usuario/navbarLog', [], true)
 5 APPPATH\Controllers\invitado\Inicio.php(36): view('usuario/navbarLog')
 6 SYSTEMPATH\CodeIgniter.php(934): App\Controllers\invitado\Inicio->indexLog()
 7 SYSTEMPATH\CodeIgniter.php(499): CodeIgniter\CodeIgniter->runController(Object(App\Controllers\invitado\Inicio))
 8 SYSTEMPATH\CodeIgniter.php(368): CodeIgniter\CodeIgniter->handleRequest(null, Object(Config\Cache), false)
 9 FCPATH\index.php(67): CodeIgniter\CodeIgniter->run()
CRITICAL - 2023-04-19 15:42:01 --> Undefined global variable $_SESSION
in APPPATH\Views\usuario\navbarLog.php on line 2.
 1 APPPATH\Views\usuario\navbarLog.php(2): CodeIgniter\Debug\Exceptions->errorHandler(2, 'Undefined global variable $_SESSION', 'APPPATH\\Views\\usuario\\navbarLog.php', 2)
 2 SYSTEMPATH\View\View.php(213): include('APPPATH\\Views\\usuario\\navbarLog.php')
 3 SYSTEMPATH\View\View.php(216): CodeIgniter\View\View->CodeIgniter\View\{closure}()
 4 SYSTEMPATH\Common.php(1177): CodeIgniter\View\View->render('usuario/navbarLog', [], true)
 5 APPPATH\Controllers\invitado\Inicio.php(36): view('usuario/navbarLog')
 6 SYSTEMPATH\CodeIgniter.php(934): App\Controllers\invitado\Inicio->indexLog()
 7 SYSTEMPATH\CodeIgniter.php(499): CodeIgniter\CodeIgniter->runController(Object(App\Controllers\invitado\Inicio))
 8 SYSTEMPATH\CodeIgniter.php(368): CodeIgniter\CodeIgniter->handleRequest(null, Object(Config\Cache), false)
 9 FCPATH\index.php(67): CodeIgniter\CodeIgniter->run()
CRITICAL - 2023-04-19 15:42:08 --> Undefined global variable $_SESSION
in APPPATH\Views\usuario\navbarLog.php on line 2.
 1 APPPATH\Views\usuario\navbarLog.php(2): CodeIgniter\Debug\Exceptions->errorHandler(2, 'Undefined global variable $_SESSION', 'APPPATH\\Views\\usuario\\navbarLog.php', 2)
 2 SYSTEMPATH\View\View.php(213): include('APPPATH\\Views\\usuario\\navbarLog.php')
 3 SYSTEMPATH\View\View.php(216): CodeIgniter\View\View->CodeIgniter\View\{closure}()
 4 SYSTEMPATH\Common.php(1177): CodeIgniter\View\View->render('usuario/navbarLog', [], true)
 5 APPPATH\Controllers\invitado\Inicio.php(36): view('usuario/navbarLog')
 6 SYSTEMPATH\CodeIgniter.php(934): App\Controllers\invitado\Inicio->indexLog()
 7 SYSTEMPATH\CodeIgniter.php(499): CodeIgniter\CodeIgniter->runController(Object(App\Controllers\invitado\Inicio))
 8 SYSTEMPATH\CodeIgniter.php(368): CodeIgniter\CodeIgniter->handleRequest(null, Object(Config\Cache), false)
 9 FCPATH\index.php(67): CodeIgniter\CodeIgniter->run()
CRITICAL - 2023-04-19 15:42:36 --> Trying to access array offset on value of type null
in APPPATH\Views\usuario\navbarLog.php on line 88.
 1 APPPATH\Views\usuario\navbarLog.php(88): CodeIgniter\Debug\Exceptions->errorHandler(2, 'Trying to access array offset on value of type null', 'APPPATH\\Views\\usuario\\navbarLog.php', 88)
 2 SYSTEMPATH\View\View.php(213): include('APPPATH\\Views\\usuario\\navbarLog.php')
 3 SYSTEMPATH\View\View.php(216): CodeIgniter\View\View->CodeIgniter\View\{closure}()
 4 SYSTEMPATH\Common.php(1177): CodeIgniter\View\View->render('usuario/navbarLog', [], true)
 5 APPPATH\Controllers\invitado\Inicio.php(36): view('usuario/navbarLog')
 6 SYSTEMPATH\CodeIgniter.php(934): App\Controllers\invitado\Inicio->indexLog()
 7 SYSTEMPATH\CodeIgniter.php(499): CodeIgniter\CodeIgniter->runController(Object(App\Controllers\invitado\Inicio))
 8 SYSTEMPATH\CodeIgniter.php(368): CodeIgniter\CodeIgniter->handleRequest(null, Object(Config\Cache), false)
 9 FCPATH\index.php(67): CodeIgniter\CodeIgniter->run()
CRITICAL - 2023-04-19 15:42:47 --> Trying to access array offset on value of type null
in APPPATH\Views\usuario\navbarLog.php on line 88.
 1 APPPATH\Views\usuario\navbarLog.php(88): CodeIgniter\Debug\Exceptions->errorHandler(2, 'Trying to access array offset on value of type null', 'APPPATH\\Views\\usuario\\navbarLog.php', 88)
 2 SYSTEMPATH\View\View.php(213): include('APPPATH\\Views\\usuario\\navbarLog.php')
 3 SYSTEMPATH\View\View.php(216): CodeIgniter\View\View->CodeIgniter\View\{closure}()
 4 SYSTEMPATH\Common.php(1177): CodeIgniter\View\View->render('usuario/navbarLog', [], true)
 5 APPPATH\Controllers\invitado\Inicio.php(36): view('usuario/navbarLog')
 6 SYSTEMPATH\CodeIgniter.php(934): App\Controllers\invitado\Inicio->indexLog()
 7 SYSTEMPATH\CodeIgniter.php(499): CodeIgniter\CodeIgniter->runController(Object(App\Controllers\invitado\Inicio))
 8 SYSTEMPATH\CodeIgniter.php(368): CodeIgniter\CodeIgniter->handleRequest(null, Object(Config\Cache), false)
 9 FCPATH\index.php(67): CodeIgniter\CodeIgniter->run()
CRITICAL - 2023-04-19 15:58:26 --> Invalid file: "usuario/gamesXboxLog.php"
in SYSTEMPATH\Exceptions\FrameworkException.php on line 33.
 1 SYSTEMPATH\View\View.php(201): CodeIgniter\Exceptions\FrameworkException::forInvalidFile('usuario/gamesXboxLog.php')
 2 SYSTEMPATH\Common.php(1177): CodeIgniter\View\View->render('usuario/gamesXboxLog', [], true)
 3 APPPATH\Controllers\generico\GamesXboxController.php(203): view('usuario/gamesXboxLog', [...])
 4 SYSTEMPATH\CodeIgniter.php(934): App\Controllers\generico\GamesXboxController->indexGameXboxLog()
 5 SYSTEMPATH\CodeIgniter.php(499): CodeIgniter\CodeIgniter->runController(Object(App\Controllers\generico\GamesXboxController))
 6 SYSTEMPATH\CodeIgniter.php(368): CodeIgniter\CodeIgniter->handleRequest(null, Object(Config\Cache), false)
 7 FCPATH\index.php(67): CodeIgniter\CodeIgniter->run()
CRITICAL - 2023-04-19 16:31:53 --> syntax error, unexpected token "return"
in APPPATH\Controllers\invitado\Inicio.php on line 64.
 1 SYSTEMPATH\Autoloader\Autoloader.php(289): CodeIgniter\Autoloader\Autoloader->includeFile('APPPATH\\Controllers\\invitado\\Inicio.php')
 2 SYSTEMPATH\Autoloader\Autoloader.php(267): CodeIgniter\Autoloader\Autoloader->loadInNamespace('App\\Controllers\\invitado\\Inicio')
 3 [internal function]: CodeIgniter\Autoloader\Autoloader->loadClass('App\\Controllers\\invitado\\Inicio')
 4 SYSTEMPATH\CodeIgniter.php(892): class_exists('\\App\\Controllers\\invitado\\Inicio', true)
 5 SYSTEMPATH\CodeIgniter.php(486): CodeIgniter\CodeIgniter->startController()
 6 SYSTEMPATH\CodeIgniter.php(368): CodeIgniter\CodeIgniter->handleRequest(null, Object(Config\Cache), false)
 7 FCPATH\index.php(67): CodeIgniter\CodeIgniter->run()
CRITICAL - 2023-04-19 18:14:41 --> Undefined variable $data2
in APPPATH\Controllers\usuario\ShoppingCarController.php on line 68.
 1 APPPATH\Controllers\usuario\ShoppingCarController.php(68): CodeIgniter\Debug\Exceptions->errorHandler(2, 'Undefined variable $data2', 'APPPATH\\Controllers\\usuario\\ShoppingCarController.php', 68)
 2 SYSTEMPATH\CodeIgniter.php(934): App\Controllers\usuario\ShoppingCarController->listaDeseos()
 3 SYSTEMPATH\CodeIgniter.php(499): CodeIgniter\CodeIgniter->runController(Object(App\Controllers\usuario\ShoppingCarController))
 4 SYSTEMPATH\CodeIgniter.php(368): CodeIgniter\CodeIgniter->handleRequest(null, Object(Config\Cache), false)
 5 FCPATH\index.php(67): CodeIgniter\CodeIgniter->run()
CRITICAL - 2023-04-19 18:14:55 --> Undefined variable $videojuegos
in APPPATH\Views\usuario\ShoppingCar.php on line 2.
 1 APPPATH\Views\usuario\ShoppingCar.php(2): CodeIgniter\Debug\Exceptions->errorHandler(2, 'Undefined variable $videojuegos', 'APPPATH\\Views\\usuario\\ShoppingCar.php', 2)
 2 SYSTEMPATH\View\View.php(213): include('APPPATH\\Views\\usuario\\ShoppingCar.php')
 3 SYSTEMPATH\View\View.php(216): CodeIgniter\View\View->CodeIgniter\View\{closure}()
 4 SYSTEMPATH\Common.php(1177): CodeIgniter\View\View->render('usuario/ShoppingCar', [], true)
 5 APPPATH\Controllers\usuario\ShoppingCarController.php(68): view('usuario/ShoppingCar')
 6 SYSTEMPATH\CodeIgniter.php(934): App\Controllers\usuario\ShoppingCarController->listaDeseos()
 7 SYSTEMPATH\CodeIgniter.php(499): CodeIgniter\CodeIgniter->runController(Object(App\Controllers\usuario\ShoppingCarController))
 8 SYSTEMPATH\CodeIgniter.php(368): CodeIgniter\CodeIgniter->handleRequest(null, Object(Config\Cache), false)
 9 FCPATH\index.php(67): CodeIgniter\CodeIgniter->run()
CRITICAL - 2023-04-19 18:15:34 --> Undefined variable $videojuegos
in APPPATH\Views\usuario\ShoppingCar.php on line 132.
 1 APPPATH\Views\usuario\ShoppingCar.php(132): CodeIgniter\Debug\Exceptions->errorHandler(2, 'Undefined variable $videojuegos', 'APPPATH\\Views\\usuario\\ShoppingCar.php', 132)
 2 SYSTEMPATH\View\View.php(213): include('APPPATH\\Views\\usuario\\ShoppingCar.php')
 3 SYSTEMPATH\View\View.php(216): CodeIgniter\View\View->CodeIgniter\View\{closure}()
 4 SYSTEMPATH\Common.php(1177): CodeIgniter\View\View->render('usuario/ShoppingCar', [], true)
 5 APPPATH\Controllers\usuario\ShoppingCarController.php(68): view('usuario/ShoppingCar')
 6 SYSTEMPATH\CodeIgniter.php(934): App\Controllers\usuario\ShoppingCarController->listaDeseos()
 7 SYSTEMPATH\CodeIgniter.php(499): CodeIgniter\CodeIgniter->runController(Object(App\Controllers\usuario\ShoppingCarController))
 8 SYSTEMPATH\CodeIgniter.php(368): CodeIgniter\CodeIgniter->handleRequest(null, Object(Config\Cache), false)
 9 FCPATH\index.php(67): CodeIgniter\CodeIgniter->run()
CRITICAL - 2023-04-19 19:43:21 --> Undefined variable $BASE_URL
in APPPATH\Views\usuario\listaDeseos.php on line 3.
 1 APPPATH\Views\usuario\listaDeseos.php(3): CodeIgniter\Debug\Exceptions->errorHandler(2, 'Undefined variable $BASE_URL', 'APPPATH\\Views\\usuario\\listaDeseos.php', 3)
 2 SYSTEMPATH\View\View.php(213): include('APPPATH\\Views\\usuario\\listaDeseos.php')
 3 SYSTEMPATH\View\View.php(216): CodeIgniter\View\View->CodeIgniter\View\{closure}()
 4 SYSTEMPATH\Common.php(1177): CodeIgniter\View\View->render('usuario/listaDeseos', [], true)
 5 APPPATH\Controllers\usuario\ShoppingCarController.php(69): view('usuario/listaDeseos', [...])
 6 SYSTEMPATH\CodeIgniter.php(934): App\Controllers\usuario\ShoppingCarController->listaDeseos()
 7 SYSTEMPATH\CodeIgniter.php(499): CodeIgniter\CodeIgniter->runController(Object(App\Controllers\usuario\ShoppingCarController))
 8 SYSTEMPATH\CodeIgniter.php(368): CodeIgniter\CodeIgniter->handleRequest(null, Object(Config\Cache), false)
 9 FCPATH\index.php(67): CodeIgniter\CodeIgniter->run()
CRITICAL - 2023-04-19 19:43:56 --> Undefined variable $BASE_URL
in APPPATH\Views\usuario\listaDeseos.php on line 3.
 1 APPPATH\Views\usuario\listaDeseos.php(3): CodeIgniter\Debug\Exceptions->errorHandler(2, 'Undefined variable $BASE_URL', 'APPPATH\\Views\\usuario\\listaDeseos.php', 3)
 2 SYSTEMPATH\View\View.php(213): include('APPPATH\\Views\\usuario\\listaDeseos.php')
 3 SYSTEMPATH\View\View.php(216): CodeIgniter\View\View->CodeIgniter\View\{closure}()
 4 SYSTEMPATH\Common.php(1177): CodeIgniter\View\View->render('usuario/listaDeseos', [], true)
 5 APPPATH\Controllers\usuario\ShoppingCarController.php(69): view('usuario/listaDeseos', [...])
 6 SYSTEMPATH\CodeIgniter.php(934): App\Controllers\usuario\ShoppingCarController->listaDeseos()
 7 SYSTEMPATH\CodeIgniter.php(499): CodeIgniter\CodeIgniter->runController(Object(App\Controllers\usuario\ShoppingCarController))
 8 SYSTEMPATH\CodeIgniter.php(368): CodeIgniter\CodeIgniter->handleRequest(null, Object(Config\Cache), false)
 9 FCPATH\index.php(67): CodeIgniter\CodeIgniter->run()
CRITICAL - 2023-04-19 19:54:06 --> Undefined variable $var
in APPPATH\Views\usuario\listaDeseos.php on line 75.
 1 APPPATH\Views\usuario\listaDeseos.php(75): CodeIgniter\Debug\Exceptions->errorHandler(2, 'Undefined variable $var', 'APPPATH\\Views\\usuario\\listaDeseos.php', 75)
 2 SYSTEMPATH\View\View.php(213): include('APPPATH\\Views\\usuario\\listaDeseos.php')
 3 SYSTEMPATH\View\View.php(216): CodeIgniter\View\View->CodeIgniter\View\{closure}()
 4 SYSTEMPATH\Common.php(1177): CodeIgniter\View\View->render('usuario/listaDeseos', [], true)
 5 APPPATH\Controllers\usuario\ShoppingCarController.php(69): view('usuario/listaDeseos', [...])
 6 SYSTEMPATH\CodeIgniter.php(934): App\Controllers\usuario\ShoppingCarController->listaDeseos()
 7 SYSTEMPATH\CodeIgniter.php(499): CodeIgniter\CodeIgniter->runController(Object(App\Controllers\usuario\ShoppingCarController))
 8 SYSTEMPATH\CodeIgniter.php(368): CodeIgniter\CodeIgniter->handleRequest(null, Object(Config\Cache), false)
 9 FCPATH\index.php(67): CodeIgniter\CodeIgniter->run()
