CRITICAL - 2023-04-21 06:28:49 --> Undefined array key "listaDeseo"
in APPPATH\Views\usuario\listaDeseos.php on line 11.
 1 APPPATH\Views\usuario\listaDeseos.php(11): CodeIgniter\Debug\Exceptions->errorHandler(2, 'Undefined array key "listaDeseo"', 'APPPATH\\Views\\usuario\\listaDeseos.php', 11)
 2 SYSTEMPATH\View\View.php(213): include('APPPATH\\Views\\usuario\\listaDeseos.php')
 3 SYSTEMPATH\View\View.php(216): CodeIgniter\View\View->CodeIgniter\View\{closure}()
 4 SYSTEMPATH\Common.php(1177): CodeIgniter\View\View->render('usuario/listaDeseos', [], true)
 5 APPPATH\Controllers\usuario\ShoppingCarController.php(70): view('usuario/listaDeseos', [...])
 6 SYSTEMPATH\CodeIgniter.php(934): App\Controllers\usuario\ShoppingCarController->listaDeseos()
 7 SYSTEMPATH\CodeIgniter.php(499): CodeIgniter\CodeIgniter->runController(Object(App\Controllers\usuario\ShoppingCarController))
 8 SYSTEMPATH\CodeIgniter.php(368): CodeIgniter\CodeIgniter->handleRequest(null, Object(Config\Cache), false)
 9 FCPATH\index.php(67): CodeIgniter\CodeIgniter->run()
CRITICAL - 2023-04-21 06:59:58 --> Undefined array key "listaDeseo"
in APPPATH\Views\usuario\listaDeseos.php on line 10.
 1 APPPATH\Views\usuario\listaDeseos.php(10): CodeIgniter\Debug\Exceptions->errorHandler(2, 'Undefined array key "listaDeseo"', 'APPPATH\\Views\\usuario\\listaDeseos.php', 10)
 2 SYSTEMPATH\View\View.php(213): include('APPPATH\\Views\\usuario\\listaDeseos.php')
 3 SYSTEMPATH\View\View.php(216): CodeIgniter\View\View->CodeIgniter\View\{closure}()
 4 SYSTEMPATH\Common.php(1177): CodeIgniter\View\View->render('usuario/listaDeseos', [], true)
 5 APPPATH\Controllers\usuario\ShoppingCarController.php(70): view('usuario/listaDeseos', [...])
 6 SYSTEMPATH\CodeIgniter.php(934): App\Controllers\usuario\ShoppingCarController->listaDeseos()
 7 SYSTEMPATH\CodeIgniter.php(499): CodeIgniter\CodeIgniter->runController(Object(App\Controllers\usuario\ShoppingCarController))
 8 SYSTEMPATH\CodeIgniter.php(368): CodeIgniter\CodeIgniter->handleRequest(null, Object(Config\Cache), false)
 9 FCPATH\index.php(67): CodeIgniter\CodeIgniter->run()
CRITICAL - 2023-04-21 07:28:38 --> Undefined array key "listaDeseo"
in APPPATH\Views\usuario\listaDeseos2.php on line 4.
 1 APPPATH\Views\usuario\listaDeseos2.php(4): CodeIgniter\Debug\Exceptions->errorHandler(2, 'Undefined array key "listaDeseo"', 'APPPATH\\Views\\usuario\\listaDeseos2.php', 4)
 2 SYSTEMPATH\View\View.php(213): include('APPPATH\\Views\\usuario\\listaDeseos2.php')
 3 SYSTEMPATH\View\View.php(216): CodeIgniter\View\View->CodeIgniter\View\{closure}()
 4 SYSTEMPATH\Common.php(1177): CodeIgniter\View\View->render('usuario/listaDeseos2', [], true)
 5 APPPATH\Controllers\usuario\ShoppingCarController.php(87): view('usuario/listaDeseos2')
 6 SYSTEMPATH\CodeIgniter.php(934): App\Controllers\usuario\ShoppingCarController->mostrarDeseos()
 7 SYSTEMPATH\CodeIgniter.php(499): CodeIgniter\CodeIgniter->runController(Object(App\Controllers\usuario\ShoppingCarController))
 8 SYSTEMPATH\CodeIgniter.php(368): CodeIgniter\CodeIgniter->handleRequest(null, Object(Config\Cache), false)
 9 FCPATH\index.php(67): CodeIgniter\CodeIgniter->run()
CRITICAL - 2023-04-21 07:29:08 --> Undefined array key "listaDeseo"
in APPPATH\Views\usuario\listaDeseos2.php on line 4.
 1 APPPATH\Views\usuario\listaDeseos2.php(4): CodeIgniter\Debug\Exceptions->errorHandler(2, 'Undefined array key "listaDeseo"', 'APPPATH\\Views\\usuario\\listaDeseos2.php', 4)
 2 SYSTEMPATH\View\View.php(213): include('APPPATH\\Views\\usuario\\listaDeseos2.php')
 3 SYSTEMPATH\View\View.php(216): CodeIgniter\View\View->CodeIgniter\View\{closure}()
 4 SYSTEMPATH\Common.php(1177): CodeIgniter\View\View->render('usuario/listaDeseos2', [], true)
 5 APPPATH\Controllers\usuario\ShoppingCarController.php(87): view('usuario/listaDeseos2')
 6 SYSTEMPATH\CodeIgniter.php(934): App\Controllers\usuario\ShoppingCarController->mostrarDeseos()
 7 SYSTEMPATH\CodeIgniter.php(499): CodeIgniter\CodeIgniter->runController(Object(App\Controllers\usuario\ShoppingCarController))
 8 SYSTEMPATH\CodeIgniter.php(368): CodeIgniter\CodeIgniter->handleRequest(null, Object(Config\Cache), false)
 9 FCPATH\index.php(67): CodeIgniter\CodeIgniter->run()
CRITICAL - 2023-04-21 07:29:42 --> Undefined array key "listaDeseo"
in APPPATH\Views\usuario\listaDeseos2.php on line 4.
 1 APPPATH\Views\usuario\listaDeseos2.php(4): CodeIgniter\Debug\Exceptions->errorHandler(2, 'Undefined array key "listaDeseo"', 'APPPATH\\Views\\usuario\\listaDeseos2.php', 4)
 2 SYSTEMPATH\View\View.php(213): include('APPPATH\\Views\\usuario\\listaDeseos2.php')
 3 SYSTEMPATH\View\View.php(216): CodeIgniter\View\View->CodeIgniter\View\{closure}()
 4 SYSTEMPATH\Common.php(1177): CodeIgniter\View\View->render('usuario/listaDeseos2', [], true)
 5 APPPATH\Controllers\usuario\ShoppingCarController.php(87): view('usuario/listaDeseos2')
 6 SYSTEMPATH\CodeIgniter.php(934): App\Controllers\usuario\ShoppingCarController->mostrarDeseos()
 7 SYSTEMPATH\CodeIgniter.php(499): CodeIgniter\CodeIgniter->runController(Object(App\Controllers\usuario\ShoppingCarController))
 8 SYSTEMPATH\CodeIgniter.php(368): CodeIgniter\CodeIgniter->handleRequest(null, Object(Config\Cache), false)
 9 FCPATH\index.php(67): CodeIgniter\CodeIgniter->run()
CRITICAL - 2023-04-21 07:30:04 --> Array to string conversion
in APPPATH\Views\usuario\listaDeseos2.php on line 11.
 1 APPPATH\Views\usuario\listaDeseos2.php(11): CodeIgniter\Debug\Exceptions->errorHandler(2, 'Array to string conversion', 'APPPATH\\Views\\usuario\\listaDeseos2.php', 11)
 2 SYSTEMPATH\View\View.php(213): include('APPPATH\\Views\\usuario\\listaDeseos2.php')
 3 SYSTEMPATH\View\View.php(216): CodeIgniter\View\View->CodeIgniter\View\{closure}()
 4 SYSTEMPATH\Common.php(1177): CodeIgniter\View\View->render('usuario/listaDeseos2', [], true)
 5 APPPATH\Controllers\usuario\ShoppingCarController.php(87): view('usuario/listaDeseos2')
 6 SYSTEMPATH\CodeIgniter.php(934): App\Controllers\usuario\ShoppingCarController->mostrarDeseos()
 7 SYSTEMPATH\CodeIgniter.php(499): CodeIgniter\CodeIgniter->runController(Object(App\Controllers\usuario\ShoppingCarController))
 8 SYSTEMPATH\CodeIgniter.php(368): CodeIgniter\CodeIgniter->handleRequest(null, Object(Config\Cache), false)
 9 FCPATH\index.php(67): CodeIgniter\CodeIgniter->run()
CRITICAL - 2023-04-21 07:30:04 --> Undefined array key "listaDeseo"
in APPPATH\Views\usuario\listaDeseos2.php on line 4.
 1 APPPATH\Views\usuario\listaDeseos2.php(4): CodeIgniter\Debug\Exceptions->errorHandler(2, 'Undefined array key "listaDeseo"', 'APPPATH\\Views\\usuario\\listaDeseos2.php', 4)
 2 SYSTEMPATH\View\View.php(213): include('APPPATH\\Views\\usuario\\listaDeseos2.php')
 3 SYSTEMPATH\View\View.php(216): CodeIgniter\View\View->CodeIgniter\View\{closure}()
 4 SYSTEMPATH\Common.php(1177): CodeIgniter\View\View->render('usuario/listaDeseos2', [], true)
 5 APPPATH\Controllers\usuario\ShoppingCarController.php(87): view('usuario/listaDeseos2')
 6 SYSTEMPATH\CodeIgniter.php(934): App\Controllers\usuario\ShoppingCarController->mostrarDeseos()
 7 SYSTEMPATH\CodeIgniter.php(499): CodeIgniter\CodeIgniter->runController(Object(App\Controllers\usuario\ShoppingCarController))
 8 SYSTEMPATH\CodeIgniter.php(368): CodeIgniter\CodeIgniter->handleRequest(null, Object(Config\Cache), false)
 9 FCPATH\index.php(67): CodeIgniter\CodeIgniter->run()
CRITICAL - 2023-04-21 07:30:22 --> Undefined array key "listaDeseo"
in APPPATH\Views\usuario\listaDeseos2.php on line 4.
 1 APPPATH\Views\usuario\listaDeseos2.php(4): CodeIgniter\Debug\Exceptions->errorHandler(2, 'Undefined array key "listaDeseo"', 'APPPATH\\Views\\usuario\\listaDeseos2.php', 4)
 2 SYSTEMPATH\View\View.php(213): include('APPPATH\\Views\\usuario\\listaDeseos2.php')
 3 SYSTEMPATH\View\View.php(216): CodeIgniter\View\View->CodeIgniter\View\{closure}()
 4 SYSTEMPATH\Common.php(1177): CodeIgniter\View\View->render('usuario/listaDeseos2', [], true)
 5 APPPATH\Controllers\usuario\ShoppingCarController.php(87): view('usuario/listaDeseos2')
 6 SYSTEMPATH\CodeIgniter.php(934): App\Controllers\usuario\ShoppingCarController->mostrarDeseos()
 7 SYSTEMPATH\CodeIgniter.php(499): CodeIgniter\CodeIgniter->runController(Object(App\Controllers\usuario\ShoppingCarController))
 8 SYSTEMPATH\CodeIgniter.php(368): CodeIgniter\CodeIgniter->handleRequest(null, Object(Config\Cache), false)
 9 FCPATH\index.php(67): CodeIgniter\CodeIgniter->run()
CRITICAL - 2023-04-21 07:40:13 --> Undefined array key "var"
in APPPATH\Views\usuario\listaDeseos2.php on line 2.
 1 APPPATH\Views\usuario\listaDeseos2.php(2): CodeIgniter\Debug\Exceptions->errorHandler(2, 'Undefined array key "var"', 'APPPATH\\Views\\usuario\\listaDeseos2.php', 2)
 2 SYSTEMPATH\View\View.php(213): include('APPPATH\\Views\\usuario\\listaDeseos2.php')
 3 SYSTEMPATH\View\View.php(216): CodeIgniter\View\View->CodeIgniter\View\{closure}()
 4 SYSTEMPATH\Common.php(1177): CodeIgniter\View\View->render('usuario/listaDeseos2', [], true)
 5 APPPATH\Controllers\usuario\ShoppingCarController.php(87): view('usuario/listaDeseos2')
 6 SYSTEMPATH\CodeIgniter.php(934): App\Controllers\usuario\ShoppingCarController->mostrarDeseos()
 7 SYSTEMPATH\CodeIgniter.php(499): CodeIgniter\CodeIgniter->runController(Object(App\Controllers\usuario\ShoppingCarController))
 8 SYSTEMPATH\CodeIgniter.php(368): CodeIgniter\CodeIgniter->handleRequest(null, Object(Config\Cache), false)
 9 FCPATH\index.php(67): CodeIgniter\CodeIgniter->run()
CRITICAL - 2023-04-21 07:45:34 --> Undefined array key "listaDeseo"
in APPPATH\Views\usuario\listaDeseos2.php on line 2.
 1 APPPATH\Views\usuario\listaDeseos2.php(2): CodeIgniter\Debug\Exceptions->errorHandler(2, 'Undefined array key "listaDeseo"', 'APPPATH\\Views\\usuario\\listaDeseos2.php', 2)
 2 SYSTEMPATH\View\View.php(213): include('APPPATH\\Views\\usuario\\listaDeseos2.php')
 3 SYSTEMPATH\View\View.php(216): CodeIgniter\View\View->CodeIgniter\View\{closure}()
 4 SYSTEMPATH\Common.php(1177): CodeIgniter\View\View->render('usuario/listaDeseos2', [], true)
 5 APPPATH\Controllers\usuario\ShoppingCarController.php(87): view('usuario/listaDeseos2')
 6 SYSTEMPATH\CodeIgniter.php(934): App\Controllers\usuario\ShoppingCarController->mostrarDeseos()
 7 SYSTEMPATH\CodeIgniter.php(499): CodeIgniter\CodeIgniter->runController(Object(App\Controllers\usuario\ShoppingCarController))
 8 SYSTEMPATH\CodeIgniter.php(368): CodeIgniter\CodeIgniter->handleRequest(null, Object(Config\Cache), false)
 9 FCPATH\index.php(67): CodeIgniter\CodeIgniter->run()
CRITICAL - 2023-04-21 15:55:30 --> Undefined array key "nombre"
in APPPATH\Views\usuario\listaCarrito.php on line 11.
 1 APPPATH\Views\usuario\listaCarrito.php(11): CodeIgniter\Debug\Exceptions->errorHandler(2, 'Undefined array key "nombre"', 'APPPATH\\Views\\usuario\\listaCarrito.php', 11)
 2 SYSTEMPATH\View\View.php(213): include('APPPATH\\Views\\usuario\\listaCarrito.php')
 3 SYSTEMPATH\View\View.php(216): CodeIgniter\View\View->CodeIgniter\View\{closure}()
 4 SYSTEMPATH\Common.php(1177): CodeIgniter\View\View->render('usuario/listaCarrito', [], true)
 5 APPPATH\Controllers\usuario\ShoppingCarController.php(93): view('usuario/listaCarrito')
 6 SYSTEMPATH\CodeIgniter.php(934): App\Controllers\usuario\ShoppingCarController->listaCarrito()
 7 SYSTEMPATH\CodeIgniter.php(499): CodeIgniter\CodeIgniter->runController(Object(App\Controllers\usuario\ShoppingCarController))
 8 SYSTEMPATH\CodeIgniter.php(368): CodeIgniter\CodeIgniter->handleRequest(null, Object(Config\Cache), false)
 9 FCPATH\index.php(67): CodeIgniter\CodeIgniter->run()
CRITICAL - 2023-04-21 15:58:04 --> Undefined array key "nombre"
in APPPATH\Views\usuario\listaCarrito.php on line 11.
 1 APPPATH\Views\usuario\listaCarrito.php(11): CodeIgniter\Debug\Exceptions->errorHandler(2, 'Undefined array key "nombre"', 'APPPATH\\Views\\usuario\\listaCarrito.php', 11)
 2 SYSTEMPATH\View\View.php(213): include('APPPATH\\Views\\usuario\\listaCarrito.php')
 3 SYSTEMPATH\View\View.php(216): CodeIgniter\View\View->CodeIgniter\View\{closure}()
 4 SYSTEMPATH\Common.php(1177): CodeIgniter\View\View->render('usuario/listaCarrito', [], true)
 5 APPPATH\Controllers\usuario\ShoppingCarController.php(93): view('usuario/listaCarrito')
 6 SYSTEMPATH\CodeIgniter.php(934): App\Controllers\usuario\ShoppingCarController->listaCarrito()
 7 SYSTEMPATH\CodeIgniter.php(499): CodeIgniter\CodeIgniter->runController(Object(App\Controllers\usuario\ShoppingCarController))
 8 SYSTEMPATH\CodeIgniter.php(368): CodeIgniter\CodeIgniter->handleRequest(null, Object(Config\Cache), false)
 9 FCPATH\index.php(67): CodeIgniter\CodeIgniter->run()
CRITICAL - 2023-04-21 16:00:51 --> Undefined array key "nombre"
in APPPATH\Views\usuario\listaCarrito.php on line 11.
 1 APPPATH\Views\usuario\listaCarrito.php(11): CodeIgniter\Debug\Exceptions->errorHandler(2, 'Undefined array key "nombre"', 'APPPATH\\Views\\usuario\\listaCarrito.php', 11)
 2 SYSTEMPATH\View\View.php(213): include('APPPATH\\Views\\usuario\\listaCarrito.php')
 3 SYSTEMPATH\View\View.php(216): CodeIgniter\View\View->CodeIgniter\View\{closure}()
 4 SYSTEMPATH\Common.php(1177): CodeIgniter\View\View->render('usuario/listaCarrito', [], true)
 5 APPPATH\Controllers\usuario\ShoppingCarController.php(93): view('usuario/listaCarrito')
 6 SYSTEMPATH\CodeIgniter.php(934): App\Controllers\usuario\ShoppingCarController->listaCarrito()
 7 SYSTEMPATH\CodeIgniter.php(499): CodeIgniter\CodeIgniter->runController(Object(App\Controllers\usuario\ShoppingCarController))
 8 SYSTEMPATH\CodeIgniter.php(368): CodeIgniter\CodeIgniter->handleRequest(null, Object(Config\Cache), false)
 9 FCPATH\index.php(67): CodeIgniter\CodeIgniter->run()
