CRITICAL - 2023-04-18 02:15:54 --> Undefined array key 1
in APPPATH\Views\genericos\gamesXbox.php on line 4.
 1 APPPATH\Views\genericos\gamesXbox.php(4): CodeIgniter\Debug\Exceptions->errorHandler(2, 'Undefined array key 1', 'APPPATH\\Views\\genericos\\gamesXbox.php', 4)
 2 SYSTEMPATH\View\View.php(213): include('APPPATH\\Views\\genericos\\gamesXbox.php')
 3 SYSTEMPATH\View\View.php(216): CodeIgniter\View\View->CodeIgniter\View\{closure}()
 4 SYSTEMPATH\Common.php(1177): CodeIgniter\View\View->render('genericos/gamesXbox', [], true)
 5 APPPATH\Controllers\generico\GamesXboxController.php(110): view('genericos/gamesXbox', [...])
 6 SYSTEMPATH\CodeIgniter.php(934): App\Controllers\generico\GamesXboxController->index()
 7 SYSTEMPATH\CodeIgniter.php(499): CodeIgniter\CodeIgniter->runController(Object(App\Controllers\generico\GamesXboxController))
 8 SYSTEMPATH\CodeIgniter.php(368): CodeIgniter\CodeIgniter->handleRequest(null, Object(Config\Cache), false)
 9 FCPATH\index.php(67): CodeIgniter\CodeIgniter->run()
CRITICAL - 2023-04-18 02:44:17 --> Cannot use object of type stdClass as array
in APPPATH\Views\genericos\gamesXbox.php on line 80.
 1 SYSTEMPATH\View\View.php(213): include()
 2 SYSTEMPATH\View\View.php(216): CodeIgniter\View\View->CodeIgniter\View\{closure}()
 3 SYSTEMPATH\Common.php(1177): CodeIgniter\View\View->render('genericos/gamesXbox', [], true)
 4 APPPATH\Controllers\generico\GamesXboxController.php(111): view('genericos/gamesXbox', [...])
 5 SYSTEMPATH\CodeIgniter.php(934): App\Controllers\generico\GamesXboxController->index()
 6 SYSTEMPATH\CodeIgniter.php(499): CodeIgniter\CodeIgniter->runController(Object(App\Controllers\generico\GamesXboxController))
 7 SYSTEMPATH\CodeIgniter.php(368): CodeIgniter\CodeIgniter->handleRequest(null, Object(Config\Cache), false)
 8 FCPATH\index.php(67): CodeIgniter\CodeIgniter->run()
CRITICAL - 2023-04-18 05:04:46 --> Cannot use object of type stdClass as array
in APPPATH\Views\genericos\gamesXbox.php on line 86.
 1 SYSTEMPATH\View\View.php(213): include()
 2 SYSTEMPATH\View\View.php(216): CodeIgniter\View\View->CodeIgniter\View\{closure}()
 3 SYSTEMPATH\Common.php(1177): CodeIgniter\View\View->render('genericos/gamesXbox', [], true)
 4 APPPATH\Controllers\generico\GamesXboxController.php(111): view('genericos/gamesXbox', [...])
 5 SYSTEMPATH\CodeIgniter.php(934): App\Controllers\generico\GamesXboxController->index()
 6 SYSTEMPATH\CodeIgniter.php(499): CodeIgniter\CodeIgniter->runController(Object(App\Controllers\generico\GamesXboxController))
 7 SYSTEMPATH\CodeIgniter.php(368): CodeIgniter\CodeIgniter->handleRequest(null, Object(Config\Cache), false)
 8 FCPATH\index.php(67): CodeIgniter\CodeIgniter->run()
CRITICAL - 2023-04-18 05:21:52 --> Cannot use object of type stdClass as array
in APPPATH\Views\genericos\gamesXbox.php on line 84.
 1 SYSTEMPATH\View\View.php(213): include()
 2 SYSTEMPATH\View\View.php(216): CodeIgniter\View\View->CodeIgniter\View\{closure}()
 3 SYSTEMPATH\Common.php(1177): CodeIgniter\View\View->render('genericos/gamesXbox', [], true)
 4 APPPATH\Controllers\generico\GamesXboxController.php(111): view('genericos/gamesXbox', [...])
 5 SYSTEMPATH\CodeIgniter.php(934): App\Controllers\generico\GamesXboxController->index()
 6 SYSTEMPATH\CodeIgniter.php(499): CodeIgniter\CodeIgniter->runController(Object(App\Controllers\generico\GamesXboxController))
 7 SYSTEMPATH\CodeIgniter.php(368): CodeIgniter\CodeIgniter->handleRequest(null, Object(Config\Cache), false)
 8 FCPATH\index.php(67): CodeIgniter\CodeIgniter->run()
CRITICAL - 2023-04-18 05:22:16 --> Cannot use object of type stdClass as array
in APPPATH\Views\genericos\gamesXbox.php on line 84.
 1 SYSTEMPATH\View\View.php(213): include()
 2 SYSTEMPATH\View\View.php(216): CodeIgniter\View\View->CodeIgniter\View\{closure}()
 3 SYSTEMPATH\Common.php(1177): CodeIgniter\View\View->render('genericos/gamesXbox', [], true)
 4 APPPATH\Controllers\generico\GamesXboxController.php(111): view('genericos/gamesXbox', [...])
 5 SYSTEMPATH\CodeIgniter.php(934): App\Controllers\generico\GamesXboxController->index()
 6 SYSTEMPATH\CodeIgniter.php(499): CodeIgniter\CodeIgniter->runController(Object(App\Controllers\generico\GamesXboxController))
 7 SYSTEMPATH\CodeIgniter.php(368): CodeIgniter\CodeIgniter->handleRequest(null, Object(Config\Cache), false)
 8 FCPATH\index.php(67): CodeIgniter\CodeIgniter->run()
CRITICAL - 2023-04-18 05:23:00 --> Cannot use object of type stdClass as array
in APPPATH\Views\genericos\gamesXbox.php on line 84.
 1 SYSTEMPATH\View\View.php(213): include()
 2 SYSTEMPATH\View\View.php(216): CodeIgniter\View\View->CodeIgniter\View\{closure}()
 3 SYSTEMPATH\Common.php(1177): CodeIgniter\View\View->render('genericos/gamesXbox', [], true)
 4 APPPATH\Controllers\generico\GamesXboxController.php(111): view('genericos/gamesXbox', [...])
 5 SYSTEMPATH\CodeIgniter.php(934): App\Controllers\generico\GamesXboxController->index()
 6 SYSTEMPATH\CodeIgniter.php(499): CodeIgniter\CodeIgniter->runController(Object(App\Controllers\generico\GamesXboxController))
 7 SYSTEMPATH\CodeIgniter.php(368): CodeIgniter\CodeIgniter->handleRequest(null, Object(Config\Cache), false)
 8 FCPATH\index.php(67): CodeIgniter\CodeIgniter->run()
CRITICAL - 2023-04-18 06:35:57 --> Object of class stdClass could not be converted to string
in APPPATH\Views\genericos\gamesXbox.php on line 89.
 1 SYSTEMPATH\View\View.php(213): include()
 2 SYSTEMPATH\View\View.php(216): CodeIgniter\View\View->CodeIgniter\View\{closure}()
 3 SYSTEMPATH\Common.php(1177): CodeIgniter\View\View->render('genericos/gamesXbox', [], true)
 4 APPPATH\Controllers\generico\GamesXboxController.php(111): view('genericos/gamesXbox', [...])
 5 SYSTEMPATH\CodeIgniter.php(934): App\Controllers\generico\GamesXboxController->index()
 6 SYSTEMPATH\CodeIgniter.php(499): CodeIgniter\CodeIgniter->runController(Object(App\Controllers\generico\GamesXboxController))
 7 SYSTEMPATH\CodeIgniter.php(368): CodeIgniter\CodeIgniter->handleRequest(null, Object(Config\Cache), false)
 8 FCPATH\index.php(67): CodeIgniter\CodeIgniter->run()
CRITICAL - 2023-04-18 06:39:11 --> Undefined array key "idConsola"
in APPPATH\Views\genericos\gamesXbox.php on line 86.
 1 APPPATH\Views\genericos\gamesXbox.php(86): CodeIgniter\Debug\Exceptions->errorHandler(2, 'Undefined array key "idConsola"', 'APPPATH\\Views\\genericos\\gamesXbox.php', 86)
 2 SYSTEMPATH\View\View.php(213): include('APPPATH\\Views\\genericos\\gamesXbox.php')
 3 SYSTEMPATH\View\View.php(216): CodeIgniter\View\View->CodeIgniter\View\{closure}()
 4 SYSTEMPATH\Common.php(1177): CodeIgniter\View\View->render('genericos/gamesXbox', [], true)
 5 APPPATH\Controllers\generico\GamesXboxController.php(111): view('genericos/gamesXbox', [...])
 6 SYSTEMPATH\CodeIgniter.php(934): App\Controllers\generico\GamesXboxController->index()
 7 SYSTEMPATH\CodeIgniter.php(499): CodeIgniter\CodeIgniter->runController(Object(App\Controllers\generico\GamesXboxController))
 8 SYSTEMPATH\CodeIgniter.php(368): CodeIgniter\CodeIgniter->handleRequest(null, Object(Config\Cache), false)
 9 FCPATH\index.php(67): CodeIgniter\CodeIgniter->run()
CRITICAL - 2023-04-18 06:40:00 --> Attempt to read property "idConsola" on array
in APPPATH\Views\genericos\gamesXbox.php on line 86.
 1 APPPATH\Views\genericos\gamesXbox.php(86): CodeIgniter\Debug\Exceptions->errorHandler(2, 'Attempt to read property "idConsola" on array', 'APPPATH\\Views\\genericos\\gamesXbox.php', 86)
 2 SYSTEMPATH\View\View.php(213): include('APPPATH\\Views\\genericos\\gamesXbox.php')
 3 SYSTEMPATH\View\View.php(216): CodeIgniter\View\View->CodeIgniter\View\{closure}()
 4 SYSTEMPATH\Common.php(1177): CodeIgniter\View\View->render('genericos/gamesXbox', [], true)
 5 APPPATH\Controllers\generico\GamesXboxController.php(111): view('genericos/gamesXbox', [...])
 6 SYSTEMPATH\CodeIgniter.php(934): App\Controllers\generico\GamesXboxController->index()
 7 SYSTEMPATH\CodeIgniter.php(499): CodeIgniter\CodeIgniter->runController(Object(App\Controllers\generico\GamesXboxController))
 8 SYSTEMPATH\CodeIgniter.php(368): CodeIgniter\CodeIgniter->handleRequest(null, Object(Config\Cache), false)
 9 FCPATH\index.php(67): CodeIgniter\CodeIgniter->run()
CRITICAL - 2023-04-18 06:41:33 --> Array to string conversion
in APPPATH\Views\genericos\gamesXbox.php on line 86.
 1 APPPATH\Views\genericos\gamesXbox.php(86): CodeIgniter\Debug\Exceptions->errorHandler(2, 'Array to string conversion', 'APPPATH\\Views\\genericos\\gamesXbox.php', 86)
 2 SYSTEMPATH\View\View.php(213): include('APPPATH\\Views\\genericos\\gamesXbox.php')
 3 SYSTEMPATH\View\View.php(216): CodeIgniter\View\View->CodeIgniter\View\{closure}()
 4 SYSTEMPATH\Common.php(1177): CodeIgniter\View\View->render('genericos/gamesXbox', [], true)
 5 APPPATH\Controllers\generico\GamesXboxController.php(111): view('genericos/gamesXbox', [...])
 6 SYSTEMPATH\CodeIgniter.php(934): App\Controllers\generico\GamesXboxController->index()
 7 SYSTEMPATH\CodeIgniter.php(499): CodeIgniter\CodeIgniter->runController(Object(App\Controllers\generico\GamesXboxController))
 8 SYSTEMPATH\CodeIgniter.php(368): CodeIgniter\CodeIgniter->handleRequest(null, Object(Config\Cache), false)
 9 FCPATH\index.php(67): CodeIgniter\CodeIgniter->run()
CRITICAL - 2023-04-18 06:41:54 --> Object of class stdClass could not be converted to string
in APPPATH\Views\genericos\gamesXbox.php on line 86.
 1 SYSTEMPATH\View\View.php(213): include()
 2 SYSTEMPATH\View\View.php(216): CodeIgniter\View\View->CodeIgniter\View\{closure}()
 3 SYSTEMPATH\Common.php(1177): CodeIgniter\View\View->render('genericos/gamesXbox', [], true)
 4 APPPATH\Controllers\generico\GamesXboxController.php(111): view('genericos/gamesXbox', [...])
 5 SYSTEMPATH\CodeIgniter.php(934): App\Controllers\generico\GamesXboxController->index()
 6 SYSTEMPATH\CodeIgniter.php(499): CodeIgniter\CodeIgniter->runController(Object(App\Controllers\generico\GamesXboxController))
 7 SYSTEMPATH\CodeIgniter.php(368): CodeIgniter\CodeIgniter->handleRequest(null, Object(Config\Cache), false)
 8 FCPATH\index.php(67): CodeIgniter\CodeIgniter->run()
CRITICAL - 2023-04-18 07:02:54 --> unlink(././images/Age Of Empires 2: Definitive Edition.png): No such file or directory
in APPPATH\Controllers\admin\AgregarJuegoController.php on line 111.
 1 [internal function]: CodeIgniter\Debug\Exceptions->errorHandler(2, 'unlink(././images/Age Of Empires 2: Definitive Edition.png): No such file or directory', 'APPPATH\\Controllers\\admin\\AgregarJuegoController.php', 111)
 2 APPPATH\Controllers\admin\AgregarJuegoController.php(111): unlink('././images/Age Of Empires 2: Definitive Edition.png')
 3 SYSTEMPATH\CodeIgniter.php(934): App\Controllers\admin\AgregarJuegoController->borrar('87')
 4 SYSTEMPATH\CodeIgniter.php(499): CodeIgniter\CodeIgniter->runController(Object(App\Controllers\admin\AgregarJuegoController))
 5 SYSTEMPATH\CodeIgniter.php(368): CodeIgniter\CodeIgniter->handleRequest(null, Object(Config\Cache), false)
 6 FCPATH\index.php(67): CodeIgniter\CodeIgniter->run()
ERROR - 2023-04-18 12:59:03 --> mysqli_sql_exception: Table 'tiendavideojuegos.personas' doesn't exist in C:\xampp\htdocs\Codeigniter4\system\Database\MySQLi\Connection.php:295
Stack trace:
#0 C:\xampp\htdocs\Codeigniter4\system\Database\MySQLi\Connection.php(295): mysqli->query('SELECT nombre,d...', 0)
#1 C:\xampp\htdocs\Codeigniter4\system\Database\BaseConnection.php(691): CodeIgniter\Database\MySQLi\Connection->execute('SELECT nombre,d...')
#2 C:\xampp\htdocs\Codeigniter4\system\Database\BaseConnection.php(605): CodeIgniter\Database\BaseConnection->simpleQuery('SELECT nombre,d...')
#3 C:\xampp\htdocs\Codeigniter4\app\Models\Personas.php(16): CodeIgniter\Database\BaseConnection->query('SELECT nombre,d...')
#4 C:\xampp\htdocs\Codeigniter4\app\Controllers\Contacto.php(11): App\Models\Personas->traer_personas()
#5 C:\xampp\htdocs\Codeigniter4\system\CodeIgniter.php(934): App\Controllers\Contacto->index()
#6 C:\xampp\htdocs\Codeigniter4\system\CodeIgniter.php(499): CodeIgniter\CodeIgniter->runController(Object(App\Controllers\Contacto))
#7 C:\xampp\htdocs\Codeigniter4\system\CodeIgniter.php(368): CodeIgniter\CodeIgniter->handleRequest(NULL, Object(Config\Cache), false)
#8 C:\xampp\htdocs\Codeigniter4\index.php(67): CodeIgniter\CodeIgniter->run()
#9 {main}
CRITICAL - 2023-04-18 12:59:03 --> Table 'tiendavideojuegos.personas' doesn't exist
in SYSTEMPATH\Database\BaseConnection.php on line 645.
 1 APPPATH\Models\Personas.php(16): CodeIgniter\Database\BaseConnection->query('SELECT nombre,direccion,correo,id FROM personas')
 2 APPPATH\Controllers\Contacto.php(11): App\Models\Personas->traer_personas()
 3 SYSTEMPATH\CodeIgniter.php(934): App\Controllers\Contacto->index()
 4 SYSTEMPATH\CodeIgniter.php(499): CodeIgniter\CodeIgniter->runController(Object(App\Controllers\Contacto))
 5 SYSTEMPATH\CodeIgniter.php(368): CodeIgniter\CodeIgniter->handleRequest(null, Object(Config\Cache), false)
 6 FCPATH\index.php(67): CodeIgniter\CodeIgniter->run()
CRITICAL - 2023-04-18 13:03:27 --> Invalid file: "genericos/contacto.php"
in SYSTEMPATH\Exceptions\FrameworkException.php on line 33.
 1 SYSTEMPATH\View\View.php(201): CodeIgniter\Exceptions\FrameworkException::forInvalidFile('genericos/contacto.php')
 2 SYSTEMPATH\Common.php(1177): CodeIgniter\View\View->render('genericos/contacto.php', [], true)
 3 APPPATH\Controllers\invitado\Inicio.php(21): view('genericos/contacto.php')
 4 SYSTEMPATH\CodeIgniter.php(934): App\Controllers\invitado\Inicio->index()
 5 SYSTEMPATH\CodeIgniter.php(499): CodeIgniter\CodeIgniter->runController(Object(App\Controllers\invitado\Inicio))
 6 SYSTEMPATH\CodeIgniter.php(368): CodeIgniter\CodeIgniter->handleRequest(null, Object(Config\Cache), false)
 7 FCPATH\index.php(67): CodeIgniter\CodeIgniter->run()
CRITICAL - 2023-04-18 13:13:01 --> Undefined property: stdClass::$idCategoria
in APPPATH\Views\genericos\gamesXbox.php on line 73.
 1 APPPATH\Views\genericos\gamesXbox.php(73): CodeIgniter\Debug\Exceptions->errorHandler(2, 'Undefined property: stdClass::$idCategoria', 'APPPATH\\Views\\genericos\\gamesXbox.php', 73)
 2 SYSTEMPATH\View\View.php(213): include('APPPATH\\Views\\genericos\\gamesXbox.php')
 3 SYSTEMPATH\View\View.php(216): CodeIgniter\View\View->CodeIgniter\View\{closure}()
 4 SYSTEMPATH\Common.php(1177): CodeIgniter\View\View->render('genericos/gamesXbox', [], true)
 5 APPPATH\Controllers\generico\GamesXboxController.php(111): view('genericos/gamesXbox', [...])
 6 SYSTEMPATH\CodeIgniter.php(934): App\Controllers\generico\GamesXboxController->index()
 7 SYSTEMPATH\CodeIgniter.php(499): CodeIgniter\CodeIgniter->runController(Object(App\Controllers\generico\GamesXboxController))
 8 SYSTEMPATH\CodeIgniter.php(368): CodeIgniter\CodeIgniter->handleRequest(null, Object(Config\Cache), false)
 9 FCPATH\index.php(67): CodeIgniter\CodeIgniter->run()
CRITICAL - 2023-04-18 13:17:08 --> Undefined property: stdClass::$idCategoria
in APPPATH\Views\genericos\gamesXbox.php on line 73.
 1 APPPATH\Views\genericos\gamesXbox.php(73): CodeIgniter\Debug\Exceptions->errorHandler(2, 'Undefined property: stdClass::$idCategoria', 'APPPATH\\Views\\genericos\\gamesXbox.php', 73)
 2 SYSTEMPATH\View\View.php(213): include('APPPATH\\Views\\genericos\\gamesXbox.php')
 3 SYSTEMPATH\View\View.php(216): CodeIgniter\View\View->CodeIgniter\View\{closure}()
 4 SYSTEMPATH\Common.php(1177): CodeIgniter\View\View->render('genericos/gamesXbox', [], true)
 5 APPPATH\Controllers\generico\GamesXboxController.php(111): view('genericos/gamesXbox', [...])
 6 SYSTEMPATH\CodeIgniter.php(934): App\Controllers\generico\GamesXboxController->index()
 7 SYSTEMPATH\CodeIgniter.php(499): CodeIgniter\CodeIgniter->runController(Object(App\Controllers\generico\GamesXboxController))
 8 SYSTEMPATH\CodeIgniter.php(368): CodeIgniter\CodeIgniter->handleRequest(null, Object(Config\Cache), false)
 9 FCPATH\index.php(67): CodeIgniter\CodeIgniter->run()
CRITICAL - 2023-04-18 13:17:33 --> Object of class stdClass could not be converted to string
in APPPATH\Views\genericos\gamesXbox.php on line 73.
 1 SYSTEMPATH\View\View.php(213): include()
 2 SYSTEMPATH\View\View.php(216): CodeIgniter\View\View->CodeIgniter\View\{closure}()
 3 SYSTEMPATH\Common.php(1177): CodeIgniter\View\View->render('genericos/gamesXbox', [], true)
 4 APPPATH\Controllers\generico\GamesXboxController.php(111): view('genericos/gamesXbox', [...])
 5 SYSTEMPATH\CodeIgniter.php(934): App\Controllers\generico\GamesXboxController->index()
 6 SYSTEMPATH\CodeIgniter.php(499): CodeIgniter\CodeIgniter->runController(Object(App\Controllers\generico\GamesXboxController))
 7 SYSTEMPATH\CodeIgniter.php(368): CodeIgniter\CodeIgniter->handleRequest(null, Object(Config\Cache), false)
 8 FCPATH\index.php(67): CodeIgniter\CodeIgniter->run()
CRITICAL - 2023-04-18 13:42:53 --> Undefined array key "idCategoria"
in APPPATH\Views\genericos\gamesXbox.php on line 115.
 1 APPPATH\Views\genericos\gamesXbox.php(115): CodeIgniter\Debug\Exceptions->errorHandler(2, 'Undefined array key "idCategoria"', 'APPPATH\\Views\\genericos\\gamesXbox.php', 115)
 2 SYSTEMPATH\View\View.php(213): include('APPPATH\\Views\\genericos\\gamesXbox.php')
 3 SYSTEMPATH\View\View.php(216): CodeIgniter\View\View->CodeIgniter\View\{closure}()
 4 SYSTEMPATH\Common.php(1177): CodeIgniter\View\View->render('genericos/gamesXbox', [], true)
 5 APPPATH\Controllers\generico\GamesXboxController.php(111): view('genericos/gamesXbox', [...])
 6 SYSTEMPATH\CodeIgniter.php(934): App\Controllers\generico\GamesXboxController->index()
 7 SYSTEMPATH\CodeIgniter.php(499): CodeIgniter\CodeIgniter->runController(Object(App\Controllers\generico\GamesXboxController))
 8 SYSTEMPATH\CodeIgniter.php(368): CodeIgniter\CodeIgniter->handleRequest(null, Object(Config\Cache), false)
 9 FCPATH\index.php(67): CodeIgniter\CodeIgniter->run()
CRITICAL - 2023-04-18 13:55:22 --> Undefined variable $listaVideojuegos
in APPPATH\Views\genericos\gamesplayStation.php on line 81.
 1 APPPATH\Views\genericos\gamesplayStation.php(81): CodeIgniter\Debug\Exceptions->errorHandler(2, 'Undefined variable $listaVideojuegos', 'APPPATH\\Views\\genericos\\gamesplayStation.php', 81)
 2 SYSTEMPATH\View\View.php(213): include('APPPATH\\Views\\genericos\\gamesplayStation.php')
 3 SYSTEMPATH\View\View.php(216): CodeIgniter\View\View->CodeIgniter\View\{closure}()
 4 SYSTEMPATH\Common.php(1177): CodeIgniter\View\View->render('genericos/gamesplayStation', [], true)
 5 APPPATH\Controllers\generico\GamesplayStation.php(32): view('genericos/gamesplayStation', [...])
 6 SYSTEMPATH\CodeIgniter.php(934): App\Controllers\generico\GamesplayStation->index()
 7 SYSTEMPATH\CodeIgniter.php(499): CodeIgniter\CodeIgniter->runController(Object(App\Controllers\generico\GamesplayStation))
 8 SYSTEMPATH\CodeIgniter.php(368): CodeIgniter\CodeIgniter->handleRequest(null, Object(Config\Cache), false)
 9 FCPATH\index.php(67): CodeIgniter\CodeIgniter->run()
