CRITICAL - 2023-04-25 15:23:56 --> Undefined array key "cart"
in APPPATH\Controllers\usuario\ShoppingCarController.php on line 159.
 1 APPPATH\Controllers\usuario\ShoppingCarController.php(159): CodeIgniter\Debug\Exceptions->errorHandler(2, 'Undefined array key "cart"', 'APPPATH\\Controllers\\usuario\\ShoppingCarController.php', 159)
 2 SYSTEMPATH\CodeIgniter.php(934): App\Controllers\usuario\ShoppingCarController->comprar()
 3 SYSTEMPATH\CodeIgniter.php(499): CodeIgniter\CodeIgniter->runController(Object(App\Controllers\usuario\ShoppingCarController))
 4 SYSTEMPATH\CodeIgniter.php(368): CodeIgniter\CodeIgniter->handleRequest(null, Object(Config\Cache), false)
 5 FCPATH\index.php(67): CodeIgniter\CodeIgniter->run()
CRITICAL - 2023-04-25 15:25:53 --> Array to string conversion
in APPPATH\Controllers\usuario\ShoppingCarController.php on line 185.
 1 APPPATH\Controllers\usuario\ShoppingCarController.php(185): CodeIgniter\Debug\Exceptions->errorHandler(2, 'Array to string conversion', 'APPPATH\\Controllers\\usuario\\ShoppingCarController.php', 185)
 2 SYSTEMPATH\CodeIgniter.php(934): App\Controllers\usuario\ShoppingCarController->comprar()
 3 SYSTEMPATH\CodeIgniter.php(499): CodeIgniter\CodeIgniter->runController(Object(App\Controllers\usuario\ShoppingCarController))
 4 SYSTEMPATH\CodeIgniter.php(368): CodeIgniter\CodeIgniter->handleRequest(null, Object(Config\Cache), false)
 5 FCPATH\index.php(67): CodeIgniter\CodeIgniter->run()
CRITICAL - 2023-04-25 15:55:01 --> You have an error in your SQL syntax; check the manual that corresponds to your MariaDB server version for the right syntax to use near ''ordenes'('nombre','apellidos','numeroTarjeta','direccion','fechaVencimiento'...' at line 1
in APPPATH\Controllers\usuario\ShoppingCarController.php on line 145.
 1 APPPATH\Controllers\usuario\ShoppingCarController.php(145): mysqli_query(Object(mysqli), 'INSERT INTO \'ordenes\'(\'nombre\',\'apellidos\',\'numeroTarjeta\',\'direccion\',\'fechaVencimiento\',\'cvv\')
        VALUES (\'Cristopher\',\'Martinez Bahena\',4152 3136 7520 5322,\'calle 99 #558 col. Meliton Salazar\',\'267\')
        ')
 2 SYSTEMPATH\CodeIgniter.php(934): App\Controllers\usuario\ShoppingCarController->comprar()
 3 SYSTEMPATH\CodeIgniter.php(499): CodeIgniter\CodeIgniter->runController(Object(App\Controllers\usuario\ShoppingCarController))
 4 SYSTEMPATH\CodeIgniter.php(368): CodeIgniter\CodeIgniter->handleRequest(null, Object(Config\Cache), false)
 5 FCPATH\index.php(67): CodeIgniter\CodeIgniter->run()
ERROR - 2023-04-25 16:20:07 --> mysqli_sql_exception: Operand should contain 1 column(s) in C:\xampp\htdocs\Codeigniter4\system\Database\MySQLi\Connection.php:295
Stack trace:
#0 C:\xampp\htdocs\Codeigniter4\system\Database\MySQLi\Connection.php(295): mysqli->query('INSERT INTO `or...', 0)
#1 C:\xampp\htdocs\Codeigniter4\system\Database\BaseConnection.php(691): CodeIgniter\Database\MySQLi\Connection->execute('INSERT INTO `or...')
#2 C:\xampp\htdocs\Codeigniter4\system\Database\BaseConnection.php(605): CodeIgniter\Database\BaseConnection->simpleQuery('INSERT INTO `or...')
#3 C:\xampp\htdocs\Codeigniter4\system\Database\BaseBuilder.php(2295): CodeIgniter\Database\BaseConnection->query('INSERT INTO `or...', Array, false)
#4 C:\xampp\htdocs\Codeigniter4\system\Model.php(329): CodeIgniter\Database\BaseBuilder->insert()
#5 C:\xampp\htdocs\Codeigniter4\system\BaseModel.php(782): CodeIgniter\Model->doInsert(Array)
#6 C:\xampp\htdocs\Codeigniter4\system\Model.php(729): CodeIgniter\BaseModel->insert(Array, true)
#7 C:\xampp\htdocs\Codeigniter4\app\Controllers\usuario\ShoppingCarController.php(154): CodeIgniter\Model->insert(Array)
#8 C:\xampp\htdocs\Codeigniter4\system\CodeIgniter.php(934): App\Controllers\usuario\ShoppingCarController->comprar()
#9 C:\xampp\htdocs\Codeigniter4\system\CodeIgniter.php(499): CodeIgniter\CodeIgniter->runController(Object(App\Controllers\usuario\ShoppingCarController))
#10 C:\xampp\htdocs\Codeigniter4\system\CodeIgniter.php(368): CodeIgniter\CodeIgniter->handleRequest(NULL, Object(Config\Cache), false)
#11 C:\xampp\htdocs\Codeigniter4\index.php(67): CodeIgniter\CodeIgniter->run()
#12 {main}
CRITICAL - 2023-04-25 16:20:07 --> Operand should contain 1 column(s)
in SYSTEMPATH\Database\BaseConnection.php on line 645.
 1 SYSTEMPATH\Database\BaseBuilder.php(2295): CodeIgniter\Database\BaseConnection->query('INSERT INTO `ordenes` (`folio`, `nombre`, `apellidos`, `numeroTarjeta`, `direccion`, `fechaVencimiento`, `cvv`, `fechaVenta`) VALUES (:folio:, :nombre:, :apellidos:, :numeroTarjeta:, :direccion:, :fechaVencimiento:, :cvv:, :fechaVenta:)', [...], false)
 2 SYSTEMPATH\Model.php(329): CodeIgniter\Database\BaseBuilder->insert()
 3 SYSTEMPATH\BaseModel.php(782): CodeIgniter\Model->doInsert([...])
 4 SYSTEMPATH\Model.php(729): CodeIgniter\BaseModel->insert([...], true)
 5 APPPATH\Controllers\usuario\ShoppingCarController.php(154): CodeIgniter\Model->insert([...])
 6 SYSTEMPATH\CodeIgniter.php(934): App\Controllers\usuario\ShoppingCarController->comprar()
 7 SYSTEMPATH\CodeIgniter.php(499): CodeIgniter\CodeIgniter->runController(Object(App\Controllers\usuario\ShoppingCarController))
 8 SYSTEMPATH\CodeIgniter.php(368): CodeIgniter\CodeIgniter->handleRequest(null, Object(Config\Cache), false)
 9 FCPATH\index.php(67): CodeIgniter\CodeIgniter->run()
ERROR - 2023-04-25 16:20:51 --> mysqli_sql_exception: Operand should contain 1 column(s) in C:\xampp\htdocs\Codeigniter4\system\Database\MySQLi\Connection.php:295
Stack trace:
#0 C:\xampp\htdocs\Codeigniter4\system\Database\MySQLi\Connection.php(295): mysqli->query('INSERT INTO `or...', 0)
#1 C:\xampp\htdocs\Codeigniter4\system\Database\BaseConnection.php(691): CodeIgniter\Database\MySQLi\Connection->execute('INSERT INTO `or...')
#2 C:\xampp\htdocs\Codeigniter4\system\Database\BaseConnection.php(605): CodeIgniter\Database\BaseConnection->simpleQuery('INSERT INTO `or...')
#3 C:\xampp\htdocs\Codeigniter4\system\Database\BaseBuilder.php(2295): CodeIgniter\Database\BaseConnection->query('INSERT INTO `or...', Array, false)
#4 C:\xampp\htdocs\Codeigniter4\system\Model.php(329): CodeIgniter\Database\BaseBuilder->insert()
#5 C:\xampp\htdocs\Codeigniter4\system\BaseModel.php(782): CodeIgniter\Model->doInsert(Array)
#6 C:\xampp\htdocs\Codeigniter4\system\Model.php(729): CodeIgniter\BaseModel->insert(Array, true)
#7 C:\xampp\htdocs\Codeigniter4\app\Controllers\usuario\ShoppingCarController.php(154): CodeIgniter\Model->insert(Array)
#8 C:\xampp\htdocs\Codeigniter4\system\CodeIgniter.php(934): App\Controllers\usuario\ShoppingCarController->comprar()
#9 C:\xampp\htdocs\Codeigniter4\system\CodeIgniter.php(499): CodeIgniter\CodeIgniter->runController(Object(App\Controllers\usuario\ShoppingCarController))
#10 C:\xampp\htdocs\Codeigniter4\system\CodeIgniter.php(368): CodeIgniter\CodeIgniter->handleRequest(NULL, Object(Config\Cache), false)
#11 C:\xampp\htdocs\Codeigniter4\index.php(67): CodeIgniter\CodeIgniter->run()
#12 {main}
CRITICAL - 2023-04-25 16:20:51 --> Operand should contain 1 column(s)
in SYSTEMPATH\Database\BaseConnection.php on line 645.
 1 SYSTEMPATH\Database\BaseBuilder.php(2295): CodeIgniter\Database\BaseConnection->query('INSERT INTO `ordenes` (`folio`, `nombre`, `apellidos`, `numeroTarjeta`, `direccion`, `fechaVencimiento`, `cvv`, `fechaVenta`) VALUES (:folio:, :nombre:, :apellidos:, :numeroTarjeta:, :direccion:, :fechaVencimiento:, :cvv:, :fechaVenta:)', [...], false)
 2 SYSTEMPATH\Model.php(329): CodeIgniter\Database\BaseBuilder->insert()
 3 SYSTEMPATH\BaseModel.php(782): CodeIgniter\Model->doInsert([...])
 4 SYSTEMPATH\Model.php(729): CodeIgniter\BaseModel->insert([...], true)
 5 APPPATH\Controllers\usuario\ShoppingCarController.php(154): CodeIgniter\Model->insert([...])
 6 SYSTEMPATH\CodeIgniter.php(934): App\Controllers\usuario\ShoppingCarController->comprar()
 7 SYSTEMPATH\CodeIgniter.php(499): CodeIgniter\CodeIgniter->runController(Object(App\Controllers\usuario\ShoppingCarController))
 8 SYSTEMPATH\CodeIgniter.php(368): CodeIgniter\CodeIgniter->handleRequest(null, Object(Config\Cache), false)
 9 FCPATH\index.php(67): CodeIgniter\CodeIgniter->run()
ERROR - 2023-04-25 16:46:14 --> mysqli_sql_exception: Duplicate entry '27' for key 'PRIMARY' in C:\xampp\htdocs\Codeigniter4\system\Database\MySQLi\Connection.php:295
Stack trace:
#0 C:\xampp\htdocs\Codeigniter4\system\Database\MySQLi\Connection.php(295): mysqli->query('INSERT INTO `vi...', 0)
#1 C:\xampp\htdocs\Codeigniter4\system\Database\BaseConnection.php(691): CodeIgniter\Database\MySQLi\Connection->execute('INSERT INTO `vi...')
#2 C:\xampp\htdocs\Codeigniter4\system\Database\BaseConnection.php(605): CodeIgniter\Database\BaseConnection->simpleQuery('INSERT INTO `vi...')
#3 C:\xampp\htdocs\Codeigniter4\system\Database\BaseBuilder.php(2295): CodeIgniter\Database\BaseConnection->query('INSERT INTO `vi...', Array, false)
#4 C:\xampp\htdocs\Codeigniter4\system\Model.php(329): CodeIgniter\Database\BaseBuilder->insert()
#5 C:\xampp\htdocs\Codeigniter4\system\BaseModel.php(782): CodeIgniter\Model->doInsert(Array)
#6 C:\xampp\htdocs\Codeigniter4\system\Model.php(729): CodeIgniter\BaseModel->insert(Array, true)
#7 C:\xampp\htdocs\Codeigniter4\app\Controllers\usuario\ShoppingCarController.php(246): CodeIgniter\Model->insert(Array)
#8 C:\xampp\htdocs\Codeigniter4\app\Controllers\usuario\ShoppingCarController.php(192): App\Controllers\usuario\ShoppingCarController->addToVideojuegosUsuario(27)
#9 C:\xampp\htdocs\Codeigniter4\system\CodeIgniter.php(934): App\Controllers\usuario\ShoppingCarController->comprar()
#10 C:\xampp\htdocs\Codeigniter4\system\CodeIgniter.php(499): CodeIgniter\CodeIgniter->runController(Object(App\Controllers\usuario\ShoppingCarController))
#11 C:\xampp\htdocs\Codeigniter4\system\CodeIgniter.php(368): CodeIgniter\CodeIgniter->handleRequest(NULL, Object(Config\Cache), false)
#12 C:\xampp\htdocs\Codeigniter4\index.php(67): CodeIgniter\CodeIgniter->run()
#13 {main}
CRITICAL - 2023-04-25 16:46:14 --> Duplicate entry '27' for key 'PRIMARY'
in SYSTEMPATH\Database\BaseConnection.php on line 645.
 1 SYSTEMPATH\Database\BaseBuilder.php(2295): CodeIgniter\Database\BaseConnection->query('INSERT INTO `videojuegosusuario` (`idOrden`, `usuario`, `idVideojuego`, `nombreVideojuego`, `consola`, `precio`) VALUES (:idOrden:, :usuario:, :idVideojuego:, :nombreVideojuego:, :consola:, :precio:)', [...], false)
 2 SYSTEMPATH\Model.php(329): CodeIgniter\Database\BaseBuilder->insert()
 3 SYSTEMPATH\BaseModel.php(782): CodeIgniter\Model->doInsert([...])
 4 SYSTEMPATH\Model.php(729): CodeIgniter\BaseModel->insert([...], true)
 5 APPPATH\Controllers\usuario\ShoppingCarController.php(246): CodeIgniter\Model->insert([...])
 6 APPPATH\Controllers\usuario\ShoppingCarController.php(192): App\Controllers\usuario\ShoppingCarController->addToVideojuegosUsuario(27)
 7 SYSTEMPATH\CodeIgniter.php(934): App\Controllers\usuario\ShoppingCarController->comprar()
 8 SYSTEMPATH\CodeIgniter.php(499): CodeIgniter\CodeIgniter->runController(Object(App\Controllers\usuario\ShoppingCarController))
 9 SYSTEMPATH\CodeIgniter.php(368): CodeIgniter\CodeIgniter->handleRequest(null, Object(Config\Cache), false)
10 FCPATH\index.php(67): CodeIgniter\CodeIgniter->run()
CRITICAL - 2023-04-25 17:21:54 --> Undefined variable $usuarios
in APPPATH\Views\admin\ventas.php on line 6.
 1 APPPATH\Views\admin\ventas.php(6): CodeIgniter\Debug\Exceptions->errorHandler(2, 'Undefined variable $usuarios', 'APPPATH\\Views\\admin\\ventas.php', 6)
 2 SYSTEMPATH\View\View.php(213): include('APPPATH\\Views\\admin\\ventas.php')
 3 SYSTEMPATH\View\View.php(216): CodeIgniter\View\View->CodeIgniter\View\{closure}()
 4 SYSTEMPATH\Common.php(1177): CodeIgniter\View\View->render('admin/ventas', [], true)
 5 APPPATH\Controllers\admin\AdminController.php(36): view('admin/ventas')
 6 SYSTEMPATH\CodeIgniter.php(934): App\Controllers\admin\AdminController->ventas()
 7 SYSTEMPATH\CodeIgniter.php(499): CodeIgniter\CodeIgniter->runController(Object(App\Controllers\admin\AdminController))
 8 SYSTEMPATH\CodeIgniter.php(368): CodeIgniter\CodeIgniter->handleRequest(null, Object(Config\Cache), false)
 9 FCPATH\index.php(67): CodeIgniter\CodeIgniter->run()
CRITICAL - 2023-04-25 17:29:38 --> Undefined variable $usuarios
in APPPATH\Views\admin\ventas.php on line 6.
 1 APPPATH\Views\admin\ventas.php(6): CodeIgniter\Debug\Exceptions->errorHandler(2, 'Undefined variable $usuarios', 'APPPATH\\Views\\admin\\ventas.php', 6)
 2 SYSTEMPATH\View\View.php(213): include('APPPATH\\Views\\admin\\ventas.php')
 3 SYSTEMPATH\View\View.php(216): CodeIgniter\View\View->CodeIgniter\View\{closure}()
 4 SYSTEMPATH\Common.php(1177): CodeIgniter\View\View->render('admin/ventas', [], true)
 5 APPPATH\Controllers\admin\AdminController.php(36): view('admin/ventas')
 6 SYSTEMPATH\CodeIgniter.php(934): App\Controllers\admin\AdminController->ventas()
 7 SYSTEMPATH\CodeIgniter.php(499): CodeIgniter\CodeIgniter->runController(Object(App\Controllers\admin\AdminController))
 8 SYSTEMPATH\CodeIgniter.php(368): CodeIgniter\CodeIgniter->handleRequest(null, Object(Config\Cache), false)
 9 FCPATH\index.php(67): CodeIgniter\CodeIgniter->run()
CRITICAL - 2023-04-25 17:33:40 --> Undefined variable $usuarios
in APPPATH\Views\admin\ventas.php on line 6.
 1 APPPATH\Views\admin\ventas.php(6): CodeIgniter\Debug\Exceptions->errorHandler(2, 'Undefined variable $usuarios', 'APPPATH\\Views\\admin\\ventas.php', 6)
 2 SYSTEMPATH\View\View.php(213): include('APPPATH\\Views\\admin\\ventas.php')
 3 SYSTEMPATH\View\View.php(216): CodeIgniter\View\View->CodeIgniter\View\{closure}()
 4 SYSTEMPATH\Common.php(1177): CodeIgniter\View\View->render('admin/ventas', [], true)
 5 APPPATH\Controllers\admin\AdminController.php(43): view('admin/ventas', [...])
 6 SYSTEMPATH\CodeIgniter.php(934): App\Controllers\admin\AdminController->ventas()
 7 SYSTEMPATH\CodeIgniter.php(499): CodeIgniter\CodeIgniter->runController(Object(App\Controllers\admin\AdminController))
 8 SYSTEMPATH\CodeIgniter.php(368): CodeIgniter\CodeIgniter->handleRequest(null, Object(Config\Cache), false)
 9 FCPATH\index.php(67): CodeIgniter\CodeIgniter->run()
CRITICAL - 2023-04-25 17:33:48 --> Undefined variable $usuarios
in APPPATH\Views\admin\ventas.php on line 6.
 1 APPPATH\Views\admin\ventas.php(6): CodeIgniter\Debug\Exceptions->errorHandler(2, 'Undefined variable $usuarios', 'APPPATH\\Views\\admin\\ventas.php', 6)
 2 SYSTEMPATH\View\View.php(213): include('APPPATH\\Views\\admin\\ventas.php')
 3 SYSTEMPATH\View\View.php(216): CodeIgniter\View\View->CodeIgniter\View\{closure}()
 4 SYSTEMPATH\Common.php(1177): CodeIgniter\View\View->render('admin/ventas', [], true)
 5 APPPATH\Controllers\admin\AdminController.php(43): view('admin/ventas', [...])
 6 SYSTEMPATH\CodeIgniter.php(934): App\Controllers\admin\AdminController->ventas()
 7 SYSTEMPATH\CodeIgniter.php(499): CodeIgniter\CodeIgniter->runController(Object(App\Controllers\admin\AdminController))
 8 SYSTEMPATH\CodeIgniter.php(368): CodeIgniter\CodeIgniter->handleRequest(null, Object(Config\Cache), false)
 9 FCPATH\index.php(67): CodeIgniter\CodeIgniter->run()
CRITICAL - 2023-04-25 17:33:59 --> Undefined variable $usuario
in APPPATH\Views\admin\ventas.php on line 50.
 1 APPPATH\Views\admin\ventas.php(50): CodeIgniter\Debug\Exceptions->errorHandler(2, 'Undefined variable $usuario', 'APPPATH\\Views\\admin\\ventas.php', 50)
 2 SYSTEMPATH\View\View.php(213): include('APPPATH\\Views\\admin\\ventas.php')
 3 SYSTEMPATH\View\View.php(216): CodeIgniter\View\View->CodeIgniter\View\{closure}()
 4 SYSTEMPATH\Common.php(1177): CodeIgniter\View\View->render('admin/ventas', [], true)
 5 APPPATH\Controllers\admin\AdminController.php(43): view('admin/ventas', [...])
 6 SYSTEMPATH\CodeIgniter.php(934): App\Controllers\admin\AdminController->ventas()
 7 SYSTEMPATH\CodeIgniter.php(499): CodeIgniter\CodeIgniter->runController(Object(App\Controllers\admin\AdminController))
 8 SYSTEMPATH\CodeIgniter.php(368): CodeIgniter\CodeIgniter->handleRequest(null, Object(Config\Cache), false)
 9 FCPATH\index.php(67): CodeIgniter\CodeIgniter->run()
CRITICAL - 2023-04-25 17:34:15 --> Undefined variable $usuario
in APPPATH\Views\admin\ventas.php on line 50.
 1 APPPATH\Views\admin\ventas.php(50): CodeIgniter\Debug\Exceptions->errorHandler(2, 'Undefined variable $usuario', 'APPPATH\\Views\\admin\\ventas.php', 50)
 2 SYSTEMPATH\View\View.php(213): include('APPPATH\\Views\\admin\\ventas.php')
 3 SYSTEMPATH\View\View.php(216): CodeIgniter\View\View->CodeIgniter\View\{closure}()
 4 SYSTEMPATH\Common.php(1177): CodeIgniter\View\View->render('admin/ventas', [], true)
 5 APPPATH\Controllers\admin\AdminController.php(43): view('admin/ventas', [...])
 6 SYSTEMPATH\CodeIgniter.php(934): App\Controllers\admin\AdminController->ventas()
 7 SYSTEMPATH\CodeIgniter.php(499): CodeIgniter\CodeIgniter->runController(Object(App\Controllers\admin\AdminController))
 8 SYSTEMPATH\CodeIgniter.php(368): CodeIgniter\CodeIgniter->handleRequest(null, Object(Config\Cache), false)
 9 FCPATH\index.php(67): CodeIgniter\CodeIgniter->run()
CRITICAL - 2023-04-25 17:34:17 --> Undefined variable $usuario
in APPPATH\Views\admin\ventas.php on line 50.
 1 APPPATH\Views\admin\ventas.php(50): CodeIgniter\Debug\Exceptions->errorHandler(2, 'Undefined variable $usuario', 'APPPATH\\Views\\admin\\ventas.php', 50)
 2 SYSTEMPATH\View\View.php(213): include('APPPATH\\Views\\admin\\ventas.php')
 3 SYSTEMPATH\View\View.php(216): CodeIgniter\View\View->CodeIgniter\View\{closure}()
 4 SYSTEMPATH\Common.php(1177): CodeIgniter\View\View->render('admin/ventas', [], true)
 5 APPPATH\Controllers\admin\AdminController.php(43): view('admin/ventas', [...])
 6 SYSTEMPATH\CodeIgniter.php(934): App\Controllers\admin\AdminController->ventas()
 7 SYSTEMPATH\CodeIgniter.php(499): CodeIgniter\CodeIgniter->runController(Object(App\Controllers\admin\AdminController))
 8 SYSTEMPATH\CodeIgniter.php(368): CodeIgniter\CodeIgniter->handleRequest(null, Object(Config\Cache), false)
 9 FCPATH\index.php(67): CodeIgniter\CodeIgniter->run()
CRITICAL - 2023-04-25 17:56:13 --> Undefined global variable $_SESSION
in APPPATH\Controllers\admin\AdminController.php on line 39.
 1 APPPATH\Controllers\admin\AdminController.php(39): CodeIgniter\Debug\Exceptions->errorHandler(2, 'Undefined global variable $_SESSION', 'APPPATH\\Controllers\\admin\\AdminController.php', 39)
 2 SYSTEMPATH\CodeIgniter.php(934): App\Controllers\admin\AdminController->ventas()
 3 SYSTEMPATH\CodeIgniter.php(499): CodeIgniter\CodeIgniter->runController(Object(App\Controllers\admin\AdminController))
 4 SYSTEMPATH\CodeIgniter.php(368): CodeIgniter\CodeIgniter->handleRequest(null, Object(Config\Cache), false)
 5 FCPATH\index.php(67): CodeIgniter\CodeIgniter->run()
CRITICAL - 2023-04-25 17:56:29 --> Undefined array key 0
in APPPATH\Controllers\admin\AdminController.php on line 40.
 1 APPPATH\Controllers\admin\AdminController.php(40): CodeIgniter\Debug\Exceptions->errorHandler(2, 'Undefined array key 0', 'APPPATH\\Controllers\\admin\\AdminController.php', 40)
 2 SYSTEMPATH\CodeIgniter.php(934): App\Controllers\admin\AdminController->ventas()
 3 SYSTEMPATH\CodeIgniter.php(499): CodeIgniter\CodeIgniter->runController(Object(App\Controllers\admin\AdminController))
 4 SYSTEMPATH\CodeIgniter.php(368): CodeIgniter\CodeIgniter->handleRequest(null, Object(Config\Cache), false)
 5 FCPATH\index.php(67): CodeIgniter\CodeIgniter->run()
CRITICAL - 2023-04-25 18:03:29 --> Undefined array key "videojuegos"
in APPPATH\Views\admin\ventas.php on line 59.
 1 APPPATH\Views\admin\ventas.php(59): CodeIgniter\Debug\Exceptions->errorHandler(2, 'Undefined array key "videojuegos"', 'APPPATH\\Views\\admin\\ventas.php', 59)
 2 SYSTEMPATH\View\View.php(213): include('APPPATH\\Views\\admin\\ventas.php')
 3 SYSTEMPATH\View\View.php(216): CodeIgniter\View\View->CodeIgniter\View\{closure}()
 4 SYSTEMPATH\Common.php(1177): CodeIgniter\View\View->render('admin/ventas', [], true)
 5 APPPATH\Controllers\admin\AdminController.php(45): view('admin/ventas', [...])
 6 SYSTEMPATH\CodeIgniter.php(934): App\Controllers\admin\AdminController->ventas()
 7 SYSTEMPATH\CodeIgniter.php(499): CodeIgniter\CodeIgniter->runController(Object(App\Controllers\admin\AdminController))
 8 SYSTEMPATH\CodeIgniter.php(368): CodeIgniter\CodeIgniter->handleRequest(null, Object(Config\Cache), false)
 9 FCPATH\index.php(67): CodeIgniter\CodeIgniter->run()
CRITICAL - 2023-04-25 18:07:57 --> Undefined array key "precio"
in APPPATH\Views\admin\ventas.php on line 62.
 1 APPPATH\Views\admin\ventas.php(62): CodeIgniter\Debug\Exceptions->errorHandler(2, 'Undefined array key "precio"', 'APPPATH\\Views\\admin\\ventas.php', 62)
 2 SYSTEMPATH\View\View.php(213): include('APPPATH\\Views\\admin\\ventas.php')
 3 SYSTEMPATH\View\View.php(216): CodeIgniter\View\View->CodeIgniter\View\{closure}()
 4 SYSTEMPATH\Common.php(1177): CodeIgniter\View\View->render('admin/ventas', [], true)
 5 APPPATH\Controllers\admin\AdminController.php(45): view('admin/ventas', [...])
 6 SYSTEMPATH\CodeIgniter.php(934): App\Controllers\admin\AdminController->ventas()
 7 SYSTEMPATH\CodeIgniter.php(499): CodeIgniter\CodeIgniter->runController(Object(App\Controllers\admin\AdminController))
 8 SYSTEMPATH\CodeIgniter.php(368): CodeIgniter\CodeIgniter->handleRequest(null, Object(Config\Cache), false)
 9 FCPATH\index.php(67): CodeIgniter\CodeIgniter->run()
CRITICAL - 2023-04-25 18:20:33 --> foreach() argument must be of type array|object, string given
in APPPATH\Views\admin\ventas.php on line 80.
 1 APPPATH\Views\admin\ventas.php(80): CodeIgniter\Debug\Exceptions->errorHandler(2, 'foreach() argument must be of type array|object, string given', 'APPPATH\\Views\\admin\\ventas.php', 80)
 2 SYSTEMPATH\View\View.php(213): include('APPPATH\\Views\\admin\\ventas.php')
 3 SYSTEMPATH\View\View.php(216): CodeIgniter\View\View->CodeIgniter\View\{closure}()
 4 SYSTEMPATH\Common.php(1177): CodeIgniter\View\View->render('admin/ventas', [], true)
 5 APPPATH\Controllers\admin\AdminController.php(46): view('admin/ventas', [...])
 6 SYSTEMPATH\CodeIgniter.php(934): App\Controllers\admin\AdminController->ventas()
 7 SYSTEMPATH\CodeIgniter.php(499): CodeIgniter\CodeIgniter->runController(Object(App\Controllers\admin\AdminController))
 8 SYSTEMPATH\CodeIgniter.php(368): CodeIgniter\CodeIgniter->handleRequest(null, Object(Config\Cache), false)
 9 FCPATH\index.php(67): CodeIgniter\CodeIgniter->run()
CRITICAL - 2023-04-25 18:20:48 --> foreach() argument must be of type array|object, string given
in APPPATH\Views\admin\ventas.php on line 80.
 1 APPPATH\Views\admin\ventas.php(80): CodeIgniter\Debug\Exceptions->errorHandler(2, 'foreach() argument must be of type array|object, string given', 'APPPATH\\Views\\admin\\ventas.php', 80)
 2 SYSTEMPATH\View\View.php(213): include('APPPATH\\Views\\admin\\ventas.php')
 3 SYSTEMPATH\View\View.php(216): CodeIgniter\View\View->CodeIgniter\View\{closure}()
 4 SYSTEMPATH\Common.php(1177): CodeIgniter\View\View->render('admin/ventas', [], true)
 5 APPPATH\Controllers\admin\AdminController.php(46): view('admin/ventas', [...])
 6 SYSTEMPATH\CodeIgniter.php(934): App\Controllers\admin\AdminController->ventas()
 7 SYSTEMPATH\CodeIgniter.php(499): CodeIgniter\CodeIgniter->runController(Object(App\Controllers\admin\AdminController))
 8 SYSTEMPATH\CodeIgniter.php(368): CodeIgniter\CodeIgniter->handleRequest(null, Object(Config\Cache), false)
 9 FCPATH\index.php(67): CodeIgniter\CodeIgniter->run()
CRITICAL - 2023-04-25 18:20:52 --> foreach() argument must be of type array|object, string given
in APPPATH\Views\admin\ventas.php on line 80.
 1 APPPATH\Views\admin\ventas.php(80): CodeIgniter\Debug\Exceptions->errorHandler(2, 'foreach() argument must be of type array|object, string given', 'APPPATH\\Views\\admin\\ventas.php', 80)
 2 SYSTEMPATH\View\View.php(213): include('APPPATH\\Views\\admin\\ventas.php')
 3 SYSTEMPATH\View\View.php(216): CodeIgniter\View\View->CodeIgniter\View\{closure}()
 4 SYSTEMPATH\Common.php(1177): CodeIgniter\View\View->render('admin/ventas', [], true)
 5 APPPATH\Controllers\admin\AdminController.php(46): view('admin/ventas', [...])
 6 SYSTEMPATH\CodeIgniter.php(934): App\Controllers\admin\AdminController->ventas()
 7 SYSTEMPATH\CodeIgniter.php(499): CodeIgniter\CodeIgniter->runController(Object(App\Controllers\admin\AdminController))
 8 SYSTEMPATH\CodeIgniter.php(368): CodeIgniter\CodeIgniter->handleRequest(null, Object(Config\Cache), false)
 9 FCPATH\index.php(67): CodeIgniter\CodeIgniter->run()
CRITICAL - 2023-04-25 18:20:58 --> foreach() argument must be of type array|object, string given
in APPPATH\Views\admin\ventas.php on line 80.
 1 APPPATH\Views\admin\ventas.php(80): CodeIgniter\Debug\Exceptions->errorHandler(2, 'foreach() argument must be of type array|object, string given', 'APPPATH\\Views\\admin\\ventas.php', 80)
 2 SYSTEMPATH\View\View.php(213): include('APPPATH\\Views\\admin\\ventas.php')
 3 SYSTEMPATH\View\View.php(216): CodeIgniter\View\View->CodeIgniter\View\{closure}()
 4 SYSTEMPATH\Common.php(1177): CodeIgniter\View\View->render('admin/ventas', [], true)
 5 APPPATH\Controllers\admin\AdminController.php(46): view('admin/ventas', [...])
 6 SYSTEMPATH\CodeIgniter.php(934): App\Controllers\admin\AdminController->ventas()
 7 SYSTEMPATH\CodeIgniter.php(499): CodeIgniter\CodeIgniter->runController(Object(App\Controllers\admin\AdminController))
 8 SYSTEMPATH\CodeIgniter.php(368): CodeIgniter\CodeIgniter->handleRequest(null, Object(Config\Cache), false)
 9 FCPATH\index.php(67): CodeIgniter\CodeIgniter->run()
CRITICAL - 2023-04-25 18:23:27 --> foreach() argument must be of type array|object, string given
in APPPATH\Views\admin\ventas.php on line 80.
 1 APPPATH\Views\admin\ventas.php(80): CodeIgniter\Debug\Exceptions->errorHandler(2, 'foreach() argument must be of type array|object, string given', 'APPPATH\\Views\\admin\\ventas.php', 80)
 2 SYSTEMPATH\View\View.php(213): include('APPPATH\\Views\\admin\\ventas.php')
 3 SYSTEMPATH\View\View.php(216): CodeIgniter\View\View->CodeIgniter\View\{closure}()
 4 SYSTEMPATH\Common.php(1177): CodeIgniter\View\View->render('admin/ventas', [], true)
 5 APPPATH\Controllers\admin\AdminController.php(46): view('admin/ventas', [...])
 6 SYSTEMPATH\CodeIgniter.php(934): App\Controllers\admin\AdminController->ventas()
 7 SYSTEMPATH\CodeIgniter.php(499): CodeIgniter\CodeIgniter->runController(Object(App\Controllers\admin\AdminController))
 8 SYSTEMPATH\CodeIgniter.php(368): CodeIgniter\CodeIgniter->handleRequest(null, Object(Config\Cache), false)
 9 FCPATH\index.php(67): CodeIgniter\CodeIgniter->run()
CRITICAL - 2023-04-25 18:24:26 --> Call to undefined function PHPSTORM_META\type()
in APPPATH\Views\admin\ventas.php on line 7.
 1 SYSTEMPATH\View\View.php(213): include()
 2 SYSTEMPATH\View\View.php(216): CodeIgniter\View\View->CodeIgniter\View\{closure}()
 3 SYSTEMPATH\Common.php(1177): CodeIgniter\View\View->render('admin/ventas', [], true)
 4 APPPATH\Controllers\admin\AdminController.php(46): view('admin/ventas', [...])
 5 SYSTEMPATH\CodeIgniter.php(934): App\Controllers\admin\AdminController->ventas()
 6 SYSTEMPATH\CodeIgniter.php(499): CodeIgniter\CodeIgniter->runController(Object(App\Controllers\admin\AdminController))
 7 SYSTEMPATH\CodeIgniter.php(368): CodeIgniter\CodeIgniter->handleRequest(null, Object(Config\Cache), false)
 8 FCPATH\index.php(67): CodeIgniter\CodeIgniter->run()
ERROR - 2023-04-25 18:30:42 --> mysqli_sql_exception: Unknown column 'usuario' in 'where clause' in C:\xampp\htdocs\Codeigniter4\system\Database\MySQLi\Connection.php:295
Stack trace:
#0 C:\xampp\htdocs\Codeigniter4\system\Database\MySQLi\Connection.php(295): mysqli->query('SELECT SUM(`pre...', 0)
#1 C:\xampp\htdocs\Codeigniter4\system\Database\BaseConnection.php(691): CodeIgniter\Database\MySQLi\Connection->execute('SELECT SUM(`pre...')
#2 C:\xampp\htdocs\Codeigniter4\system\Database\BaseConnection.php(605): CodeIgniter\Database\BaseConnection->simpleQuery('SELECT SUM(`pre...')
#3 C:\xampp\htdocs\Codeigniter4\system\Database\BaseBuilder.php(1602): CodeIgniter\Database\BaseConnection->query('SELECT SUM(`pre...', Array, false)
#4 C:\xampp\htdocs\Codeigniter4\app\Models\usuario\Ordenes.php(25): CodeIgniter\Database\BaseBuilder->get()
#5 C:\xampp\htdocs\Codeigniter4\app\Controllers\admin\AdminController.php(41): App\Models\usuario\Ordenes->getProductsTotal('marti6673')
#6 C:\xampp\htdocs\Codeigniter4\system\CodeIgniter.php(934): App\Controllers\admin\AdminController->ventas()
#7 C:\xampp\htdocs\Codeigniter4\system\CodeIgniter.php(499): CodeIgniter\CodeIgniter->runController(Object(App\Controllers\admin\AdminController))
#8 C:\xampp\htdocs\Codeigniter4\system\CodeIgniter.php(368): CodeIgniter\CodeIgniter->handleRequest(NULL, Object(Config\Cache), false)
#9 C:\xampp\htdocs\Codeigniter4\index.php(67): CodeIgniter\CodeIgniter->run()
#10 {main}
CRITICAL - 2023-04-25 18:30:42 --> Unknown column 'usuario' in 'where clause'
in SYSTEMPATH\Database\BaseConnection.php on line 645.
 1 SYSTEMPATH\Database\BaseBuilder.php(1602): CodeIgniter\Database\BaseConnection->query('SELECT SUM(`precio`) AS `precio`
FROM `ordenesusuario`
WHERE `usuario` = :usuario:', [...], false)
 2 APPPATH\Models\usuario\Ordenes.php(25): CodeIgniter\Database\BaseBuilder->get()
 3 APPPATH\Controllers\admin\AdminController.php(41): App\Models\usuario\Ordenes->getProductsTotal('marti6673')
 4 SYSTEMPATH\CodeIgniter.php(934): App\Controllers\admin\AdminController->ventas()
 5 SYSTEMPATH\CodeIgniter.php(499): CodeIgniter\CodeIgniter->runController(Object(App\Controllers\admin\AdminController))
 6 SYSTEMPATH\CodeIgniter.php(368): CodeIgniter\CodeIgniter->handleRequest(null, Object(Config\Cache), false)
 7 FCPATH\index.php(67): CodeIgniter\CodeIgniter->run()
CRITICAL - 2023-04-25 18:35:32 --> Undefined variable $videojuegos
in APPPATH\Views\admin\ventas.php on line 71.
 1 APPPATH\Views\admin\ventas.php(71): CodeIgniter\Debug\Exceptions->errorHandler(2, 'Undefined variable $videojuegos', 'APPPATH\\Views\\admin\\ventas.php', 71)
 2 SYSTEMPATH\View\View.php(213): include('APPPATH\\Views\\admin\\ventas.php')
 3 SYSTEMPATH\View\View.php(216): CodeIgniter\View\View->CodeIgniter\View\{closure}()
 4 SYSTEMPATH\Common.php(1177): CodeIgniter\View\View->render('admin/ventas', [], true)
 5 APPPATH\Controllers\admin\AdminController.php(46): view('admin/ventas', [...])
 6 SYSTEMPATH\CodeIgniter.php(934): App\Controllers\admin\AdminController->ventas()
 7 SYSTEMPATH\CodeIgniter.php(499): CodeIgniter\CodeIgniter->runController(Object(App\Controllers\admin\AdminController))
 8 SYSTEMPATH\CodeIgniter.php(368): CodeIgniter\CodeIgniter->handleRequest(null, Object(Config\Cache), false)
 9 FCPATH\index.php(67): CodeIgniter\CodeIgniter->run()
ERROR - 2023-04-25 18:43:32 --> mysqli_sql_exception: Unknown column 'nombreVideojuego' in 'field list' in C:\xampp\htdocs\Codeigniter4\system\Database\MySQLi\Connection.php:295
Stack trace:
#0 C:\xampp\htdocs\Codeigniter4\system\Database\MySQLi\Connection.php(295): mysqli->query('SELECT nombreVi...', 0)
#1 C:\xampp\htdocs\Codeigniter4\system\Database\BaseConnection.php(691): CodeIgniter\Database\MySQLi\Connection->execute('SELECT nombreVi...')
#2 C:\xampp\htdocs\Codeigniter4\system\Database\BaseConnection.php(605): CodeIgniter\Database\BaseConnection->simpleQuery('SELECT nombreVi...')
#3 C:\xampp\htdocs\Codeigniter4\app\Models\usuario\Ordenes.php(17): CodeIgniter\Database\BaseConnection->query('SELECT nombreVi...')
#4 C:\xampp\htdocs\Codeigniter4\app\Controllers\admin\AdminController.php(39): App\Models\usuario\Ordenes->getProducts1(31)
#5 C:\xampp\htdocs\Codeigniter4\system\CodeIgniter.php(934): App\Controllers\admin\AdminController->ventas()
#6 C:\xampp\htdocs\Codeigniter4\system\CodeIgniter.php(499): CodeIgniter\CodeIgniter->runController(Object(App\Controllers\admin\AdminController))
#7 C:\xampp\htdocs\Codeigniter4\system\CodeIgniter.php(368): CodeIgniter\CodeIgniter->handleRequest(NULL, Object(Config\Cache), false)
#8 C:\xampp\htdocs\Codeigniter4\index.php(67): CodeIgniter\CodeIgniter->run()
#9 {main}
CRITICAL - 2023-04-25 18:43:32 --> Unknown column 'nombreVideojuego' in 'field list'
in SYSTEMPATH\Database\BaseConnection.php on line 645.
 1 APPPATH\Models\usuario\Ordenes.php(17): CodeIgniter\Database\BaseConnection->query('SELECT nombreVideojuego,consola,precio FROM ordenesusuario WHERE idOrden = \'31\'')
 2 APPPATH\Controllers\admin\AdminController.php(39): App\Models\usuario\Ordenes->getProducts1(31)
 3 SYSTEMPATH\CodeIgniter.php(934): App\Controllers\admin\AdminController->ventas()
 4 SYSTEMPATH\CodeIgniter.php(499): CodeIgniter\CodeIgniter->runController(Object(App\Controllers\admin\AdminController))
 5 SYSTEMPATH\CodeIgniter.php(368): CodeIgniter\CodeIgniter->handleRequest(null, Object(Config\Cache), false)
 6 FCPATH\index.php(67): CodeIgniter\CodeIgniter->run()
CRITICAL - 2023-04-25 19:27:01 --> Call to a member function find() on array
in APPPATH\Controllers\usuario\ShoppingCarController.php on line 202.
 1 SYSTEMPATH\CodeIgniter.php(934): App\Controllers\usuario\ShoppingCarController->comprar()
 2 SYSTEMPATH\CodeIgniter.php(499): CodeIgniter\CodeIgniter->runController(Object(App\Controllers\usuario\ShoppingCarController))
 3 SYSTEMPATH\CodeIgniter.php(368): CodeIgniter\CodeIgniter->handleRequest(null, Object(Config\Cache), false)
 4 FCPATH\index.php(67): CodeIgniter\CodeIgniter->run()
